SF:lib\state\app_state.dart
DA:9,10
DA:10,4
DA:11,4
DA:12,2
DA:14,5
DA:15,10
DA:16,3
DA:17,3
DA:20,2
DA:21,2
DA:22,2
DA:25,2
DA:27,2
DA:30,2
DA:31,1
DA:33,1
DA:34,1
DA:37,2
DA:38,2
DA:41,1
DA:42,1
DA:43,1
DA:44,1
DA:47,1
DA:49,1
DA:50,1
DA:51,1
DA:55,1
DA:56,1
DA:57,3
DA:59,1
DA:60,1
DA:61,1
DA:65,1
DA:66,1
LF:35
LH:35
end_of_record
SF:lib\view_types.dart
DA:21,0
DA:23,0
DA:25,0
DA:27,0
DA:29,0
DA:31,0
DA:33,0
DA:39,1
DA:41,1
DA:43,1
DA:45,1
DA:47,1
DA:49,1
DA:51,0
LF:14
LH:6
end_of_record
SF:lib\screens\forgot_password_screen.dart
DA:9,1
DA:11,1
DA:12,1
DA:21,1
DA:23,2
DA:24,1
DA:27,1
DA:28,3
DA:29,3
DA:30,1
DA:31,2
DA:32,1
DA:33,1
DA:37,1
DA:38,2
DA:39,1
DA:40,2
DA:44,1
DA:46,2
DA:47,2
DA:49,1
DA:50,1
DA:51,1
DA:52,1
DA:54,1
DA:55,2
DA:56,1
DA:58,1
DA:61,1
DA:62,1
DA:65,1
DA:69,3
DA:73,1
DA:80,1
DA:82,1
DA:83,1
DA:84,2
DA:85,1
DA:88,1
DA:90,1
DA:91,1
DA:92,1
DA:93,2
DA:98,1
DA:99,1
DA:100,1
DA:101,1
DA:102,1
DA:103,1
DA:107,2
DA:111,1
DA:112,0
DA:113,1
DA:126,1
DA:127,1
DA:128,1
DA:130,1
DA:132,1
DA:133,2
DA:134,1
DA:136,1
DA:137,1
DA:138,1
DA:141,1
DA:142,1
DA:145,1
DA:152,2
DA:153,1
DA:154,1
DA:155,1
DA:156,1
DA:158,1
DA:159,1
DA:160,1
DA:166,1
DA:167,1
DA:168,1
DA:174,1
DA:175,3
DA:176,1
LF:80
LH:79
end_of_record
SF:lib\styles\styles.dart
DA:5,2
DA:6,4
DA:7,6
DA:8,6
DA:9,4
DA:10,4
DA:11,0
DA:12,4
DA:13,2
DA:14,2
DA:15,4
DA:16,6
DA:17,0
DA:18,2
DA:19,2
DA:20,2
DA:21,2
DA:22,2
DA:26,12
DA:27,4
DA:28,8
DA:31,6
DA:32,3
DA:33,3
DA:34,3
DA:35,3
DA:37,3
DA:38,3
LF:28
LH:26
end_of_record
SF:lib\widgets\app_clickable_text.dart
DA:4,4
DA:27,4
DA:29,4
DA:30,4
DA:31,4
DA:32,4
DA:33,4
DA:34,4
DA:35,6
DA:36,11
DA:38,4
DA:39,4
DA:40,4
DA:43,12
DA:44,13
DA:45,13
LF:16
LH:16
end_of_record
SF:lib\widgets\app_icon.dart
DA:5,3
DA:12,3
DA:14,3
DA:16,6
DA:17,12
LF:5
LH:5
end_of_record
SF:lib\widgets\app_text_form_field.dart
DA:4,3
DA:23,3
DA:25,3
DA:26,3
DA:27,3
DA:28,3
DA:29,3
DA:31,3
DA:32,9
DA:33,3
DA:36,3
DA:37,3
DA:41,3
DA:42,3
DA:43,3
LF:15
LH:15
end_of_record
SF:lib\widgets\app_title_and_subtitle.dart
DA:4,3
DA:15,3
DA:17,3
DA:18,3
DA:19,3
DA:20,3
DA:22,6
DA:27,3
DA:28,3
DA:30,6
LF:10
LH:10
end_of_record
SF:lib\widgets\confirmation_button.dart
DA:4,4
DA:19,4
DA:20,4
DA:24,4
DA:26,4
DA:27,4
DA:28,4
DA:29,4
DA:30,4
DA:33,8
DA:35,3
DA:37,16
DA:38,4
DA:40,26
LF:14
LH:14
end_of_record
SF:lib\widgets\home_card.dart
DA:5,1
DA:26,1
DA:28,1
DA:29,1
DA:30,1
DA:31,1
DA:34,1
DA:35,1
DA:36,1
DA:38,1
DA:39,1
DA:41,1
DA:42,3
DA:43,3
DA:46,2
DA:48,4
DA:54,1
DA:57,1
DA:58,3
DA:59,3
DA:72,1
DA:74,1
DA:76,1
DA:78,1
DA:79,4
DA:80,2
LF:26
LH:26
end_of_record
SF:lib\widgets\quick_stats.dart
DA:4,1
DA:22,1
DA:24,1
DA:25,1
DA:26,1
DA:27,4
DA:29,1
DA:30,5
DA:40,1
DA:42,1
DA:44,1
DA:45,1
DA:46,1
DA:47,2
DA:49,1
DA:51,1
DA:53,1
DA:54,4
DA:55,2
LF:19
LH:19
end_of_record
SF:lib\widgets\user_type_widget.dart
DA:4,1
DA:17,1
DA:18,1
DA:25,1
DA:27,2
DA:28,2
DA:30,1
DA:31,1
DA:32,2
DA:36,1
DA:40,1
DA:41,4
DA:42,1
DA:43,4
DA:46,1
DA:48,1
DA:49,1
DA:50,1
DA:52,1
DA:53,1
DA:54,2
DA:55,4
DA:58,1
DA:59,1
DA:60,2
DA:61,2
DA:62,4
LF:27
LH:27
end_of_record
SF:lib\screens\login_screen.dart
DA:9,1
DA:11,1
DA:12,1
DA:22,1
DA:24,2
DA:25,2
DA:26,1
DA:29,1
DA:30,3
DA:31,2
DA:32,1
DA:33,2
DA:34,2
DA:35,1
DA:39,1
DA:41,1
DA:42,2
DA:43,2
DA:45,1
DA:46,1
DA:47,1
DA:48,1
DA:50,1
DA:52,1
DA:53,2
DA:54,1
DA:56,1
DA:57,1
DA:58,1
DA:61,1
DA:62,1
DA:65,1
DA:72,2
DA:75,1
DA:78,1
DA:79,1
DA:80,1
DA:81,0
DA:82,0
DA:83,0
DA:86,2
DA:87,1
DA:91,1
DA:92,1
DA:93,1
DA:94,2
DA:95,1
DA:98,2
DA:99,1
DA:107,2
DA:108,1
DA:109,1
DA:110,1
DA:111,1
DA:113,1
DA:114,1
DA:115,1
DA:121,2
DA:122,1
DA:123,1
DA:124,1
DA:126,1
DA:127,1
DA:128,3
DA:129,0
DA:131,1
DA:132,1
DA:133,1
DA:134,2
DA:141,1
DA:142,1
DA:143,1
DA:150,1
DA:151,3
DA:157,3
DA:159,1
DA:160,3
DA:163,1
LF:78
LH:74
end_of_record
SF:lib\screens\placeholders.dart
DA:11,1
DA:13,1
DA:14,1
DA:21,4
DA:23,1
DA:25,1
DA:27,1
DA:28,1
DA:29,1
DA:30,1
DA:32,1
DA:33,3
DA:34,1
DA:35,1
DA:36,1
DA:37,10
DA:41,6
DA:51,1
DA:53,1
DA:57,1
DA:61,1
DA:65,1
DA:69,1
DA:71,1
DA:72,1
DA:74,1
DA:75,1
DA:76,4
DA:79,1
DA:81,1
DA:83,1
DA:87,1
DA:88,1
DA:90,1
DA:91,1
DA:93,1
DA:97,1
DA:98,1
DA:100,4
DA:102,1
DA:108,1
DA:109,1
DA:110,1
DA:111,1
DA:115,3
DA:118,1
DA:119,1
DA:120,1
DA:124,0
DA:127,1
DA:128,1
DA:129,1
DA:133,0
DA:136,1
DA:137,1
DA:138,1
DA:142,0
DA:155,1
DA:157,1
DA:158,1
DA:167,4
DA:169,1
DA:171,1
DA:173,1
DA:174,1
DA:175,1
DA:176,1
DA:178,1
DA:181,1
DA:187,1
DA:188,1
DA:189,1
DA:190,2
DA:191,1
DA:192,0
DA:193,1
DA:194,5
DA:202,1
DA:204,1
DA:208,1
DA:212,1
DA:216,1
DA:220,1
DA:222,1
DA:224,1
DA:225,1
DA:227,1
DA:228,1
DA:229,4
DA:232,1
DA:234,1
DA:236,1
DA:240,1
DA:241,1
DA:244,1
DA:246,1
DA:253,1
DA:254,1
DA:256,4
DA:258,1
DA:264,1
DA:265,1
DA:266,1
DA:267,1
DA:270,1
DA:271,3
DA:273,1
DA:274,1
DA:275,1
DA:279,0
DA:293,1
DA:295,1
DA:297,2
DA:299,1
DA:300,1
DA:301,1
DA:302,1
DA:303,1
DA:304,1
DA:305,1
DA:306,0
DA:307,1
DA:310,2
DA:312,1
DA:314,1
DA:315,1
DA:318,2
DA:319,3
DA:323,3
DA:324,3
DA:327,1
DA:329,1
DA:331,1
DA:333,1
DA:334,2
DA:335,2
DA:338,1
DA:341,1
DA:343,3
DA:359,1
DA:377,1
DA:379,2
DA:381,1
DA:382,1
DA:383,1
DA:384,1
DA:386,1
DA:389,1
DA:390,1
DA:393,2
DA:394,2
DA:398,4
DA:401,1
DA:402,1
DA:403,1
DA:405,2
DA:412,1
DA:414,3
DA:415,4
DA:428,0
DA:430,0
DA:432,0
DA:434,0
DA:435,0
DA:436,0
DA:437,0
DA:438,0
DA:442,0
DA:443,0
DA:444,0
DA:453,2
DA:455,1
DA:457,1
DA:458,1
DA:459,1
DA:461,1
DA:463,1
DA:464,4
DA:467,1
DA:469,1
DA:470,1
DA:471,1
DA:475,1
DA:480,1
DA:482,1
DA:483,1
DA:484,1
DA:493,1
DA:495,1
DA:497,1
DA:510,1
DA:521,1
DA:522,1
DA:523,2
DA:524,1
DA:527,1
DA:528,1
DA:529,1
DA:532,1
DA:533,1
DA:536,1
DA:537,1
DA:539,1
DA:540,1
DA:541,1
DA:545,1
DA:547,2
DA:548,2
DA:567,0
DA:569,0
DA:570,0
DA:624,0
DA:625,0
DA:626,0
DA:627,0
DA:628,0
DA:629,0
DA:631,0
DA:634,0
DA:636,0
DA:637,0
DA:638,0
DA:639,0
DA:640,0
DA:641,0
DA:642,0
DA:643,0
DA:644,0
DA:647,0
DA:648,0
DA:649,0
DA:650,0
DA:652,0
DA:653,0
DA:656,0
DA:657,0
DA:661,0
DA:662,0
DA:663,0
DA:665,0
DA:666,0
DA:670,0
DA:671,0
DA:672,0
DA:673,0
DA:675,0
DA:676,0
DA:677,0
DA:678,0
DA:679,0
DA:680,0
DA:681,0
DA:682,0
DA:683,0
DA:684,0
DA:685,0
DA:686,0
DA:687,0
DA:689,0
DA:690,0
DA:691,0
DA:692,0
DA:693,0
DA:694,0
DA:695,0
DA:696,0
DA:697,0
DA:698,0
DA:702,0
DA:704,0
DA:706,0
DA:707,0
DA:708,0
DA:709,0
DA:710,0
DA:711,0
DA:712,0
DA:717,0
DA:718,0
DA:719,0
DA:726,0
DA:727,0
DA:728,0
DA:729,0
DA:730,0
DA:731,0
DA:739,0
DA:740,0
DA:741,0
DA:742,0
DA:744,0
DA:745,0
DA:746,0
DA:748,0
DA:749,0
DA:751,0
DA:752,0
DA:753,0
DA:754,0
DA:755,0
DA:756,0
DA:758,0
DA:761,0
DA:762,0
DA:763,0
DA:764,0
DA:767,0
DA:768,0
DA:772,0
DA:773,0
DA:774,0
DA:777,0
DA:778,0
DA:783,0
DA:784,0
DA:786,0
DA:789,0
DA:790,0
DA:793,0
DA:796,0
DA:797,0
DA:802,0
DA:803,0
DA:804,0
DA:816,0
DA:817,0
DA:818,0
DA:819,0
DA:820,0
DA:821,0
DA:822,0
DA:823,0
DA:825,0
DA:829,0
DA:830,0
DA:831,0
DA:833,0
DA:838,0
DA:839,0
DA:840,0
DA:841,0
DA:843,0
DA:853,0
DA:854,0
DA:855,0
DA:856,0
DA:857,0
DA:858,0
DA:859,0
DA:861,0
DA:863,0
DA:864,0
DA:866,0
DA:867,0
DA:868,0
DA:872,0
DA:875,0
DA:879,0
DA:882,0
DA:885,0
DA:888,0
DA:893,0
DA:894,0
DA:896,0
DA:902,0
DA:905,0
DA:906,0
DA:908,0
DA:909,0
DA:910,0
DA:912,0
DA:914,0
DA:928,0
DA:929,0
DA:931,0
DA:932,0
DA:946,0
DA:961,0
DA:963,0
DA:964,0
DA:1039,0
DA:1040,0
DA:1041,0
DA:1042,0
DA:1043,0
DA:1044,0
DA:1046,0
DA:1049,0
DA:1051,0
DA:1052,0
DA:1053,0
DA:1054,0
DA:1055,0
DA:1058,0
DA:1060,0
DA:1061,0
DA:1062,0
DA:1067,0
DA:1068,0
DA:1069,0
DA:1070,0
DA:1072,0
DA:1077,0
DA:1078,0
DA:1079,0
DA:1080,0
DA:1082,0
DA:1083,0
DA:1086,0
DA:1087,0
DA:1091,0
DA:1092,0
DA:1095,0
DA:1096,0
DA:1098,0
DA:1099,0
DA:1100,0
DA:1101,0
DA:1103,0
DA:1104,0
DA:1105,0
DA:1106,0
DA:1107,0
DA:1108,0
DA:1111,0
DA:1112,0
DA:1115,0
DA:1116,0
DA:1117,0
DA:1118,0
DA:1119,0
DA:1123,0
DA:1125,0
DA:1127,0
DA:1128,0
DA:1129,0
DA:1130,0
DA:1131,0
DA:1132,0
DA:1133,0
DA:1138,0
DA:1139,0
DA:1140,0
DA:1147,0
DA:1148,0
DA:1149,0
DA:1150,0
DA:1151,0
DA:1152,0
DA:1160,0
DA:1161,0
DA:1162,0
DA:1163,0
DA:1165,0
DA:1167,0
DA:1168,0
DA:1170,0
DA:1171,0
DA:1172,0
DA:1173,0
DA:1174,0
DA:1175,0
DA:1177,0
DA:1181,0
DA:1182,0
DA:1183,0
DA:1186,0
DA:1191,0
DA:1193,0
DA:1195,0
DA:1196,0
DA:1197,0
DA:1199,0
DA:1201,0
DA:1202,0
DA:1203,0
DA:1204,0
DA:1205,0
DA:1206,0
DA:1208,0
DA:1209,0
DA:1210,0
DA:1211,0
DA:1213,0
DA:1214,0
DA:1216,0
DA:1220,0
DA:1222,0
DA:1223,0
DA:1226,0
DA:1236,0
DA:1237,0
DA:1238,0
DA:1239,0
DA:1241,0
DA:1243,0
DA:1245,0
DA:1250,0
DA:1251,0
DA:1252,0
DA:1253,0
DA:1264,0
DA:1265,0
DA:1266,0
DA:1267,0
DA:1268,0
DA:1269,0
DA:1270,0
DA:1271,0
DA:1273,0
DA:1277,0
DA:1278,0
DA:1279,0
DA:1281,0
DA:1286,0
DA:1287,0
DA:1288,0
DA:1289,0
DA:1291,0
DA:1301,0
DA:1302,0
DA:1303,0
DA:1304,0
DA:1305,0
DA:1306,0
DA:1307,0
DA:1309,0
DA:1311,0
DA:1312,0
DA:1314,0
DA:1315,0
DA:1316,0
DA:1317,0
DA:1319,0
DA:1323,0
DA:1325,0
DA:1326,0
DA:1329,0
DA:1331,0
DA:1334,0
DA:1339,0
DA:1341,0
DA:1342,0
DA:1343,0
DA:1346,0
DA:1347,0
DA:1349,0
DA:1351,0
DA:1365,0
DA:1369,0
DA:1371,0
DA:1373,0
DA:1375,0
DA:1377,0
DA:1382,0
DA:1384,0
DA:1385,0
DA:1396,1
DA:1404,1
DA:1415,1
DA:1421,1
DA:1423,1
DA:1424,1
DA:1430,0
DA:1432,0
DA:1433,0
DA:1493,0
DA:1494,0
DA:1495,0
DA:1496,0
DA:1497,0
DA:1498,0
DA:1499,0
DA:1501,0
DA:1504,0
DA:1506,0
DA:1507,0
DA:1508,0
DA:1511,0
DA:1513,0
DA:1514,0
DA:1516,0
DA:1517,0
DA:1518,0
DA:1519,0
DA:1520,0
DA:1521,0
DA:1522,0
DA:1527,0
DA:1528,0
DA:1529,0
DA:1530,0
DA:1532,0
DA:1536,0
DA:1537,0
DA:1538,0
DA:1540,0
DA:1545,0
DA:1546,0
DA:1547,0
DA:1548,0
DA:1550,0
DA:1560,0
DA:1561,0
DA:1562,0
DA:1563,0
DA:1564,0
DA:1565,0
DA:1566,0
DA:1568,0
DA:1570,0
DA:1571,0
DA:1573,0
DA:1574,0
DA:1575,0
DA:1576,0
DA:1578,0
DA:1582,0
DA:1584,0
DA:1585,0
DA:1588,0
DA:1590,0
DA:1593,0
DA:1595,0
DA:1598,0
DA:1603,0
DA:1609,0
DA:1612,0
DA:1613,0
DA:1614,0
DA:1615,0
DA:1617,0
DA:1618,0
DA:1620,0
DA:1621,0
DA:1623,0
DA:1627,0
DA:1640,0
DA:1642,0
DA:1644,0
DA:1646,0
DA:1648,0
DA:1655,0
DA:1657,0
DA:1659,0
DA:1661,0
DA:1663,0
DA:1670,0
DA:1675,0
DA:1677,0
DA:1679,0
DA:1681,0
DA:1686,0
DA:1687,0
DA:1689,0
DA:1690,0
DA:1703,0
DA:1718,2
DA:1723,2
DA:1774,1
DA:1775,3
DA:1776,3
DA:1777,3
DA:1778,1
DA:1780,1
DA:1783,1
DA:1785,2
DA:1786,2
DA:1787,2
DA:1788,1
DA:1791,0
DA:1793,0
DA:1794,0
DA:1795,0
DA:1800,0
DA:1801,0
DA:1802,0
DA:1803,0
DA:1805,0
DA:1810,0
DA:1811,0
DA:1812,0
DA:1813,0
DA:1815,0
DA:1816,0
DA:1819,0
DA:1820,0
DA:1824,0
DA:1825,0
DA:1828,0
DA:1829,0
DA:1831,0
DA:1832,0
DA:1833,0
DA:1834,0
DA:1836,0
DA:1837,0
DA:1838,0
DA:1839,0
DA:1840,0
DA:1841,0
DA:1844,0
DA:1845,0
DA:1848,0
DA:1849,0
DA:1850,0
DA:1851,0
DA:1855,1
DA:1857,1
DA:1859,1
DA:1860,1
DA:1861,1
DA:1862,3
DA:1863,2
DA:1864,5
DA:1865,4
DA:1870,1
DA:1871,1
DA:1872,3
DA:1879,1
DA:1880,1
DA:1881,1
DA:1882,1
DA:1883,1
DA:1884,1
DA:1892,1
DA:1893,1
DA:1894,1
DA:1895,1
DA:1897,1
DA:1899,1
DA:1900,4
DA:1903,4
DA:1906,1
DA:1908,1
DA:1909,2
DA:1910,1
DA:1912,1
DA:1914,2
DA:1915,1
DA:1916,1
DA:1917,2
DA:1918,3
DA:1919,1
DA:1921,1
DA:1922,1
DA:1923,1
DA:1924,1
DA:1926,1
DA:1927,2
DA:1929,5
DA:1933,1
DA:1935,1
DA:1936,1
DA:1939,0
DA:1950,2
DA:1951,0
DA:1952,0
DA:1953,0
DA:1955,0
DA:1957,0
DA:1959,0
DA:1964,1
DA:1966,1
DA:1967,1
DA:1968,2
DA:1969,1
DA:1980,1
DA:1981,1
DA:1982,1
DA:1983,1
DA:1984,2
DA:1985,1
DA:1986,1
DA:1987,1
DA:1989,0
DA:1994,1
DA:1995,1
DA:1996,0
DA:1997,0
DA:1999,0
DA:2009,1
DA:2010,1
DA:2011,0
DA:2012,0
DA:2013,0
DA:2014,0
DA:2015,0
DA:2017,0
DA:2019,0
DA:2020,0
DA:2022,0
DA:2023,0
DA:2024,0
DA:2025,0
DA:2027,0
DA:2031,0
DA:2033,0
DA:2034,0
DA:2037,0
DA:2039,0
DA:2042,0
DA:2047,0
DA:2049,0
DA:2050,0
DA:2051,0
DA:2054,0
DA:2055,0
DA:2057,0
DA:2059,0
DA:2073,0
DA:2077,0
DA:2079,0
DA:2081,0
DA:2083,0
DA:2085,0
DA:2090,0
DA:2092,0
DA:2093,0
DA:2099,0
DA:2100,0
DA:2102,0
DA:2106,0
DA:2107,0
DA:2108,0
DA:2109,0
DA:2110,0
DA:2111,0
DA:2112,0
DA:2113,0
DA:2115,0
DA:2118,0
DA:2119,0
LF:833
LH:275
end_of_record
SF:lib\screens\register_screen.dart
DA:9,1
DA:11,1
DA:12,1
DA:30,1
DA:32,2
DA:33,2
DA:34,2
DA:35,2
DA:36,2
DA:37,2
DA:38,2
DA:39,2
DA:40,1
DA:43,1
DA:44,3
DA:48,1
DA:49,1
DA:51,1
DA:52,1
DA:53,1
DA:57,1
DA:58,1
DA:60,2
DA:64,1
DA:65,1
DA:67,3
DA:71,1
DA:72,3
DA:73,3
DA:74,1
DA:75,3
DA:76,6
DA:79,1
DA:81,2
DA:82,2
DA:84,1
DA:85,1
DA:86,1
DA:87,1
DA:89,1
DA:91,1
DA:92,2
DA:93,1
DA:95,1
DA:96,1
DA:98,1
DA:101,1
DA:102,1
DA:105,1
DA:112,2
DA:113,1
DA:114,1
DA:115,1
DA:116,1
DA:118,2
DA:122,2
DA:123,1
DA:124,1
DA:125,1
DA:126,1
DA:128,2
DA:132,2
DA:133,1
DA:134,1
DA:135,1
DA:136,1
DA:139,1
DA:143,2
DA:144,1
DA:145,1
DA:146,1
DA:147,1
DA:150,2
DA:154,2
DA:155,1
DA:156,1
DA:157,1
DA:158,1
DA:160,2
DA:164,2
DA:165,1
DA:166,1
DA:167,1
DA:169,2
DA:173,2
DA:174,1
DA:175,1
DA:176,1
DA:178,1
DA:179,1
DA:180,3
DA:181,0
DA:183,1
DA:184,1
DA:188,2
DA:189,1
DA:190,1
DA:191,1
DA:193,1
DA:194,1
DA:195,3
DA:196,0
DA:198,1
DA:199,1
DA:203,1
DA:204,1
DA:205,1
DA:211,1
DA:212,3
LF:109
LH:107
end_of_record
SF:lib\screens\vendor_clients_screen.dart
DA:10,1
DA:23,1
DA:38,1
DA:40,1
DA:41,1
DA:48,2
DA:49,1
DA:58,1
DA:59,2
DA:60,2
DA:63,1
DA:72,1
DA:73,2
DA:76,1
DA:85,1
DA:86,2
DA:87,2
DA:90,1
DA:99,1
DA:100,2
DA:101,2
DA:106,1
DA:107,3
DA:108,2
DA:109,0
DA:110,0
DA:111,0
DA:114,1
DA:116,2
DA:118,1
DA:119,0
DA:120,0
DA:122,0
DA:123,0
DA:124,0
DA:125,0
DA:126,0
DA:127,0
DA:134,0
DA:135,0
DA:136,0
DA:137,0
DA:138,0
DA:139,0
DA:141,0
DA:143,0
DA:144,0
DA:146,0
DA:147,0
DA:148,0
DA:154,0
DA:155,0
DA:157,0
DA:160,0
DA:161,0
DA:163,0
DA:164,0
DA:166,0
DA:179,1
DA:181,1
DA:182,1
DA:183,1
DA:184,5
DA:185,2
DA:186,3
DA:187,5
DA:193,1
DA:198,0
DA:202,2
DA:203,1
DA:204,1
DA:206,6
DA:212,1
DA:213,1
DA:215,6
DA:222,1
DA:223,2
DA:224,0
DA:225,0
DA:227,0
DA:237,1
DA:238,2
DA:239,1
DA:240,1
DA:241,2
DA:242,1
DA:243,1
DA:244,2
DA:245,1
DA:247,1
DA:249,2
DA:252,3
DA:255,1
DA:257,1
DA:258,3
DA:259,3
DA:264,1
DA:266,1
DA:267,2
DA:268,4
DA:269,1
DA:272,0
DA:282,0
DA:283,0
DA:285,0
DA:286,0
DA:287,0
DA:289,0
DA:290,0
DA:292,0
DA:301,0
DA:302,0
DA:305,0
DA:306,0
DA:307,0
DA:309,0
DA:310,0
DA:312,0
DA:313,0
DA:314,0
DA:318,0
DA:320,0
DA:322,0
DA:327,0
DA:331,0
DA:333,0
DA:335,0
DA:337,0
DA:342,0
DA:344,0
DA:345,0
DA:354,1
DA:356,1
DA:358,1
DA:361,3
DA:362,4
DA:371,1
DA:373,1
DA:375,1
DA:376,1
DA:377,1
DA:378,2
DA:380,1
DA:382,1
DA:384,1
DA:385,4
DA:386,2
LF:147
LH:82
end_of_record
