<?xml version="1.0" encoding="UTF-8"?>
<coverage generated="1760837342668" clover="3.2.0">
  <project timestamp="1760837342668" name="All files">
    <metrics statements="103" coveredstatements="94" conditionals="50" coveredconditionals="41" methods="33" coveredmethods="27" elements="186" coveredelements="162" complexity="0" loc="103" ncloc="103" packages="2" files="4" classes="4"/>
    <package name="components">
      <metrics statements="95" coveredstatements="86" conditionals="46" coveredconditionals="37" methods="31" coveredmethods="25"/>
      <file name="ForgotPasswordForm.tsx" path="C:\Users\inger\OneDrive\Documentos\maestria\Semana 6\REPO\proyecto-desde-cero\proyecto-1\MediSupply Web\src\components\ForgotPasswordForm.tsx">
        <metrics statements="24" coveredstatements="22" conditionals="4" coveredconditionals="4" methods="5" coveredmethods="4"/>
        <line num="1" count="1" type="stmt"/>
        <line num="2" count="1" type="stmt"/>
        <line num="3" count="1" type="stmt"/>
        <line num="4" count="1" type="stmt"/>
        <line num="5" count="1" type="stmt"/>
        <line num="6" count="1" type="stmt"/>
        <line num="12" count="1" type="stmt"/>
        <line num="13" count="5" type="stmt"/>
        <line num="14" count="5" type="stmt"/>
        <line num="15" count="5" type="stmt"/>
        <line num="17" count="5" type="stmt"/>
        <line num="18" count="1" type="stmt"/>
        <line num="19" count="1" type="stmt"/>
        <line num="22" count="1" type="stmt"/>
        <line num="23" count="1" type="stmt"/>
        <line num="24" count="1" type="stmt"/>
        <line num="25" count="1" type="stmt"/>
        <line num="29" count="5" type="stmt"/>
        <line num="30" count="0" type="stmt"/>
        <line num="31" count="0" type="stmt"/>
        <line num="34" count="5" type="cond" truecount="2" falsecount="0"/>
        <line num="35" count="1" type="stmt"/>
        <line num="78" count="4" type="stmt"/>
        <line num="102" count="1" type="stmt"/>
      </file>
      <file name="InventarioView.tsx" path="C:\Users\inger\OneDrive\Documentos\maestria\Semana 6\REPO\proyecto-desde-cero\proyecto-1\MediSupply Web\src\components\InventarioView.tsx">
        <metrics statements="49" coveredstatements="42" conditionals="36" coveredconditionals="27" methods="20" coveredmethods="15"/>
        <line num="1" count="1" type="stmt"/>
        <line num="2" count="1" type="stmt"/>
        <line num="3" count="1" type="stmt"/>
        <line num="4" count="1" type="stmt"/>
        <line num="5" count="1" type="stmt"/>
        <line num="6" count="1" type="stmt"/>
        <line num="7" count="1" type="stmt"/>
        <line num="45" count="1" type="stmt"/>
        <line num="46" count="7" type="stmt"/>
        <line num="165" count="6" type="stmt"/>
        <line num="166" count="6" type="stmt"/>
        <line num="167" count="6" type="stmt"/>
        <line num="170" count="6" type="stmt"/>
        <line num="171" count="6" type="cond" truecount="2" falsecount="0"/>
        <line num="172" count="2" type="stmt"/>
        <line num="173" count="10" type="cond" truecount="4" falsecount="0"/>
        <line num="181" count="6" type="stmt"/>
        <line num="182" count="6" type="stmt"/>
        <line num="188" count="6" type="stmt"/>
        <line num="189" count="21" type="cond" truecount="3" falsecount="1"/>
        <line num="191" count="9" type="stmt"/>
        <line num="193" count="8" type="stmt"/>
        <line num="195" count="4" type="stmt"/>
        <line num="197" count="0" type="stmt"/>
        <line num="201" count="6" type="stmt"/>
        <line num="202" count="42" type="cond" truecount="3" falsecount="1"/>
        <line num="204" count="18" type="stmt"/>
        <line num="206" count="16" type="stmt"/>
        <line num="208" count="8" type="stmt"/>
        <line num="210" count="0" type="stmt"/>
        <line num="214" count="6" type="stmt"/>
        <line num="215" count="21" type="stmt"/>
        <line num="220" count="21" type="cond" truecount="1" falsecount="1"/>
        <line num="224" count="6" type="stmt"/>
        <line num="226" count="30" type="stmt"/>
        <line num="227" count="30" type="stmt"/>
        <line num="228" count="30" type="stmt"/>
        <line num="229" count="30" type="stmt"/>
        <line num="230" count="36" type="stmt"/>
        <line num="233" count="6" type="stmt"/>
        <line num="323" count="2" type="stmt"/>
        <line num="324" count="2" type="stmt"/>
        <line num="347" count="21" type="stmt"/>
        <line num="489" count="26" type="stmt"/>
        <line num="551" count="0" type="stmt"/>
        <line num="559" count="0" type="stmt"/>
        <line num="560" count="0" type="stmt"/>
        <line num="564" count="0" type="stmt"/>
        <line num="575" count="0" type="stmt"/>
      </file>
      <file name="LoginForm.tsx" path="C:\Users\inger\OneDrive\Documentos\maestria\Semana 6\REPO\proyecto-desde-cero\proyecto-1\MediSupply Web\src\components\LoginForm.tsx">
        <metrics statements="22" coveredstatements="22" conditionals="6" coveredconditionals="6" methods="6" coveredmethods="6"/>
        <line num="1" count="1" type="stmt"/>
        <line num="2" count="1" type="stmt"/>
        <line num="3" count="1" type="stmt"/>
        <line num="4" count="1" type="stmt"/>
        <line num="5" count="1" type="stmt"/>
        <line num="6" count="1" type="stmt"/>
        <line num="17" count="1" type="stmt"/>
        <line num="18" count="13" type="stmt"/>
        <line num="19" count="13" type="stmt"/>
        <line num="20" count="13" type="stmt"/>
        <line num="21" count="13" type="stmt"/>
        <line num="23" count="13" type="stmt"/>
        <line num="24" count="2" type="stmt"/>
        <line num="25" count="2" type="stmt"/>
        <line num="28" count="2" type="stmt"/>
        <line num="29" count="2" type="stmt"/>
        <line num="30" count="2" type="stmt"/>
        <line num="31" count="2" type="stmt"/>
        <line num="35" count="13" type="stmt"/>
        <line num="59" count="2" type="stmt"/>
        <line num="75" count="2" type="stmt"/>
        <line num="81" count="1" type="stmt"/>
      </file>
    </package>
    <package name="components.figma">
      <metrics statements="8" coveredstatements="8" conditionals="4" coveredconditionals="4" methods="2" coveredmethods="2"/>
      <file name="ImageWithFallback.tsx" path="C:\Users\inger\OneDrive\Documentos\maestria\Semana 6\REPO\proyecto-desde-cero\proyecto-1\MediSupply Web\src\components\figma\ImageWithFallback.tsx">
        <metrics statements="8" coveredstatements="8" conditionals="4" coveredconditionals="4" methods="2" coveredmethods="2"/>
        <line num="1" count="1" type="stmt"/>
        <line num="4" count="1" type="stmt"/>
        <line num="6" count="1" type="stmt"/>
        <line num="7" count="3" type="stmt"/>
        <line num="9" count="3" type="stmt"/>
        <line num="10" count="1" type="stmt"/>
        <line num="13" count="3" type="stmt"/>
        <line num="15" count="3" type="cond" truecount="2" falsecount="0"/>
      </file>
    </package>
  </project>
</coverage>
