<?xml version="1.0" encoding="UTF-8"?>
<coverage generated="1761201593429" clover="3.2.0">
  <project timestamp="1761201593429" name="All files">
    <metrics statements="115" coveredstatements="106" conditionals="56" coveredconditionals="46" methods="32" coveredmethods="26" elements="203" coveredelements="178" complexity="0" loc="115" ncloc="115" packages="2" files="4" classes="4"/>
    <package name="components">
      <metrics statements="107" coveredstatements="98" conditionals="52" coveredconditionals="42" methods="30" coveredmethods="24"/>
      <file name="ForgotPasswordForm.tsx" path="D:\backup_documentos\MISO\2025\ProyectoIntegrador 2\back\proyecto-1\MediSupply Web\src\components\ForgotPasswordForm.tsx">
        <metrics statements="24" coveredstatements="22" conditionals="4" coveredconditionals="4" methods="5" coveredmethods="4"/>
        <line num="1" count="1" type="stmt"/>
        <line num="2" count="1" type="stmt"/>
        <line num="3" count="1" type="stmt"/>
        <line num="4" count="1" type="stmt"/>
        <line num="5" count="1" type="stmt"/>
        <line num="6" count="1" type="stmt"/>
        <line num="12" count="1" type="stmt"/>
        <line num="13" count="5" type="stmt"/>
        <line num="14" count="5" type="stmt"/>
        <line num="15" count="5" type="stmt"/>
        <line num="17" count="5" type="stmt"/>
        <line num="18" count="1" type="stmt"/>
        <line num="19" count="1" type="stmt"/>
        <line num="22" count="1" type="stmt"/>
        <line num="23" count="1" type="stmt"/>
        <line num="24" count="1" type="stmt"/>
        <line num="25" count="1" type="stmt"/>
        <line num="29" count="5" type="stmt"/>
        <line num="30" count="0" type="stmt"/>
        <line num="31" count="0" type="stmt"/>
        <line num="34" count="5" type="cond" truecount="2" falsecount="0"/>
        <line num="35" count="1" type="stmt"/>
        <line num="78" count="4" type="stmt"/>
        <line num="102" count="1" type="stmt"/>
      </file>
      <file name="InventarioView.tsx" path="D:\backup_documentos\MISO\2025\ProyectoIntegrador 2\back\proyecto-1\MediSupply Web\src\components\InventarioView.tsx">
        <metrics statements="49" coveredstatements="42" conditionals="36" coveredconditionals="27" methods="20" coveredmethods="15"/>
        <line num="1" count="1" type="stmt"/>
        <line num="2" count="1" type="stmt"/>
        <line num="3" count="1" type="stmt"/>
        <line num="4" count="1" type="stmt"/>
        <line num="5" count="1" type="stmt"/>
        <line num="6" count="1" type="stmt"/>
        <line num="7" count="1" type="stmt"/>
        <line num="45" count="1" type="stmt"/>
        <line num="46" count="7" type="stmt"/>
        <line num="165" count="6" type="stmt"/>
        <line num="166" count="6" type="stmt"/>
        <line num="167" count="6" type="stmt"/>
        <line num="170" count="6" type="stmt"/>
        <line num="171" count="6" type="cond" truecount="2" falsecount="0"/>
        <line num="172" count="2" type="stmt"/>
        <line num="173" count="10" type="cond" truecount="4" falsecount="0"/>
        <line num="181" count="6" type="stmt"/>
        <line num="182" count="6" type="stmt"/>
        <line num="188" count="6" type="stmt"/>
        <line num="189" count="21" type="cond" truecount="3" falsecount="1"/>
        <line num="191" count="9" type="stmt"/>
        <line num="193" count="8" type="stmt"/>
        <line num="195" count="4" type="stmt"/>
        <line num="197" count="0" type="stmt"/>
        <line num="201" count="6" type="stmt"/>
        <line num="202" count="42" type="cond" truecount="3" falsecount="1"/>
        <line num="204" count="18" type="stmt"/>
        <line num="206" count="16" type="stmt"/>
        <line num="208" count="8" type="stmt"/>
        <line num="210" count="0" type="stmt"/>
        <line num="214" count="6" type="stmt"/>
        <line num="215" count="21" type="stmt"/>
        <line num="220" count="21" type="cond" truecount="1" falsecount="1"/>
        <line num="224" count="6" type="stmt"/>
        <line num="226" count="30" type="stmt"/>
        <line num="227" count="30" type="stmt"/>
        <line num="228" count="30" type="stmt"/>
        <line num="229" count="30" type="stmt"/>
        <line num="230" count="36" type="stmt"/>
        <line num="233" count="6" type="stmt"/>
        <line num="323" count="2" type="stmt"/>
        <line num="324" count="2" type="stmt"/>
        <line num="347" count="21" type="stmt"/>
        <line num="489" count="26" type="stmt"/>
        <line num="551" count="0" type="stmt"/>
        <line num="559" count="0" type="stmt"/>
        <line num="560" count="0" type="stmt"/>
        <line num="564" count="0" type="stmt"/>
        <line num="575" count="0" type="stmt"/>
      </file>
      <file name="LoginForm.tsx" path="D:\backup_documentos\MISO\2025\ProyectoIntegrador 2\back\proyecto-1\MediSupply Web\src\components\LoginForm.tsx">
        <metrics statements="34" coveredstatements="34" conditionals="12" coveredconditionals="11" methods="5" coveredmethods="5"/>
        <line num="1" count="1" type="stmt"/>
        <line num="2" count="1" type="stmt"/>
        <line num="3" count="1" type="stmt"/>
        <line num="4" count="1" type="stmt"/>
        <line num="5" count="1" type="stmt"/>
        <line num="6" count="1" type="stmt"/>
        <line num="7" count="1" type="stmt"/>
        <line num="14" count="1" type="stmt"/>
        <line num="15" count="18" type="stmt"/>
        <line num="16" count="18" type="stmt"/>
        <line num="17" count="18" type="stmt"/>
        <line num="18" count="18" type="stmt"/>
        <line num="19" count="18" type="stmt"/>
        <line num="21" count="18" type="stmt"/>
        <line num="22" count="3" type="stmt"/>
        <line num="23" count="3" type="stmt"/>
        <line num="24" count="3" type="stmt"/>
        <line num="26" count="3" type="stmt"/>
        <line num="29" count="3" type="stmt"/>
        <line num="40" count="3" type="cond" truecount="2" falsecount="0"/>
        <line num="41" count="1" type="stmt"/>
        <line num="42" count="1" type="cond" truecount="1" falsecount="1"/>
        <line num="45" count="1" type="stmt"/>
        <line num="49" count="1" type="stmt"/>
        <line num="50" count="1" type="stmt"/>
        <line num="51" count="1" type="stmt"/>
        <line num="53" count="1" type="stmt"/>
        <line num="55" count="2" type="stmt"/>
        <line num="56" count="2" type="stmt"/>
        <line num="58" count="3" type="stmt"/>
        <line num="62" count="18" type="stmt"/>
        <line num="86" count="3" type="stmt"/>
        <line num="102" count="3" type="stmt"/>
        <line num="108" count="1" type="stmt"/>
      </file>
    </package>
    <package name="components.figma">
      <metrics statements="8" coveredstatements="8" conditionals="4" coveredconditionals="4" methods="2" coveredmethods="2"/>
      <file name="ImageWithFallback.tsx" path="D:\backup_documentos\MISO\2025\ProyectoIntegrador 2\back\proyecto-1\MediSupply Web\src\components\figma\ImageWithFallback.tsx">
        <metrics statements="8" coveredstatements="8" conditionals="4" coveredconditionals="4" methods="2" coveredmethods="2"/>
        <line num="1" count="1" type="stmt"/>
        <line num="4" count="1" type="stmt"/>
        <line num="6" count="1" type="stmt"/>
        <line num="7" count="3" type="stmt"/>
        <line num="9" count="3" type="stmt"/>
        <line num="10" count="1" type="stmt"/>
        <line num="13" count="3" type="stmt"/>
        <line num="15" count="3" type="cond" truecount="2" falsecount="0"/>
      </file>
    </package>
  </project>
</coverage>
