{"C:\\Users\\inger\\OneDrive\\Documentos\\maestria\\Semana 6\\REPO\\proyecto-desde-cero\\proyecto-1\\MediSupply Web\\src\\components\\ForgotPasswordForm.tsx": {"path":"C:\\Users\\inger\\OneDrive\\Documentos\\maestria\\Semana 6\\REPO\\proyecto-desde-cero\\proyecto-1\\MediSupply Web\\src\\components\\ForgotPasswordForm.tsx","statementMap":{"0":{"start":{"line":12,"column":0},"end":{"line":12,"column":16}},"1":{"start":{"line":1,"column":0},"end":{"line":1,"column":33}},"2":{"start":{"line":2,"column":0},"end":{"line":2,"column":37}},"3":{"start":{"line":3,"column":0},"end":{"line":3,"column":35}},"4":{"start":{"line":4,"column":0},"end":{"line":4,"column":35}},"5":{"start":{"line":5,"column":0},"end":{"line":5,"column":86}},"6":{"start":{"line":6,"column":0},"end":{"line":6,"column":66}},"7":{"start":{"line":13,"column":28},"end":{"line":13,"column":40}},"8":{"start":{"line":14,"column":36},"end":{"line":14,"column":51}},"9":{"start":{"line":15,"column":40},"end":{"line":15,"column":55}},"10":{"start":{"line":17,"column":23},"end":{"line":27,"column":3}},"11":{"start":{"line":18,"column":4},"end":{"line":18,"column":23}},"12":{"start":{"line":19,"column":4},"end":{"line":19,"column":23}},"13":{"start":{"line":22,"column":4},"end":{"line":26,"column":13}},"14":{"start":{"line":23,"column":6},"end":{"line":23,"column":26}},"15":{"start":{"line":24,"column":6},"end":{"line":24,"column":27}},"16":{"start":{"line":25,"column":6},"end":{"line":25,"column":52}},"17":{"start":{"line":29,"column":28},"end":{"line":32,"column":3}},"18":{"start":{"line":30,"column":4},"end":{"line":30,"column":26}},"19":{"start":{"line":31,"column":4},"end":{"line":31,"column":17}},"20":{"start":{"line":34,"column":2},"end":{"line":76,"column":3}},"21":{"start":{"line":35,"column":4},"end":{"line":75,"column":6}},"22":{"start":{"line":78,"column":2},"end":{"line":126,"column":4}},"23":{"start":{"line":102,"column":33},"end":{"line":102,"column":57}}},"fnMap":{"0":{"name":"ForgotPasswordForm","decl":{"start":{"line":12,"column":16},"end":{"line":12,"column":34}},"loc":{"start":{"line":12,"column":77},"end":{"line":127,"column":1}}},"1":{"name":"(anonymous_1)","decl":{"start":{"line":17,"column":23},"end":{"line":17,"column":28}},"loc":{"start":{"line":17,"column":52},"end":{"line":27,"column":3}}},"2":{"name":"(anonymous_2)","decl":{"start":{"line":22,"column":15},"end":{"line":22,"column":18}},"loc":{"start":{"line":22,"column":20},"end":{"line":26,"column":5}}},"3":{"name":"(anonymous_3)","decl":{"start":{"line":29,"column":28},"end":{"line":29,"column":31}},"loc":{"start":{"line":29,"column":33},"end":{"line":32,"column":3}}},"4":{"name":"(anonymous_4)","decl":{"start":{"line":102,"column":26},"end":{"line":102,"column":27}},"loc":{"start":{"line":102,"column":33},"end":{"line":102,"column":57}}}},"branchMap":{"0":{"loc":{"start":{"line":34,"column":2},"end":{"line":76,"column":3}},"type":"if","locations":[{"start":{"line":34,"column":2},"end":{"line":76,"column":3}},{"start":{},"end":{}}]},"1":{"loc":{"start":{"line":110,"column":13},"end":{"line":110,"column":63}},"type":"cond-expr","locations":[{"start":{"line":110,"column":25},"end":{"line":110,"column":38}},{"start":{"line":110,"column":41},"end":{"line":110,"column":63}}]}},"s":{"0":1,"1":1,"2":1,"3":1,"4":1,"5":1,"6":1,"7":5,"8":5,"9":5,"10":5,"11":1,"12":1,"13":1,"14":1,"15":1,"16":1,"17":5,"18":0,"19":0,"20":5,"21":1,"22":4,"23":1},"f":{"0":5,"1":1,"2":1,"3":0,"4":1},"b":{"0":[1,4],"1":[1,3]}}
,"C:\\Users\\inger\\OneDrive\\Documentos\\maestria\\Semana 6\\REPO\\proyecto-desde-cero\\proyecto-1\\MediSupply Web\\src\\components\\InventarioView.tsx": {"path":"C:\\Users\\inger\\OneDrive\\Documentos\\maestria\\Semana 6\\REPO\\proyecto-desde-cero\\proyecto-1\\MediSupply Web\\src\\components\\InventarioView.tsx","statementMap":{"0":{"start":{"line":45,"column":0},"end":{"line":45,"column":16}},"1":{"start":{"line":1,"column":0},"end":{"line":1,"column":42}},"2":{"start":{"line":2,"column":0},"end":{"line":2,"column":37}},"3":{"start":{"line":3,"column":0},"end":{"line":3,"column":35}},"4":{"start":{"line":4,"column":0},"end":{"line":4,"column":86}},"5":{"start":{"line":5,"column":0},"end":{"line":5,"column":35}},"6":{"start":{"line":6,"column":0},"end":{"line":6,"column":113}},"7":{"start":{"line":7,"column":0},"end":{"line":7,"column":null}},"8":{"start":{"line":46,"column":32},"end":{"line":163,"column":4}},"9":{"start":{"line":165,"column":30},"end":{"line":165,"column":42}},"10":{"start":{"line":166,"column":40},"end":{"line":166,"column":51}},"11":{"start":{"line":167,"column":23},"end":{"line":167,"column":24}},"12":{"start":{"line":170,"column":29},"end":{"line":178,"column":35}},"13":{"start":{"line":171,"column":4},"end":{"line":171,"column":51}},"14":{"start":{"line":171,"column":24},"end":{"line":171,"column":51}},"15":{"start":{"line":172,"column":4},"end":{"line":177,"column":6}},"16":{"start":{"line":173,"column":6},"end":{"line":176,"column":69}},"17":{"start":{"line":181,"column":21},"end":{"line":181,"column":72}},"18":{"start":{"line":182,"column":29},"end":{"line":184,"column":null}},"19":{"start":{"line":188,"column":24},"end":{"line":199,"column":3}},"20":{"start":{"line":189,"column":4},"end":{"line":198,"column":5}},"21":{"start":{"line":191,"column":8},"end":{"line":191,"column":66}},"22":{"start":{"line":193,"column":8},"end":{"line":193,"column":69}},"23":{"start":{"line":195,"column":8},"end":{"line":195,"column":60}},"24":{"start":{"line":197,"column":8},"end":{"line":197,"column":65}},"25":{"start":{"line":201,"column":25},"end":{"line":212,"column":3}},"26":{"start":{"line":202,"column":4},"end":{"line":211,"column":5}},"27":{"start":{"line":204,"column":8},"end":{"line":204,"column":84}},"28":{"start":{"line":206,"column":8},"end":{"line":206,"column":96}},"29":{"start":{"line":208,"column":8},"end":{"line":208,"column":60}},"30":{"start":{"line":210,"column":8},"end":{"line":210,"column":62}},"31":{"start":{"line":214,"column":25},"end":{"line":221,"column":3}},"32":{"start":{"line":215,"column":19},"end":{"line":219,"column":6}},"33":{"start":{"line":220,"column":4},"end":{"line":220,"column":59}},"34":{"start":{"line":224,"column":23},"end":{"line":231,"column":4}},"35":{"start":{"line":226,"column":49},"end":{"line":226,"column":74}},"36":{"start":{"line":227,"column":54},"end":{"line":227,"column":86}},"37":{"start":{"line":228,"column":46},"end":{"line":228,"column":68}},"38":{"start":{"line":229,"column":65},"end":{"line":229,"column":103}},"39":{"start":{"line":230,"column":60},"end":{"line":230,"column":88}},"40":{"start":{"line":230,"column":79},"end":{"line":230,"column":87}},"41":{"start":{"line":233,"column":2},"end":{"line":590,"column":4}},"42":{"start":{"line":323,"column":20},"end":{"line":323,"column":46}},"43":{"start":{"line":324,"column":20},"end":{"line":324,"column":38}},"44":{"start":{"line":347,"column":18},"end":{"line":347,"column":41}},"45":{"start":{"line":489,"column":38},"end":{"line":489,"column":59}},"46":{"start":{"line":551,"column":39},"end":{"line":551,"column":70}},"47":{"start":{"line":559,"column":70},"end":{"line":559,"column":75}},"48":{"start":{"line":560,"column":26},"end":{"line":561,"column":null}},"49":{"start":{"line":564,"column":43},"end":{"line":564,"column":63}},"50":{"start":{"line":575,"column":39},"end":{"line":575,"column":70}}},"fnMap":{"0":{"name":"InventarioView","decl":{"start":{"line":45,"column":16},"end":{"line":45,"column":30}},"loc":{"start":{"line":45,"column":30},"end":{"line":591,"column":1}}},"1":{"name":"(anonymous_1)","decl":{"start":{"line":170,"column":37},"end":{"line":170,"column":40}},"loc":{"start":{"line":170,"column":42},"end":{"line":178,"column":3}}},"2":{"name":"(anonymous_2)","decl":{"start":{"line":172,"column":38},"end":{"line":172,"column":46}},"loc":{"start":{"line":173,"column":6},"end":{"line":176,"column":69}}},"3":{"name":"(anonymous_3)","decl":{"start":{"line":188,"column":24},"end":{"line":188,"column":25}},"loc":{"start":{"line":188,"column":43},"end":{"line":199,"column":3}}},"4":{"name":"(anonymous_4)","decl":{"start":{"line":201,"column":25},"end":{"line":201,"column":26}},"loc":{"start":{"line":201,"column":44},"end":{"line":212,"column":3}}},"5":{"name":"(anonymous_5)","decl":{"start":{"line":214,"column":25},"end":{"line":214,"column":26}},"loc":{"start":{"line":214,"column":44},"end":{"line":221,"column":3}}},"6":{"name":"(anonymous_6)","decl":{"start":{"line":226,"column":44},"end":{"line":226,"column":45}},"loc":{"start":{"line":226,"column":49},"end":{"line":226,"column":74}}},"7":{"name":"(anonymous_7)","decl":{"start":{"line":227,"column":49},"end":{"line":227,"column":50}},"loc":{"start":{"line":227,"column":54},"end":{"line":227,"column":86}}},"8":{"name":"(anonymous_8)","decl":{"start":{"line":228,"column":41},"end":{"line":228,"column":42}},"loc":{"start":{"line":228,"column":46},"end":{"line":228,"column":68}}},"9":{"name":"(anonymous_9)","decl":{"start":{"line":229,"column":53},"end":{"line":229,"column":54}},"loc":{"start":{"line":229,"column":65},"end":{"line":229,"column":103}}},"10":{"name":"(anonymous_10)","decl":{"start":{"line":230,"column":55},"end":{"line":230,"column":56}},"loc":{"start":{"line":230,"column":60},"end":{"line":230,"column":88}}},"11":{"name":"(anonymous_11)","decl":{"start":{"line":230,"column":74},"end":{"line":230,"column":75}},"loc":{"start":{"line":230,"column":79},"end":{"line":230,"column":87}}},"12":{"name":"(anonymous_12)","decl":{"start":{"line":322,"column":28},"end":{"line":322,"column":29}},"loc":{"start":{"line":322,"column":34},"end":{"line":325,"column":19}}},"13":{"name":"(anonymous_13)","decl":{"start":{"line":346,"column":40},"end":{"line":346,"column":41}},"loc":{"start":{"line":347,"column":18},"end":{"line":347,"column":41}}},"14":{"name":"(anonymous_14)","decl":{"start":{"line":488,"column":58},"end":{"line":488,"column":59}},"loc":{"start":{"line":489,"column":38},"end":{"line":489,"column":59}}},"15":{"name":"(anonymous_15)","decl":{"start":{"line":551,"column":33},"end":{"line":551,"column":36}},"loc":{"start":{"line":551,"column":39},"end":{"line":551,"column":70}}},"16":{"name":"(anonymous_16)","decl":{"start":{"line":559,"column":60},"end":{"line":559,"column":61}},"loc":{"start":{"line":559,"column":70},"end":{"line":559,"column":75}}},"17":{"name":"(anonymous_17)","decl":{"start":{"line":559,"column":81},"end":{"line":559,"column":82}},"loc":{"start":{"line":560,"column":26},"end":{"line":561,"column":null}}},"18":{"name":"(anonymous_18)","decl":{"start":{"line":564,"column":37},"end":{"line":564,"column":40}},"loc":{"start":{"line":564,"column":43},"end":{"line":564,"column":63}}},"19":{"name":"(anonymous_19)","decl":{"start":{"line":575,"column":33},"end":{"line":575,"column":36}},"loc":{"start":{"line":575,"column":39},"end":{"line":575,"column":70}}}},"branchMap":{"0":{"loc":{"start":{"line":171,"column":4},"end":{"line":171,"column":51}},"type":"if","locations":[{"start":{"line":171,"column":4},"end":{"line":171,"column":51}},{"start":{},"end":{}}]},"1":{"loc":{"start":{"line":173,"column":6},"end":{"line":176,"column":69}},"type":"binary-expr","locations":[{"start":{"line":173,"column":6},"end":{"line":173,"column":66}},{"start":{"line":174,"column":6},"end":{"line":174,"column":63}},{"start":{"line":175,"column":6},"end":{"line":175,"column":64}},{"start":{"line":176,"column":6},"end":{"line":176,"column":69}}]},"2":{"loc":{"start":{"line":189,"column":4},"end":{"line":198,"column":5}},"type":"switch","locations":[{"start":{"line":190,"column":6},"end":{"line":191,"column":66}},{"start":{"line":192,"column":6},"end":{"line":193,"column":69}},{"start":{"line":194,"column":6},"end":{"line":195,"column":60}},{"start":{"line":196,"column":6},"end":{"line":197,"column":65}}]},"3":{"loc":{"start":{"line":202,"column":4},"end":{"line":211,"column":5}},"type":"switch","locations":[{"start":{"line":203,"column":6},"end":{"line":204,"column":84}},{"start":{"line":205,"column":6},"end":{"line":206,"column":96}},{"start":{"line":207,"column":6},"end":{"line":208,"column":60}},{"start":{"line":209,"column":6},"end":{"line":210,"column":62}}]},"4":{"loc":{"start":{"line":220,"column":11},"end":{"line":220,"column":58}},"type":"binary-expr","locations":[{"start":{"line":220,"column":11},"end":{"line":220,"column":48}},{"start":{"line":220,"column":52},"end":{"line":220,"column":58}}]},"5":{"loc":{"start":{"line":313,"column":85},"end":{"line":313,"column":128}},"type":"cond-expr","locations":[{"start":{"line":313,"column":120},"end":{"line":313,"column":123}},{"start":{"line":313,"column":126},"end":{"line":313,"column":128}}]},"6":{"loc":{"start":{"line":313,"column":139},"end":{"line":313,"column":181}},"type":"cond-expr","locations":[{"start":{"line":313,"column":173},"end":{"line":313,"column":176}},{"start":{"line":313,"column":179},"end":{"line":313,"column":181}}]},"7":{"loc":{"start":{"line":334,"column":13},"end":{"line":584,"column":null}},"type":"cond-expr","locations":[{"start":{"line":335,"column":14},"end":{"line":342,"column":null}},{"start":{"line":345,"column":14},"end":{"line":583,"column":null}}]},"8":{"loc":{"start":{"line":338,"column":19},"end":{"line":338,"column":107}},"type":"cond-expr","locations":[{"start":{"line":338,"column":28},"end":{"line":338,"column":72}},{"start":{"line":338,"column":75},"end":{"line":338,"column":107}}]},"9":{"loc":{"start":{"line":341,"column":19},"end":{"line":341,"column":127}},"type":"cond-expr","locations":[{"start":{"line":341,"column":28},"end":{"line":341,"column":68}},{"start":{"line":341,"column":71},"end":{"line":341,"column":127}}]},"10":{"loc":{"start":{"line":361,"column":45},"end":{"line":361,"column":125}},"type":"cond-expr","locations":[{"start":{"line":361,"column":91},"end":{"line":361,"column":120}},{"start":{"line":361,"column":123},"end":{"line":361,"column":125}}]},"11":{"loc":{"start":{"line":449,"column":70},"end":{"line":449,"column":138}},"type":"cond-expr","locations":[{"start":{"line":449,"column":116},"end":{"line":449,"column":133}},{"start":{"line":449,"column":136},"end":{"line":449,"column":138}}]},"12":{"loc":{"start":{"line":480,"column":33},"end":{"line":526,"column":null}},"type":"cond-expr","locations":[{"start":{"line":481,"column":34},"end":{"line":484,"column":null}},{"start":{"line":487,"column":34},"end":{"line":525,"column":null}}]},"13":{"loc":{"start":{"line":542,"column":17},"end":{"line":582,"column":null}},"type":"binary-expr","locations":[{"start":{"line":542,"column":17},"end":{"line":542,"column":31}},{"start":{"line":543,"column":18},"end":{"line":581,"column":null}}]},"14":{"loc":{"start":{"line":562,"column":37},"end":{"line":562,"column":81}},"type":"cond-expr","locations":[{"start":{"line":562,"column":60},"end":{"line":562,"column":69}},{"start":{"line":562,"column":72},"end":{"line":562,"column":81}}]}},"s":{"0":1,"1":1,"2":1,"3":1,"4":1,"5":1,"6":1,"7":1,"8":7,"9":6,"10":6,"11":6,"12":6,"13":6,"14":4,"15":2,"16":10,"17":6,"18":6,"19":6,"20":21,"21":9,"22":8,"23":4,"24":0,"25":6,"26":42,"27":18,"28":16,"29":8,"30":0,"31":6,"32":21,"33":21,"34":6,"35":30,"36":30,"37":30,"38":30,"39":30,"40":36,"41":6,"42":2,"43":2,"44":21,"45":26,"46":0,"47":0,"48":0,"49":0,"50":0},"f":{"0":7,"1":6,"2":10,"3":21,"4":42,"5":21,"6":30,"7":30,"8":30,"9":30,"10":30,"11":36,"12":2,"13":21,"14":26,"15":0,"16":0,"17":0,"18":0,"19":0},"b":{"0":[4,2],"1":[10,9,9,9],"2":[9,8,4,0],"3":[18,16,8,0],"4":[21,0],"5":[6,0],"6":[5,1],"7":[1,5],"8":[1,0],"9":[1,0],"10":[12,9],"11":[12,9],"12":[4,17],"13":[5,0],"14":[0,0]}}
,"C:\\Users\\inger\\OneDrive\\Documentos\\maestria\\Semana 6\\REPO\\proyecto-desde-cero\\proyecto-1\\MediSupply Web\\src\\components\\LoginForm.tsx": {"path":"C:\\Users\\inger\\OneDrive\\Documentos\\maestria\\Semana 6\\REPO\\proyecto-desde-cero\\proyecto-1\\MediSupply Web\\src\\components\\LoginForm.tsx","statementMap":{"0":{"start":{"line":17,"column":0},"end":{"line":17,"column":16}},"1":{"start":{"line":1,"column":0},"end":{"line":1,"column":33}},"2":{"start":{"line":2,"column":0},"end":{"line":2,"column":37}},"3":{"start":{"line":3,"column":0},"end":{"line":3,"column":35}},"4":{"start":{"line":4,"column":0},"end":{"line":4,"column":35}},"5":{"start":{"line":5,"column":0},"end":{"line":5,"column":86}},"6":{"start":{"line":6,"column":0},"end":{"line":6,"column":61}},"7":{"start":{"line":18,"column":28},"end":{"line":18,"column":40}},"8":{"start":{"line":19,"column":34},"end":{"line":19,"column":46}},"9":{"start":{"line":20,"column":42},"end":{"line":20,"column":57}},"10":{"start":{"line":21,"column":36},"end":{"line":21,"column":51}},"11":{"start":{"line":23,"column":23},"end":{"line":33,"column":3}},"12":{"start":{"line":24,"column":4},"end":{"line":24,"column":23}},"13":{"start":{"line":25,"column":4},"end":{"line":25,"column":23}},"14":{"start":{"line":28,"column":4},"end":{"line":32,"column":13}},"15":{"start":{"line":29,"column":6},"end":{"line":29,"column":26}},"16":{"start":{"line":30,"column":6},"end":{"line":30,"column":64}},"17":{"start":{"line":31,"column":6},"end":{"line":31,"column":23}},"18":{"start":{"line":35,"column":2},"end":{"line":109,"column":4}},"19":{"start":{"line":59,"column":33},"end":{"line":59,"column":57}},"20":{"start":{"line":75,"column":33},"end":{"line":75,"column":60}},"21":{"start":{"line":81,"column":31},"end":{"line":81,"column":61}}},"fnMap":{"0":{"name":"LoginForm","decl":{"start":{"line":17,"column":16},"end":{"line":17,"column":25}},"loc":{"start":{"line":17,"column":78},"end":{"line":110,"column":1}}},"1":{"name":"(anonymous_1)","decl":{"start":{"line":23,"column":23},"end":{"line":23,"column":28}},"loc":{"start":{"line":23,"column":52},"end":{"line":33,"column":3}}},"2":{"name":"(anonymous_2)","decl":{"start":{"line":28,"column":15},"end":{"line":28,"column":18}},"loc":{"start":{"line":28,"column":20},"end":{"line":32,"column":5}}},"3":{"name":"(anonymous_3)","decl":{"start":{"line":59,"column":26},"end":{"line":59,"column":27}},"loc":{"start":{"line":59,"column":33},"end":{"line":59,"column":57}}},"4":{"name":"(anonymous_4)","decl":{"start":{"line":75,"column":26},"end":{"line":75,"column":27}},"loc":{"start":{"line":75,"column":33},"end":{"line":75,"column":60}}},"5":{"name":"(anonymous_5)","decl":{"start":{"line":81,"column":25},"end":{"line":81,"column":28}},"loc":{"start":{"line":81,"column":31},"end":{"line":81,"column":61}}}},"branchMap":{"0":{"loc":{"start":{"line":72,"column":22},"end":{"line":72,"column":56}},"type":"cond-expr","locations":[{"start":{"line":72,"column":37},"end":{"line":72,"column":43}},{"start":{"line":72,"column":46},"end":{"line":72,"column":56}}]},"1":{"loc":{"start":{"line":84,"column":17},"end":{"line":87,"column":null}},"type":"cond-expr","locations":[{"start":{"line":85,"column":18},"end":{"line":85,"column":48}},{"start":{"line":87,"column":18},"end":{"line":87,"column":45}}]},"2":{"loc":{"start":{"line":94,"column":13},"end":{"line":94,"column":65}},"type":"cond-expr","locations":[{"start":{"line":94,"column":25},"end":{"line":94,"column":46}},{"start":{"line":94,"column":49},"end":{"line":94,"column":65}}]}},"s":{"0":1,"1":1,"2":1,"3":1,"4":1,"5":1,"6":1,"7":13,"8":13,"9":13,"10":13,"11":13,"12":2,"13":2,"14":2,"15":2,"16":2,"17":2,"18":13,"19":2,"20":2,"21":1},"f":{"0":13,"1":2,"2":2,"3":2,"4":2,"5":1},"b":{"0":[1,12],"1":[1,12],"2":[2,11]}}
,"C:\\Users\\inger\\OneDrive\\Documentos\\maestria\\Semana 6\\REPO\\proyecto-desde-cero\\proyecto-1\\MediSupply Web\\src\\components\\figma\\ImageWithFallback.tsx": {"path":"C:\\Users\\inger\\OneDrive\\Documentos\\maestria\\Semana 6\\REPO\\proyecto-desde-cero\\proyecto-1\\MediSupply Web\\src\\components\\figma\\ImageWithFallback.tsx","statementMap":{"0":{"start":{"line":6,"column":0},"end":{"line":6,"column":16}},"1":{"start":{"line":1,"column":0},"end":{"line":1,"column":39}},"2":{"start":{"line":4,"column":2},"end":{"line":4,"column":386}},"3":{"start":{"line":7,"column":34},"end":{"line":7,"column":49}},"4":{"start":{"line":9,"column":22},"end":{"line":11,"column":3}},"5":{"start":{"line":10,"column":4},"end":{"line":10,"column":null}},"6":{"start":{"line":13,"column":50},"end":{"line":13,"column":55}},"7":{"start":{"line":15,"column":2},"end":{"line":26,"column":null}}},"fnMap":{"0":{"name":"ImageWithFallback","decl":{"start":{"line":6,"column":16},"end":{"line":6,"column":33}},"loc":{"start":{"line":6,"column":82},"end":{"line":27,"column":1}}},"1":{"name":"(anonymous_10)","decl":{"start":{"line":9,"column":22},"end":{"line":9,"column":25}},"loc":{"start":{"line":9,"column":27},"end":{"line":11,"column":3}}}},"branchMap":{"0":{"loc":{"start":{"line":15,"column":9},"end":{"line":25,"column":null}},"type":"cond-expr","locations":[{"start":{"line":16,"column":4},"end":{"line":22,"column":null}},{"start":{"line":25,"column":4},"end":{"line":25,"column":99}}]},"1":{"loc":{"start":{"line":17,"column":70},"end":{"line":17,"column":85}},"type":"binary-expr","locations":[{"start":{"line":17,"column":70},"end":{"line":17,"column":79}},{"start":{"line":17,"column":83},"end":{"line":17,"column":85}}]}},"s":{"0":1,"1":1,"2":1,"3":3,"4":3,"5":1,"6":3,"7":3},"f":{"0":3,"1":1},"b":{"0":[1,2],"1":[1,1]}}
}
