{"D:\\backup_documentos\\MISO\\2025\\ProyectoIntegrador 2\\web\\proyecto-1\\MediSupply Web\\src\\components\\ForgotPasswordForm.tsx": {"path":"D:\\backup_documentos\\MISO\\2025\\ProyectoIntegrador 2\\web\\proyecto-1\\MediSupply Web\\src\\components\\ForgotPasswordForm.tsx","statementMap":{"0":{"start":{"line":12,"column":0},"end":{"line":12,"column":16}},"1":{"start":{"line":1,"column":0},"end":{"line":1,"column":33}},"2":{"start":{"line":2,"column":0},"end":{"line":2,"column":37}},"3":{"start":{"line":3,"column":0},"end":{"line":3,"column":35}},"4":{"start":{"line":4,"column":0},"end":{"line":4,"column":35}},"5":{"start":{"line":5,"column":0},"end":{"line":5,"column":86}},"6":{"start":{"line":6,"column":0},"end":{"line":6,"column":66}},"7":{"start":{"line":13,"column":28},"end":{"line":13,"column":40}},"8":{"start":{"line":14,"column":36},"end":{"line":14,"column":51}},"9":{"start":{"line":15,"column":40},"end":{"line":15,"column":55}},"10":{"start":{"line":17,"column":23},"end":{"line":27,"column":3}},"11":{"start":{"line":18,"column":4},"end":{"line":18,"column":23}},"12":{"start":{"line":19,"column":4},"end":{"line":19,"column":23}},"13":{"start":{"line":22,"column":4},"end":{"line":26,"column":13}},"14":{"start":{"line":23,"column":6},"end":{"line":23,"column":26}},"15":{"start":{"line":24,"column":6},"end":{"line":24,"column":27}},"16":{"start":{"line":25,"column":6},"end":{"line":25,"column":52}},"17":{"start":{"line":29,"column":28},"end":{"line":32,"column":3}},"18":{"start":{"line":30,"column":4},"end":{"line":30,"column":26}},"19":{"start":{"line":31,"column":4},"end":{"line":31,"column":17}},"20":{"start":{"line":34,"column":2},"end":{"line":76,"column":3}},"21":{"start":{"line":35,"column":4},"end":{"line":75,"column":6}},"22":{"start":{"line":78,"column":2},"end":{"line":126,"column":4}},"23":{"start":{"line":102,"column":33},"end":{"line":102,"column":57}}},"fnMap":{"0":{"name":"ForgotPasswordForm","decl":{"start":{"line":12,"column":16},"end":{"line":12,"column":34}},"loc":{"start":{"line":12,"column":77},"end":{"line":127,"column":1}}},"1":{"name":"(anonymous_1)","decl":{"start":{"line":17,"column":23},"end":{"line":17,"column":28}},"loc":{"start":{"line":17,"column":52},"end":{"line":27,"column":3}}},"2":{"name":"(anonymous_2)","decl":{"start":{"line":22,"column":15},"end":{"line":22,"column":18}},"loc":{"start":{"line":22,"column":20},"end":{"line":26,"column":5}}},"3":{"name":"(anonymous_3)","decl":{"start":{"line":29,"column":28},"end":{"line":29,"column":31}},"loc":{"start":{"line":29,"column":33},"end":{"line":32,"column":3}}},"4":{"name":"(anonymous_4)","decl":{"start":{"line":102,"column":26},"end":{"line":102,"column":27}},"loc":{"start":{"line":102,"column":33},"end":{"line":102,"column":57}}}},"branchMap":{"0":{"loc":{"start":{"line":34,"column":2},"end":{"line":76,"column":3}},"type":"if","locations":[{"start":{"line":34,"column":2},"end":{"line":76,"column":3}},{"start":{},"end":{}}]},"1":{"loc":{"start":{"line":110,"column":13},"end":{"line":110,"column":63}},"type":"cond-expr","locations":[{"start":{"line":110,"column":25},"end":{"line":110,"column":38}},{"start":{"line":110,"column":41},"end":{"line":110,"column":63}}]}},"s":{"0":1,"1":1,"2":1,"3":1,"4":1,"5":1,"6":1,"7":4,"8":4,"9":4,"10":4,"11":1,"12":1,"13":1,"14":0,"15":0,"16":0,"17":4,"18":0,"19":0,"20":4,"21":0,"22":4,"23":1},"f":{"0":4,"1":1,"2":0,"3":0,"4":1},"b":{"0":[0,4],"1":[1,3]}}
,"D:\\backup_documentos\\MISO\\2025\\ProyectoIntegrador 2\\web\\proyecto-1\\MediSupply Web\\src\\components\\InformesView.tsx": {"path":"D:\\backup_documentos\\MISO\\2025\\ProyectoIntegrador 2\\web\\proyecto-1\\MediSupply Web\\src\\components\\InformesView.tsx","statementMap":{"0":{"start":{"line":53,"column":0},"end":{"line":53,"column":16}},"1":{"start":{"line":1,"column":0},"end":{"line":1,"column":33}},"2":{"start":{"line":2,"column":0},"end":{"line":2,"column":37}},"3":{"start":{"line":3,"column":0},"end":{"line":3,"column":35}},"4":{"start":{"line":4,"column":0},"end":{"line":4,"column":35}},"5":{"start":{"line":5,"column":0},"end":{"line":5,"column":86}},"6":{"start":{"line":6,"column":0},"end":{"line":6,"column":35}},"7":{"start":{"line":7,"column":0},"end":{"line":7,"column":92}},"8":{"start":{"line":8,"column":0},"end":{"line":8,"column":null}},"9":{"start":{"line":22,"column":0},"end":{"line":22,"column":null}},"10":{"start":{"line":55,"column":44},"end":{"line":80,"column":4}},"11":{"start":{"line":83,"column":30},"end":{"line":156,"column":4}},"12":{"start":{"line":158,"column":32},"end":{"line":162,"column":4}},"13":{"start":{"line":164,"column":48},"end":{"line":164,"column":69}},"14":{"start":{"line":165,"column":52},"end":{"line":165,"column":67}},"15":{"start":{"line":166,"column":36},"end":{"line":166,"column":51}},"16":{"start":{"line":168,"column":26},"end":{"line":197,"column":3}},"17":{"start":{"line":169,"column":4},"end":{"line":172,"column":5}},"18":{"start":{"line":170,"column":6},"end":{"line":170,"column":61}},"19":{"start":{"line":171,"column":6},"end":{"line":171,"column":13}},"20":{"start":{"line":174,"column":4},"end":{"line":177,"column":5}},"21":{"start":{"line":175,"column":6},"end":{"line":175,"column":68}},"22":{"start":{"line":176,"column":6},"end":{"line":176,"column":13}},"23":{"start":{"line":179,"column":4},"end":{"line":179,"column":23}},"24":{"start":{"line":182,"column":4},"end":{"line":196,"column":13}},"25":{"start":{"line":183,"column":32},"end":{"line":191,"column":8}},"26":{"start":{"line":184,"column":27},"end":{"line":184,"column":48}},"27":{"start":{"line":185,"column":28},"end":{"line":185,"column":58}},"28":{"start":{"line":186,"column":25},"end":{"line":186,"column":53}},"29":{"start":{"line":188,"column":8},"end":{"line":190,"column":38}},"30":{"start":{"line":193,"column":6},"end":{"line":193,"column":44}},"31":{"start":{"line":194,"column":6},"end":{"line":194,"column":33}},"32":{"start":{"line":195,"column":6},"end":{"line":195,"column":26}},"33":{"start":{"line":199,"column":26},"end":{"line":207,"column":3}},"34":{"start":{"line":200,"column":4},"end":{"line":204,"column":7}},"35":{"start":{"line":205,"column":4},"end":{"line":205,"column":27}},"36":{"start":{"line":206,"column":4},"end":{"line":206,"column":32}},"37":{"start":{"line":210,"column":23},"end":{"line":217,"column":4}},"38":{"start":{"line":212,"column":62},"end":{"line":212,"column":84}},"39":{"start":{"line":213,"column":62},"end":{"line":213,"column":82}},"40":{"start":{"line":214,"column":87},"end":{"line":214,"column":109}},"41":{"start":{"line":215,"column":53},"end":{"line":215,"column":62}},"42":{"start":{"line":216,"column":62},"end":{"line":216,"column":82}},"43":{"start":{"line":220,"column":23},"end":{"line":230,"column":63}},"44":{"start":{"line":221,"column":16},"end":{"line":221,"column":102}},"45":{"start":{"line":222,"column":21},"end":{"line":222,"column":55}},"46":{"start":{"line":222,"column":38},"end":{"line":222,"column":54}},"47":{"start":{"line":223,"column":4},"end":{"line":228,"column":5}},"48":{"start":{"line":224,"column":6},"end":{"line":224,"column":42}},"49":{"start":{"line":225,"column":6},"end":{"line":225,"column":29}},"50":{"start":{"line":227,"column":6},"end":{"line":227,"column":63}},"51":{"start":{"line":229,"column":4},"end":{"line":229,"column":15}},"52":{"start":{"line":232,"column":31},"end":{"line":243,"column":14}},"53":{"start":{"line":233,"column":21},"end":{"line":233,"column":71}},"54":{"start":{"line":233,"column":38},"end":{"line":233,"column":70}},"55":{"start":{"line":234,"column":4},"end":{"line":239,"column":5}},"56":{"start":{"line":235,"column":6},"end":{"line":235,"column":42}},"57":{"start":{"line":236,"column":6},"end":{"line":236,"column":41}},"58":{"start":{"line":238,"column":6},"end":{"line":238,"column":96}},"59":{"start":{"line":240,"column":4},"end":{"line":240,"column":15}},"60":{"start":{"line":242,"column":18},"end":{"line":242,"column":35}},"61":{"start":{"line":245,"column":17},"end":{"line":245,"column":72}},"62":{"start":{"line":247,"column":24},"end":{"line":269,"column":3}},"63":{"start":{"line":248,"column":4},"end":{"line":248,"column":45}},"64":{"start":{"line":248,"column":38},"end":{"line":248,"column":45}},"65":{"start":{"line":250,"column":33},"end":{"line":250,"column":103}},"66":{"start":{"line":250,"column":65},"end":{"line":250,"column":102}},"67":{"start":{"line":251,"column":23},"end":{"line":258,"column":16}},"68":{"start":{"line":256,"column":8},"end":{"line":256,"column":168}},"69":{"start":{"line":260,"column":17},"end":{"line":260,"column":76}},"70":{"start":{"line":261,"column":17},"end":{"line":261,"column":44}},"71":{"start":{"line":262,"column":16},"end":{"line":262,"column":41}},"72":{"start":{"line":263,"column":4},"end":{"line":263,"column":35}},"73":{"start":{"line":264,"column":4},"end":{"line":264,"column":134}},"74":{"start":{"line":265,"column":4},"end":{"line":265,"column":37}},"75":{"start":{"line":266,"column":4},"end":{"line":266,"column":36}},"76":{"start":{"line":267,"column":4},"end":{"line":267,"column":17}},"77":{"start":{"line":268,"column":4},"end":{"line":268,"column":36}},"78":{"start":{"line":271,"column":2},"end":{"line":579,"column":4}},"79":{"start":{"line":297,"column":16},"end":{"line":297,"column":59}},"80":{"start":{"line":304,"column":20},"end":{"line":304,"column":50}},"81":{"start":{"line":324,"column":35},"end":{"line":324,"column":89}},"82":{"start":{"line":338,"column":35},"end":{"line":338,"column":87}},"83":{"start":{"line":444,"column":53},"end":{"line":444,"column":95}},"84":{"start":{"line":467,"column":42},"end":{"line":467,"column":70}},"85":{"start":{"line":470,"column":26},"end":{"line":470,"column":54}},"86":{"start":{"line":473,"column":53},"end":{"line":473,"column":94}},"87":{"start":{"line":478,"column":22},"end":{"line":478,"column":51}},"88":{"start":{"line":525,"column":20},"end":{"line":525,"column":40}}},"fnMap":{"0":{"name":"InformesView","decl":{"start":{"line":53,"column":16},"end":{"line":53,"column":28}},"loc":{"start":{"line":53,"column":28},"end":{"line":580,"column":1}}},"1":{"name":"(anonymous_1)","decl":{"start":{"line":168,"column":26},"end":{"line":168,"column":31}},"loc":{"start":{"line":168,"column":37},"end":{"line":197,"column":3}}},"2":{"name":"(anonymous_2)","decl":{"start":{"line":182,"column":15},"end":{"line":182,"column":18}},"loc":{"start":{"line":182,"column":20},"end":{"line":196,"column":5}}},"3":{"name":"(anonymous_3)","decl":{"start":{"line":183,"column":50},"end":{"line":183,"column":55}},"loc":{"start":{"line":183,"column":58},"end":{"line":191,"column":7}}},"4":{"name":"(anonymous_4)","decl":{"start":{"line":199,"column":26},"end":{"line":199,"column":29}},"loc":{"start":{"line":199,"column":31},"end":{"line":207,"column":3}}},"5":{"name":"(anonymous_5)","decl":{"start":{"line":212,"column":46},"end":{"line":212,"column":47}},"loc":{"start":{"line":212,"column":62},"end":{"line":212,"column":84}}},"6":{"name":"(anonymous_6)","decl":{"start":{"line":213,"column":46},"end":{"line":213,"column":47}},"loc":{"start":{"line":213,"column":62},"end":{"line":213,"column":82}}},"7":{"name":"(anonymous_7)","decl":{"start":{"line":214,"column":71},"end":{"line":214,"column":72}},"loc":{"start":{"line":214,"column":87},"end":{"line":214,"column":109}}},"8":{"name":"(anonymous_8)","decl":{"start":{"line":215,"column":48},"end":{"line":215,"column":49}},"loc":{"start":{"line":215,"column":53},"end":{"line":215,"column":62}}},"9":{"name":"(anonymous_9)","decl":{"start":{"line":216,"column":46},"end":{"line":216,"column":47}},"loc":{"start":{"line":216,"column":62},"end":{"line":216,"column":82}}},"10":{"name":"(anonymous_10)","decl":{"start":{"line":220,"column":46},"end":{"line":220,"column":47}},"loc":{"start":{"line":220,"column":61},"end":{"line":230,"column":3}}},"11":{"name":"(anonymous_11)","decl":{"start":{"line":222,"column":30},"end":{"line":222,"column":34}},"loc":{"start":{"line":222,"column":38},"end":{"line":222,"column":54}}},"12":{"name":"(anonymous_12)","decl":{"start":{"line":232,"column":54},"end":{"line":232,"column":55}},"loc":{"start":{"line":232,"column":69},"end":{"line":241,"column":3}}},"13":{"name":"(anonymous_13)","decl":{"start":{"line":233,"column":30},"end":{"line":233,"column":34}},"loc":{"start":{"line":233,"column":38},"end":{"line":233,"column":70}}},"14":{"name":"(anonymous_14)","decl":{"start":{"line":242,"column":8},"end":{"line":242,"column":9}},"loc":{"start":{"line":242,"column":18},"end":{"line":242,"column":35}}},"15":{"name":"(anonymous_15)","decl":{"start":{"line":247,"column":24},"end":{"line":247,"column":27}},"loc":{"start":{"line":247,"column":29},"end":{"line":269,"column":3}}},"16":{"name":"(anonymous_16)","decl":{"start":{"line":250,"column":60},"end":{"line":250,"column":61}},"loc":{"start":{"line":250,"column":65},"end":{"line":250,"column":102}}},"17":{"name":"(anonymous_17)","decl":{"start":{"line":255,"column":29},"end":{"line":255,"column":34}},"loc":{"start":{"line":256,"column":8},"end":{"line":256,"column":168}}},"18":{"name":"(anonymous_18)","decl":{"start":{"line":296,"column":64},"end":{"line":296,"column":65}},"loc":{"start":{"line":297,"column":16},"end":{"line":297,"column":59}}},"19":{"name":"(anonymous_19)","decl":{"start":{"line":303,"column":45},"end":{"line":303,"column":46}},"loc":{"start":{"line":304,"column":20},"end":{"line":304,"column":50}}},"20":{"name":"(anonymous_20)","decl":{"start":{"line":324,"column":28},"end":{"line":324,"column":29}},"loc":{"start":{"line":324,"column":35},"end":{"line":324,"column":89}}},"21":{"name":"(anonymous_21)","decl":{"start":{"line":338,"column":28},"end":{"line":338,"column":29}},"loc":{"start":{"line":338,"column":35},"end":{"line":338,"column":87}}},"22":{"name":"(anonymous_22)","decl":{"start":{"line":444,"column":42},"end":{"line":444,"column":43}},"loc":{"start":{"line":444,"column":53},"end":{"line":444,"column":95}}},"23":{"name":"(anonymous_23)","decl":{"start":{"line":467,"column":31},"end":{"line":467,"column":32}},"loc":{"start":{"line":467,"column":42},"end":{"line":467,"column":70}}},"24":{"name":"(anonymous_24)","decl":{"start":{"line":469,"column":50},"end":{"line":469,"column":51}},"loc":{"start":{"line":470,"column":26},"end":{"line":470,"column":54}}},"25":{"name":"(anonymous_25)","decl":{"start":{"line":473,"column":42},"end":{"line":473,"column":43}},"loc":{"start":{"line":473,"column":53},"end":{"line":473,"column":94}}},"26":{"name":"(anonymous_26)","decl":{"start":{"line":477,"column":46},"end":{"line":477,"column":47}},"loc":{"start":{"line":478,"column":22},"end":{"line":478,"column":51}}},"27":{"name":"(anonymous_27)","decl":{"start":{"line":524,"column":39},"end":{"line":524,"column":40}},"loc":{"start":{"line":525,"column":20},"end":{"line":525,"column":40}}}},"branchMap":{"0":{"loc":{"start":{"line":169,"column":4},"end":{"line":172,"column":5}},"type":"if","locations":[{"start":{"line":169,"column":4},"end":{"line":172,"column":5}},{"start":{},"end":{}}]},"1":{"loc":{"start":{"line":169,"column":8},"end":{"line":169,"column":75}},"type":"binary-expr","locations":[{"start":{"line":169,"column":8},"end":{"line":169,"column":27}},{"start":{"line":169,"column":31},"end":{"line":169,"column":52}},{"start":{"line":169,"column":56},"end":{"line":169,"column":75}}]},"2":{"loc":{"start":{"line":174,"column":4},"end":{"line":177,"column":5}},"type":"if","locations":[{"start":{"line":174,"column":4},"end":{"line":177,"column":5}},{"start":{},"end":{}}]},"3":{"loc":{"start":{"line":188,"column":15},"end":{"line":190,"column":37}},"type":"binary-expr","locations":[{"start":{"line":188,"column":15},"end":{"line":188,"column":64}},{"start":{"line":189,"column":15},"end":{"line":189,"column":40}},{"start":{"line":190,"column":15},"end":{"line":190,"column":37}}]},"4":{"loc":{"start":{"line":214,"column":19},"end":{"line":214,"column":142}},"type":"cond-expr","locations":[{"start":{"line":214,"column":48},"end":{"line":214,"column":138}},{"start":{"line":214,"column":141},"end":{"line":214,"column":142}}]},"5":{"loc":{"start":{"line":223,"column":4},"end":{"line":228,"column":5}},"type":"if","locations":[{"start":{"line":223,"column":4},"end":{"line":228,"column":5}},{"start":{"line":226,"column":11},"end":{"line":228,"column":5}}]},"6":{"loc":{"start":{"line":234,"column":4},"end":{"line":239,"column":5}},"type":"if","locations":[{"start":{"line":234,"column":4},"end":{"line":239,"column":5}},{"start":{"line":237,"column":11},"end":{"line":239,"column":5}}]},"7":{"loc":{"start":{"line":248,"column":4},"end":{"line":248,"column":45}},"type":"if","locations":[{"start":{"line":248,"column":4},"end":{"line":248,"column":45}},{"start":{},"end":{}}]},"8":{"loc":{"start":{"line":308,"column":25},"end":{"line":308,"column":105}},"type":"binary-expr","locations":[{"start":{"line":308,"column":25},"end":{"line":308,"column":41}},{"start":{"line":308,"column":45},"end":{"line":308,"column":105}}]},"9":{"loc":{"start":{"line":350,"column":17},"end":{"line":350,"column":59}},"type":"cond-expr","locations":[{"start":{"line":350,"column":29},"end":{"line":350,"column":45}},{"start":{"line":350,"column":48},"end":{"line":350,"column":59}}]},"10":{"loc":{"start":{"line":365,"column":7},"end":{"line":563,"column":null}},"type":"binary-expr","locations":[{"start":{"line":365,"column":7},"end":{"line":365,"column":24}},{"start":{"line":366,"column":8},"end":{"line":562,"column":null}}]},"11":{"loc":{"start":{"line":431,"column":11},"end":{"line":490,"column":null}},"type":"binary-expr","locations":[{"start":{"line":431,"column":11},"end":{"line":431,"column":37}},{"start":{"line":432,"column":12},"end":{"line":489,"column":null}}]},"12":{"loc":{"start":{"line":500,"column":51},"end":{"line":500,"column":90}},"type":"cond-expr","locations":[{"start":{"line":500,"column":82},"end":{"line":500,"column":85}},{"start":{"line":500,"column":88},"end":{"line":500,"column":90}}]},"13":{"loc":{"start":{"line":500,"column":103},"end":{"line":500,"column":142}},"type":"cond-expr","locations":[{"start":{"line":500,"column":134},"end":{"line":500,"column":137}},{"start":{"line":500,"column":140},"end":{"line":500,"column":142}}]},"14":{"loc":{"start":{"line":503,"column":17},"end":{"line":507,"column":null}},"type":"binary-expr","locations":[{"start":{"line":503,"column":17},"end":{"line":503,"column":43}},{"start":{"line":504,"column":18},"end":{"line":505,"column":null}}]},"15":{"loc":{"start":{"line":512,"column":15},"end":{"line":559,"column":null}},"type":"cond-expr","locations":[{"start":{"line":513,"column":16},"end":{"line":520,"column":null}},{"start":{"line":523,"column":16},"end":{"line":558,"column":null}}]},"16":{"loc":{"start":{"line":567,"column":7},"end":{"line":576,"column":null}},"type":"binary-expr","locations":[{"start":{"line":567,"column":7},"end":{"line":567,"column":25}},{"start":{"line":568,"column":8},"end":{"line":575,"column":null}}]}},"s":{"0":1,"1":1,"2":1,"3":1,"4":1,"5":1,"6":1,"7":1,"8":1,"9":1,"10":12,"11":12,"12":12,"13":12,"14":12,"15":12,"16":12,"17":3,"18":1,"19":1,"20":2,"21":0,"22":0,"23":2,"24":2,"25":0,"26":0,"27":0,"28":0,"29":0,"30":0,"31":0,"32":0,"33":12,"34":0,"35":0,"36":0,"37":12,"38":0,"39":0,"40":0,"41":0,"42":0,"43":12,"44":0,"45":0,"46":0,"47":0,"48":0,"49":0,"50":0,"51":0,"52":12,"53":0,"54":0,"55":0,"56":0,"57":0,"58":0,"59":0,"60":0,"61":12,"62":12,"63":0,"64":0,"65":0,"66":0,"67":0,"68":0,"69":0,"70":0,"71":0,"72":0,"73":0,"74":0,"75":0,"76":0,"77":0,"78":12,"79":2,"80":48,"81":2,"82":2,"83":0,"84":0,"85":0,"86":0,"87":0,"88":0},"f":{"0":12,"1":3,"2":0,"3":0,"4":0,"5":0,"6":0,"7":0,"8":0,"9":0,"10":0,"11":0,"12":0,"13":0,"14":0,"15":0,"16":0,"17":0,"18":2,"19":48,"20":2,"21":2,"22":0,"23":0,"24":0,"25":0,"26":0,"27":0},"b":{"0":[1,2],"1":[3,2,2],"2":[0,2],"3":[0,0,0],"4":[0,12],"5":[0,0],"6":[0,0],"7":[0,0],"8":[48,12],"9":[2,10],"10":[12,0],"11":[0,0],"12":[0,0],"13":[0,0],"14":[0,0],"15":[0,0],"16":[12,12]}}
,"D:\\backup_documentos\\MISO\\2025\\ProyectoIntegrador 2\\web\\proyecto-1\\MediSupply Web\\src\\components\\InventarioView.tsx": {"path":"D:\\backup_documentos\\MISO\\2025\\ProyectoIntegrador 2\\web\\proyecto-1\\MediSupply Web\\src\\components\\InventarioView.tsx","statementMap":{"0":{"start":{"line":45,"column":0},"end":{"line":45,"column":16}},"1":{"start":{"line":1,"column":0},"end":{"line":1,"column":42}},"2":{"start":{"line":2,"column":0},"end":{"line":2,"column":37}},"3":{"start":{"line":3,"column":0},"end":{"line":3,"column":35}},"4":{"start":{"line":4,"column":0},"end":{"line":4,"column":86}},"5":{"start":{"line":5,"column":0},"end":{"line":5,"column":35}},"6":{"start":{"line":6,"column":0},"end":{"line":6,"column":113}},"7":{"start":{"line":7,"column":0},"end":{"line":7,"column":null}},"8":{"start":{"line":46,"column":32},"end":{"line":163,"column":4}},"9":{"start":{"line":165,"column":30},"end":{"line":165,"column":42}},"10":{"start":{"line":166,"column":40},"end":{"line":166,"column":51}},"11":{"start":{"line":167,"column":23},"end":{"line":167,"column":24}},"12":{"start":{"line":170,"column":29},"end":{"line":178,"column":35}},"13":{"start":{"line":171,"column":4},"end":{"line":171,"column":51}},"14":{"start":{"line":171,"column":24},"end":{"line":171,"column":51}},"15":{"start":{"line":172,"column":4},"end":{"line":177,"column":6}},"16":{"start":{"line":173,"column":6},"end":{"line":176,"column":69}},"17":{"start":{"line":181,"column":21},"end":{"line":181,"column":72}},"18":{"start":{"line":182,"column":29},"end":{"line":184,"column":null}},"19":{"start":{"line":188,"column":24},"end":{"line":199,"column":3}},"20":{"start":{"line":189,"column":4},"end":{"line":198,"column":5}},"21":{"start":{"line":191,"column":8},"end":{"line":191,"column":66}},"22":{"start":{"line":193,"column":8},"end":{"line":193,"column":69}},"23":{"start":{"line":195,"column":8},"end":{"line":195,"column":60}},"24":{"start":{"line":197,"column":8},"end":{"line":197,"column":65}},"25":{"start":{"line":201,"column":25},"end":{"line":212,"column":3}},"26":{"start":{"line":202,"column":4},"end":{"line":211,"column":5}},"27":{"start":{"line":204,"column":8},"end":{"line":204,"column":84}},"28":{"start":{"line":206,"column":8},"end":{"line":206,"column":96}},"29":{"start":{"line":208,"column":8},"end":{"line":208,"column":60}},"30":{"start":{"line":210,"column":8},"end":{"line":210,"column":62}},"31":{"start":{"line":214,"column":25},"end":{"line":221,"column":3}},"32":{"start":{"line":215,"column":19},"end":{"line":219,"column":6}},"33":{"start":{"line":220,"column":4},"end":{"line":220,"column":59}},"34":{"start":{"line":224,"column":23},"end":{"line":231,"column":4}},"35":{"start":{"line":226,"column":49},"end":{"line":226,"column":74}},"36":{"start":{"line":227,"column":54},"end":{"line":227,"column":86}},"37":{"start":{"line":228,"column":46},"end":{"line":228,"column":68}},"38":{"start":{"line":229,"column":65},"end":{"line":229,"column":103}},"39":{"start":{"line":230,"column":60},"end":{"line":230,"column":88}},"40":{"start":{"line":230,"column":79},"end":{"line":230,"column":87}},"41":{"start":{"line":233,"column":2},"end":{"line":590,"column":4}},"42":{"start":{"line":323,"column":20},"end":{"line":323,"column":46}},"43":{"start":{"line":324,"column":20},"end":{"line":324,"column":38}},"44":{"start":{"line":347,"column":18},"end":{"line":347,"column":41}},"45":{"start":{"line":489,"column":38},"end":{"line":489,"column":59}},"46":{"start":{"line":551,"column":39},"end":{"line":551,"column":70}},"47":{"start":{"line":559,"column":70},"end":{"line":559,"column":75}},"48":{"start":{"line":560,"column":26},"end":{"line":561,"column":null}},"49":{"start":{"line":564,"column":43},"end":{"line":564,"column":63}},"50":{"start":{"line":575,"column":39},"end":{"line":575,"column":70}}},"fnMap":{"0":{"name":"InventarioView","decl":{"start":{"line":45,"column":16},"end":{"line":45,"column":30}},"loc":{"start":{"line":45,"column":30},"end":{"line":591,"column":1}}},"1":{"name":"(anonymous_1)","decl":{"start":{"line":170,"column":37},"end":{"line":170,"column":40}},"loc":{"start":{"line":170,"column":42},"end":{"line":178,"column":3}}},"2":{"name":"(anonymous_2)","decl":{"start":{"line":172,"column":38},"end":{"line":172,"column":46}},"loc":{"start":{"line":173,"column":6},"end":{"line":176,"column":69}}},"3":{"name":"(anonymous_3)","decl":{"start":{"line":188,"column":24},"end":{"line":188,"column":25}},"loc":{"start":{"line":188,"column":43},"end":{"line":199,"column":3}}},"4":{"name":"(anonymous_4)","decl":{"start":{"line":201,"column":25},"end":{"line":201,"column":26}},"loc":{"start":{"line":201,"column":44},"end":{"line":212,"column":3}}},"5":{"name":"(anonymous_5)","decl":{"start":{"line":214,"column":25},"end":{"line":214,"column":26}},"loc":{"start":{"line":214,"column":44},"end":{"line":221,"column":3}}},"6":{"name":"(anonymous_6)","decl":{"start":{"line":226,"column":44},"end":{"line":226,"column":45}},"loc":{"start":{"line":226,"column":49},"end":{"line":226,"column":74}}},"7":{"name":"(anonymous_7)","decl":{"start":{"line":227,"column":49},"end":{"line":227,"column":50}},"loc":{"start":{"line":227,"column":54},"end":{"line":227,"column":86}}},"8":{"name":"(anonymous_8)","decl":{"start":{"line":228,"column":41},"end":{"line":228,"column":42}},"loc":{"start":{"line":228,"column":46},"end":{"line":228,"column":68}}},"9":{"name":"(anonymous_9)","decl":{"start":{"line":229,"column":53},"end":{"line":229,"column":54}},"loc":{"start":{"line":229,"column":65},"end":{"line":229,"column":103}}},"10":{"name":"(anonymous_10)","decl":{"start":{"line":230,"column":55},"end":{"line":230,"column":56}},"loc":{"start":{"line":230,"column":60},"end":{"line":230,"column":88}}},"11":{"name":"(anonymous_11)","decl":{"start":{"line":230,"column":74},"end":{"line":230,"column":75}},"loc":{"start":{"line":230,"column":79},"end":{"line":230,"column":87}}},"12":{"name":"(anonymous_12)","decl":{"start":{"line":322,"column":28},"end":{"line":322,"column":29}},"loc":{"start":{"line":322,"column":34},"end":{"line":325,"column":19}}},"13":{"name":"(anonymous_13)","decl":{"start":{"line":346,"column":40},"end":{"line":346,"column":41}},"loc":{"start":{"line":347,"column":18},"end":{"line":347,"column":41}}},"14":{"name":"(anonymous_14)","decl":{"start":{"line":488,"column":58},"end":{"line":488,"column":59}},"loc":{"start":{"line":489,"column":38},"end":{"line":489,"column":59}}},"15":{"name":"(anonymous_15)","decl":{"start":{"line":551,"column":33},"end":{"line":551,"column":36}},"loc":{"start":{"line":551,"column":39},"end":{"line":551,"column":70}}},"16":{"name":"(anonymous_16)","decl":{"start":{"line":559,"column":60},"end":{"line":559,"column":61}},"loc":{"start":{"line":559,"column":70},"end":{"line":559,"column":75}}},"17":{"name":"(anonymous_17)","decl":{"start":{"line":559,"column":81},"end":{"line":559,"column":82}},"loc":{"start":{"line":560,"column":26},"end":{"line":561,"column":null}}},"18":{"name":"(anonymous_18)","decl":{"start":{"line":564,"column":37},"end":{"line":564,"column":40}},"loc":{"start":{"line":564,"column":43},"end":{"line":564,"column":63}}},"19":{"name":"(anonymous_19)","decl":{"start":{"line":575,"column":33},"end":{"line":575,"column":36}},"loc":{"start":{"line":575,"column":39},"end":{"line":575,"column":70}}}},"branchMap":{"0":{"loc":{"start":{"line":171,"column":4},"end":{"line":171,"column":51}},"type":"if","locations":[{"start":{"line":171,"column":4},"end":{"line":171,"column":51}},{"start":{},"end":{}}]},"1":{"loc":{"start":{"line":173,"column":6},"end":{"line":176,"column":69}},"type":"binary-expr","locations":[{"start":{"line":173,"column":6},"end":{"line":173,"column":66}},{"start":{"line":174,"column":6},"end":{"line":174,"column":63}},{"start":{"line":175,"column":6},"end":{"line":175,"column":64}},{"start":{"line":176,"column":6},"end":{"line":176,"column":69}}]},"2":{"loc":{"start":{"line":189,"column":4},"end":{"line":198,"column":5}},"type":"switch","locations":[{"start":{"line":190,"column":6},"end":{"line":191,"column":66}},{"start":{"line":192,"column":6},"end":{"line":193,"column":69}},{"start":{"line":194,"column":6},"end":{"line":195,"column":60}},{"start":{"line":196,"column":6},"end":{"line":197,"column":65}}]},"3":{"loc":{"start":{"line":202,"column":4},"end":{"line":211,"column":5}},"type":"switch","locations":[{"start":{"line":203,"column":6},"end":{"line":204,"column":84}},{"start":{"line":205,"column":6},"end":{"line":206,"column":96}},{"start":{"line":207,"column":6},"end":{"line":208,"column":60}},{"start":{"line":209,"column":6},"end":{"line":210,"column":62}}]},"4":{"loc":{"start":{"line":220,"column":11},"end":{"line":220,"column":58}},"type":"binary-expr","locations":[{"start":{"line":220,"column":11},"end":{"line":220,"column":48}},{"start":{"line":220,"column":52},"end":{"line":220,"column":58}}]},"5":{"loc":{"start":{"line":313,"column":85},"end":{"line":313,"column":128}},"type":"cond-expr","locations":[{"start":{"line":313,"column":120},"end":{"line":313,"column":123}},{"start":{"line":313,"column":126},"end":{"line":313,"column":128}}]},"6":{"loc":{"start":{"line":313,"column":139},"end":{"line":313,"column":181}},"type":"cond-expr","locations":[{"start":{"line":313,"column":173},"end":{"line":313,"column":176}},{"start":{"line":313,"column":179},"end":{"line":313,"column":181}}]},"7":{"loc":{"start":{"line":334,"column":13},"end":{"line":584,"column":null}},"type":"cond-expr","locations":[{"start":{"line":335,"column":14},"end":{"line":342,"column":null}},{"start":{"line":345,"column":14},"end":{"line":583,"column":null}}]},"8":{"loc":{"start":{"line":338,"column":19},"end":{"line":338,"column":107}},"type":"cond-expr","locations":[{"start":{"line":338,"column":28},"end":{"line":338,"column":72}},{"start":{"line":338,"column":75},"end":{"line":338,"column":107}}]},"9":{"loc":{"start":{"line":341,"column":19},"end":{"line":341,"column":127}},"type":"cond-expr","locations":[{"start":{"line":341,"column":28},"end":{"line":341,"column":68}},{"start":{"line":341,"column":71},"end":{"line":341,"column":127}}]},"10":{"loc":{"start":{"line":361,"column":45},"end":{"line":361,"column":125}},"type":"cond-expr","locations":[{"start":{"line":361,"column":91},"end":{"line":361,"column":120}},{"start":{"line":361,"column":123},"end":{"line":361,"column":125}}]},"11":{"loc":{"start":{"line":449,"column":70},"end":{"line":449,"column":138}},"type":"cond-expr","locations":[{"start":{"line":449,"column":116},"end":{"line":449,"column":133}},{"start":{"line":449,"column":136},"end":{"line":449,"column":138}}]},"12":{"loc":{"start":{"line":480,"column":33},"end":{"line":526,"column":null}},"type":"cond-expr","locations":[{"start":{"line":481,"column":34},"end":{"line":484,"column":null}},{"start":{"line":487,"column":34},"end":{"line":525,"column":null}}]},"13":{"loc":{"start":{"line":542,"column":17},"end":{"line":582,"column":null}},"type":"binary-expr","locations":[{"start":{"line":542,"column":17},"end":{"line":542,"column":31}},{"start":{"line":543,"column":18},"end":{"line":581,"column":null}}]},"14":{"loc":{"start":{"line":562,"column":37},"end":{"line":562,"column":81}},"type":"cond-expr","locations":[{"start":{"line":562,"column":60},"end":{"line":562,"column":69}},{"start":{"line":562,"column":72},"end":{"line":562,"column":81}}]}},"s":{"0":1,"1":1,"2":1,"3":1,"4":1,"5":1,"6":1,"7":1,"8":7,"9":6,"10":6,"11":6,"12":6,"13":6,"14":4,"15":2,"16":10,"17":6,"18":6,"19":6,"20":21,"21":9,"22":8,"23":4,"24":0,"25":6,"26":42,"27":18,"28":16,"29":8,"30":0,"31":6,"32":21,"33":21,"34":6,"35":30,"36":30,"37":30,"38":30,"39":30,"40":36,"41":6,"42":2,"43":2,"44":21,"45":26,"46":0,"47":0,"48":0,"49":0,"50":0},"f":{"0":7,"1":6,"2":10,"3":21,"4":42,"5":21,"6":30,"7":30,"8":30,"9":30,"10":30,"11":36,"12":2,"13":21,"14":26,"15":0,"16":0,"17":0,"18":0,"19":0},"b":{"0":[4,2],"1":[10,9,9,9],"2":[9,8,4,0],"3":[18,16,8,0],"4":[21,0],"5":[6,0],"6":[5,1],"7":[1,5],"8":[1,0],"9":[1,0],"10":[12,9],"11":[12,9],"12":[4,17],"13":[5,0],"14":[0,0]}}
,"D:\\backup_documentos\\MISO\\2025\\ProyectoIntegrador 2\\web\\proyecto-1\\MediSupply Web\\src\\components\\LoginForm.tsx": {"path":"D:\\backup_documentos\\MISO\\2025\\ProyectoIntegrador 2\\web\\proyecto-1\\MediSupply Web\\src\\components\\LoginForm.tsx","statementMap":{"0":{"start":{"line":17,"column":0},"end":{"line":17,"column":16}},"1":{"start":{"line":1,"column":0},"end":{"line":1,"column":33}},"2":{"start":{"line":2,"column":0},"end":{"line":2,"column":37}},"3":{"start":{"line":3,"column":0},"end":{"line":3,"column":35}},"4":{"start":{"line":4,"column":0},"end":{"line":4,"column":35}},"5":{"start":{"line":5,"column":0},"end":{"line":5,"column":86}},"6":{"start":{"line":6,"column":0},"end":{"line":6,"column":61}},"7":{"start":{"line":18,"column":28},"end":{"line":18,"column":40}},"8":{"start":{"line":19,"column":34},"end":{"line":19,"column":46}},"9":{"start":{"line":20,"column":42},"end":{"line":20,"column":57}},"10":{"start":{"line":21,"column":36},"end":{"line":21,"column":51}},"11":{"start":{"line":23,"column":23},"end":{"line":33,"column":3}},"12":{"start":{"line":24,"column":4},"end":{"line":24,"column":23}},"13":{"start":{"line":25,"column":4},"end":{"line":25,"column":23}},"14":{"start":{"line":28,"column":4},"end":{"line":32,"column":13}},"15":{"start":{"line":29,"column":6},"end":{"line":29,"column":26}},"16":{"start":{"line":30,"column":6},"end":{"line":30,"column":64}},"17":{"start":{"line":31,"column":6},"end":{"line":31,"column":23}},"18":{"start":{"line":35,"column":2},"end":{"line":109,"column":4}},"19":{"start":{"line":59,"column":33},"end":{"line":59,"column":57}},"20":{"start":{"line":75,"column":33},"end":{"line":75,"column":60}},"21":{"start":{"line":81,"column":31},"end":{"line":81,"column":61}}},"fnMap":{"0":{"name":"LoginForm","decl":{"start":{"line":17,"column":16},"end":{"line":17,"column":25}},"loc":{"start":{"line":17,"column":78},"end":{"line":110,"column":1}}},"1":{"name":"(anonymous_1)","decl":{"start":{"line":23,"column":23},"end":{"line":23,"column":28}},"loc":{"start":{"line":23,"column":52},"end":{"line":33,"column":3}}},"2":{"name":"(anonymous_2)","decl":{"start":{"line":28,"column":15},"end":{"line":28,"column":18}},"loc":{"start":{"line":28,"column":20},"end":{"line":32,"column":5}}},"3":{"name":"(anonymous_3)","decl":{"start":{"line":59,"column":26},"end":{"line":59,"column":27}},"loc":{"start":{"line":59,"column":33},"end":{"line":59,"column":57}}},"4":{"name":"(anonymous_4)","decl":{"start":{"line":75,"column":26},"end":{"line":75,"column":27}},"loc":{"start":{"line":75,"column":33},"end":{"line":75,"column":60}}},"5":{"name":"(anonymous_5)","decl":{"start":{"line":81,"column":25},"end":{"line":81,"column":28}},"loc":{"start":{"line":81,"column":31},"end":{"line":81,"column":61}}}},"branchMap":{"0":{"loc":{"start":{"line":72,"column":22},"end":{"line":72,"column":56}},"type":"cond-expr","locations":[{"start":{"line":72,"column":37},"end":{"line":72,"column":43}},{"start":{"line":72,"column":46},"end":{"line":72,"column":56}}]},"1":{"loc":{"start":{"line":84,"column":17},"end":{"line":87,"column":null}},"type":"cond-expr","locations":[{"start":{"line":85,"column":18},"end":{"line":85,"column":48}},{"start":{"line":87,"column":18},"end":{"line":87,"column":45}}]},"2":{"loc":{"start":{"line":94,"column":13},"end":{"line":94,"column":65}},"type":"cond-expr","locations":[{"start":{"line":94,"column":25},"end":{"line":94,"column":46}},{"start":{"line":94,"column":49},"end":{"line":94,"column":65}}]}},"s":{"0":1,"1":1,"2":1,"3":1,"4":1,"5":1,"6":1,"7":6,"8":6,"9":6,"10":6,"11":6,"12":1,"13":1,"14":1,"15":1,"16":1,"17":1,"18":6,"19":1,"20":1,"21":0},"f":{"0":6,"1":1,"2":1,"3":1,"4":1,"5":0},"b":{"0":[0,6],"1":[0,6],"2":[1,5]}}
,"D:\\backup_documentos\\MISO\\2025\\ProyectoIntegrador 2\\web\\proyecto-1\\MediSupply Web\\src\\components\\PlanesVentaView.tsx": {"path":"D:\\backup_documentos\\MISO\\2025\\ProyectoIntegrador 2\\web\\proyecto-1\\MediSupply Web\\src\\components\\PlanesVentaView.tsx","statementMap":{"0":{"start":{"line":51,"column":0},"end":{"line":51,"column":16}},"1":{"start":{"line":1,"column":0},"end":{"line":1,"column":42}},"2":{"start":{"line":2,"column":0},"end":{"line":2,"column":37}},"3":{"start":{"line":3,"column":0},"end":{"line":3,"column":35}},"4":{"start":{"line":4,"column":0},"end":{"line":4,"column":35}},"5":{"start":{"line":5,"column":0},"end":{"line":5,"column":86}},"6":{"start":{"line":6,"column":0},"end":{"line":6,"column":35}},"7":{"start":{"line":7,"column":0},"end":{"line":7,"column":53}},"8":{"start":{"line":8,"column":0},"end":{"line":8,"column":87}},"9":{"start":{"line":9,"column":0},"end":{"line":9,"column":92}},"10":{"start":{"line":10,"column":0},"end":{"line":10,"column":113}},"11":{"start":{"line":11,"column":0},"end":{"line":11,"column":41}},"12":{"start":{"line":12,"column":0},"end":{"line":12,"column":null}},"13":{"start":{"line":53,"column":44},"end":{"line":78,"column":4}},"14":{"start":{"line":80,"column":40},"end":{"line":105,"column":4}},"15":{"start":{"line":101,"column":52},"end":{"line":101,"column":60}},"16":{"start":{"line":107,"column":36},"end":{"line":111,"column":4}},"17":{"start":{"line":113,"column":38},"end":{"line":113,"column":67}},"18":{"start":{"line":114,"column":40},"end":{"line":118,"column":4}},"19":{"start":{"line":120,"column":36},"end":{"line":120,"column":51}},"20":{"start":{"line":121,"column":38},"end":{"line":121,"column":53}},"21":{"start":{"line":122,"column":30},"end":{"line":122,"column":42}},"22":{"start":{"line":123,"column":50},"end":{"line":123,"column":62}},"23":{"start":{"line":124,"column":42},"end":{"line":124,"column":54}},"24":{"start":{"line":125,"column":40},"end":{"line":125,"column":51}},"25":{"start":{"line":126,"column":54},"end":{"line":126,"column":86}},"26":{"start":{"line":127,"column":23},"end":{"line":127,"column":24}},"27":{"start":{"line":130,"column":26},"end":{"line":137,"column":27}},"28":{"start":{"line":131,"column":4},"end":{"line":131,"column":43}},"29":{"start":{"line":131,"column":24},"end":{"line":131,"column":43}},"30":{"start":{"line":132,"column":4},"end":{"line":136,"column":6}},"31":{"start":{"line":133,"column":6},"end":{"line":135,"column":50}},"32":{"start":{"line":134,"column":32},"end":{"line":134,"column":85}},"33":{"start":{"line":140,"column":30},"end":{"line":146,"column":24}},"34":{"start":{"line":141,"column":4},"end":{"line":141,"column":63}},"35":{"start":{"line":141,"column":34},"end":{"line":141,"column":63}},"36":{"start":{"line":142,"column":4},"end":{"line":145,"column":6}},"37":{"start":{"line":143,"column":6},"end":{"line":144,"column":76}},"38":{"start":{"line":149,"column":21},"end":{"line":149,"column":69}},"39":{"start":{"line":150,"column":26},"end":{"line":152,"column":null}},"40":{"start":{"line":155,"column":28},"end":{"line":190,"column":3}},"41":{"start":{"line":156,"column":4},"end":{"line":156,"column":23}},"42":{"start":{"line":158,"column":4},"end":{"line":161,"column":5}},"43":{"start":{"line":159,"column":6},"end":{"line":159,"column":95}},"44":{"start":{"line":160,"column":6},"end":{"line":160,"column":13}},"45":{"start":{"line":163,"column":4},"end":{"line":163,"column":23}},"46":{"start":{"line":164,"column":4},"end":{"line":164,"column":24}},"47":{"start":{"line":166,"column":4},"end":{"line":189,"column":13}},"48":{"start":{"line":167,"column":38},"end":{"line":168,"column":null}},"49":{"start":{"line":168,"column":8},"end":{"line":168,"column":56}},"50":{"start":{"line":171,"column":31},"end":{"line":178,"column":8}},"51":{"start":{"line":172,"column":45},"end":{"line":172,"column":49}},"52":{"start":{"line":180,"column":6},"end":{"line":180,"column":46}},"53":{"start":{"line":181,"column":6},"end":{"line":185,"column":9}},"54":{"start":{"line":186,"column":6},"end":{"line":186,"column":26}},"55":{"start":{"line":187,"column":6},"end":{"line":187,"column":27}},"56":{"start":{"line":188,"column":6},"end":{"line":188,"column":103}},"57":{"start":{"line":192,"column":25},"end":{"line":199,"column":3}},"58":{"start":{"line":193,"column":4},"end":{"line":193,"column":27}},"59":{"start":{"line":194,"column":4},"end":{"line":198,"column":7}},"60":{"start":{"line":197,"column":56},"end":{"line":197,"column":60}},"61":{"start":{"line":201,"column":26},"end":{"line":209,"column":3}},"62":{"start":{"line":202,"column":4},"end":{"line":202,"column":24}},"63":{"start":{"line":203,"column":4},"end":{"line":207,"column":7}},"64":{"start":{"line":208,"column":4},"end":{"line":208,"column":24}},"65":{"start":{"line":211,"column":25},"end":{"line":238,"column":3}},"66":{"start":{"line":212,"column":4},"end":{"line":215,"column":5}},"67":{"start":{"line":213,"column":6},"end":{"line":213,"column":95}},"68":{"start":{"line":214,"column":6},"end":{"line":214,"column":13}},"69":{"start":{"line":217,"column":36},"end":{"line":218,"column":null}},"70":{"start":{"line":218,"column":6},"end":{"line":218,"column":56}},"71":{"start":{"line":221,"column":4},"end":{"line":230,"column":7}},"72":{"start":{"line":222,"column":6},"end":{"line":229,"column":11}},"73":{"start":{"line":231,"column":4},"end":{"line":231,"column":24}},"74":{"start":{"line":232,"column":4},"end":{"line":236,"column":7}},"75":{"start":{"line":237,"column":4},"end":{"line":237,"column":24}},"76":{"start":{"line":240,"column":23},"end":{"line":242,"column":3}},"77":{"start":{"line":241,"column":4},"end":{"line":241,"column":57}},"78":{"start":{"line":241,"column":43},"end":{"line":241,"column":54}},"79":{"start":{"line":244,"column":37},"end":{"line":265,"column":3}},"80":{"start":{"line":245,"column":4},"end":{"line":263,"column":5}},"81":{"start":{"line":246,"column":34},"end":{"line":248,"column":62}},"82":{"start":{"line":247,"column":59},"end":{"line":247,"column":76}},"83":{"start":{"line":250,"column":6},"end":{"line":253,"column":9}},"84":{"start":{"line":255,"column":34},"end":{"line":257,"column":60}},"85":{"start":{"line":256,"column":57},"end":{"line":256,"column":74}},"86":{"start":{"line":259,"column":6},"end":{"line":262,"column":9}},"87":{"start":{"line":264,"column":4},"end":{"line":264,"column":24}},"88":{"start":{"line":267,"column":26},"end":{"line":275,"column":3}},"89":{"start":{"line":268,"column":19},"end":{"line":273,"column":6}},"90":{"start":{"line":274,"column":4},"end":{"line":274,"column":61}},"91":{"start":{"line":277,"column":25},"end":{"line":284,"column":3}},"92":{"start":{"line":278,"column":21},"end":{"line":282,"column":6}},"93":{"start":{"line":283,"column":4},"end":{"line":283,"column":68}},"94":{"start":{"line":286,"column":2},"end":{"line":707,"column":4}},"95":{"start":{"line":306,"column":39},"end":{"line":306,"column":60}},"96":{"start":{"line":318,"column":47},"end":{"line":318,"column":66}},"97":{"start":{"line":333,"column":48},"end":{"line":333,"column":75}},"98":{"start":{"line":333,"column":70},"end":{"line":333,"column":74}},"99":{"start":{"line":348,"column":83},"end":{"line":348,"column":102}},"100":{"start":{"line":384,"column":22},"end":{"line":384,"column":67}},"101":{"start":{"line":385,"column":22},"end":{"line":385,"column":42}},"102":{"start":{"line":430,"column":26},"end":{"line":430,"column":84}},"103":{"start":{"line":431,"column":26},"end":{"line":431,"column":46}},"104":{"start":{"line":451,"column":43},"end":{"line":451,"column":78}},"105":{"start":{"line":464,"column":26},"end":{"line":464,"column":49}},"106":{"start":{"line":468,"column":53},"end":{"line":468,"column":92}},"107":{"start":{"line":522,"column":20},"end":{"line":522,"column":46}},"108":{"start":{"line":523,"column":20},"end":{"line":523,"column":38}},"109":{"start":{"line":546,"column":18},"end":{"line":546,"column":37}},"110":{"start":{"line":610,"column":36},"end":{"line":610,"column":59}},"111":{"start":{"line":642,"column":41},"end":{"line":642,"column":61}},"112":{"start":{"line":649,"column":41},"end":{"line":649,"column":62}},"113":{"start":{"line":668,"column":39},"end":{"line":668,"column":70}},"114":{"start":{"line":676,"column":70},"end":{"line":676,"column":75}},"115":{"start":{"line":677,"column":26},"end":{"line":678,"column":null}},"116":{"start":{"line":681,"column":43},"end":{"line":681,"column":63}},"117":{"start":{"line":692,"column":39},"end":{"line":692,"column":70}}},"fnMap":{"0":{"name":"PlanesVentaView","decl":{"start":{"line":51,"column":16},"end":{"line":51,"column":31}},"loc":{"start":{"line":51,"column":67},"end":{"line":708,"column":1}}},"1":{"name":"(anonymous_1)","decl":{"start":{"line":101,"column":47},"end":{"line":101,"column":48}},"loc":{"start":{"line":101,"column":52},"end":{"line":101,"column":60}}},"2":{"name":"(anonymous_2)","decl":{"start":{"line":130,"column":34},"end":{"line":130,"column":37}},"loc":{"start":{"line":130,"column":39},"end":{"line":137,"column":3}}},"3":{"name":"(anonymous_3)","decl":{"start":{"line":132,"column":30},"end":{"line":132,"column":34}},"loc":{"start":{"line":133,"column":6},"end":{"line":135,"column":50}}},"4":{"name":"(anonymous_4)","decl":{"start":{"line":134,"column":27},"end":{"line":134,"column":28}},"loc":{"start":{"line":134,"column":32},"end":{"line":134,"column":85}}},"5":{"name":"(anonymous_5)","decl":{"start":{"line":140,"column":38},"end":{"line":140,"column":41}},"loc":{"start":{"line":140,"column":43},"end":{"line":146,"column":3}}},"6":{"name":"(anonymous_6)","decl":{"start":{"line":142,"column":40},"end":{"line":142,"column":48}},"loc":{"start":{"line":143,"column":6},"end":{"line":144,"column":76}}},"7":{"name":"(anonymous_7)","decl":{"start":{"line":155,"column":28},"end":{"line":155,"column":33}},"loc":{"start":{"line":155,"column":57},"end":{"line":190,"column":3}}},"8":{"name":"(anonymous_8)","decl":{"start":{"line":166,"column":15},"end":{"line":166,"column":18}},"loc":{"start":{"line":166,"column":20},"end":{"line":189,"column":5}}},"9":{"name":"(anonymous_9)","decl":{"start":{"line":167,"column":67},"end":{"line":167,"column":68}},"loc":{"start":{"line":168,"column":8},"end":{"line":168,"column":56}}},"10":{"name":"(anonymous_10)","decl":{"start":{"line":172,"column":40},"end":{"line":172,"column":41}},"loc":{"start":{"line":172,"column":45},"end":{"line":172,"column":49}}},"11":{"name":"(anonymous_11)","decl":{"start":{"line":192,"column":25},"end":{"line":192,"column":26}},"loc":{"start":{"line":192,"column":45},"end":{"line":199,"column":3}}},"12":{"name":"(anonymous_12)","decl":{"start":{"line":197,"column":51},"end":{"line":197,"column":52}},"loc":{"start":{"line":197,"column":56},"end":{"line":197,"column":60}}},"13":{"name":"(anonymous_13)","decl":{"start":{"line":201,"column":26},"end":{"line":201,"column":29}},"loc":{"start":{"line":201,"column":31},"end":{"line":209,"column":3}}},"14":{"name":"(anonymous_14)","decl":{"start":{"line":211,"column":25},"end":{"line":211,"column":26}},"loc":{"start":{"line":211,"column":40},"end":{"line":238,"column":3}}},"15":{"name":"(anonymous_15)","decl":{"start":{"line":217,"column":65},"end":{"line":217,"column":66}},"loc":{"start":{"line":218,"column":6},"end":{"line":218,"column":56}}},"16":{"name":"(anonymous_16)","decl":{"start":{"line":221,"column":35},"end":{"line":221,"column":36}},"loc":{"start":{"line":222,"column":6},"end":{"line":229,"column":11}}},"17":{"name":"(anonymous_17)","decl":{"start":{"line":240,"column":23},"end":{"line":240,"column":24}},"loc":{"start":{"line":240,"column":38},"end":{"line":242,"column":3}}},"18":{"name":"(anonymous_18)","decl":{"start":{"line":241,"column":38},"end":{"line":241,"column":39}},"loc":{"start":{"line":241,"column":43},"end":{"line":241,"column":54}}},"19":{"name":"(anonymous_19)","decl":{"start":{"line":244,"column":37},"end":{"line":244,"column":38}},"loc":{"start":{"line":244,"column":88},"end":{"line":265,"column":3}}},"20":{"name":"(anonymous_20)","decl":{"start":{"line":247,"column":53},"end":{"line":247,"column":55}},"loc":{"start":{"line":247,"column":59},"end":{"line":247,"column":76}}},"21":{"name":"(anonymous_21)","decl":{"start":{"line":256,"column":51},"end":{"line":256,"column":53}},"loc":{"start":{"line":256,"column":57},"end":{"line":256,"column":74}}},"22":{"name":"(anonymous_22)","decl":{"start":{"line":267,"column":26},"end":{"line":267,"column":27}},"loc":{"start":{"line":267,"column":46},"end":{"line":275,"column":3}}},"23":{"name":"(anonymous_23)","decl":{"start":{"line":277,"column":25},"end":{"line":277,"column":26}},"loc":{"start":{"line":277,"column":44},"end":{"line":284,"column":3}}},"24":{"name":"(anonymous_24)","decl":{"start":{"line":306,"column":34},"end":{"line":306,"column":35}},"loc":{"start":{"line":306,"column":39},"end":{"line":306,"column":60}}},"25":{"name":"(anonymous_25)","decl":{"start":{"line":318,"column":35},"end":{"line":318,"column":36}},"loc":{"start":{"line":318,"column":47},"end":{"line":318,"column":66}}},"26":{"name":"(anonymous_26)","decl":{"start":{"line":333,"column":43},"end":{"line":333,"column":44}},"loc":{"start":{"line":333,"column":48},"end":{"line":333,"column":75}}},"27":{"name":"(anonymous_27)","decl":{"start":{"line":333,"column":65},"end":{"line":333,"column":66}},"loc":{"start":{"line":333,"column":70},"end":{"line":333,"column":74}}},"28":{"name":"(anonymous_28)","decl":{"start":{"line":348,"column":71},"end":{"line":348,"column":72}},"loc":{"start":{"line":348,"column":83},"end":{"line":348,"column":102}}},"29":{"name":"(anonymous_29)","decl":{"start":{"line":383,"column":69},"end":{"line":383,"column":70}},"loc":{"start":{"line":383,"column":79},"end":{"line":386,"column":21}}},"30":{"name":"(anonymous_30)","decl":{"start":{"line":429,"column":34},"end":{"line":429,"column":35}},"loc":{"start":{"line":429,"column":40},"end":{"line":432,"column":25}}},"31":{"name":"(anonymous_31)","decl":{"start":{"line":451,"column":36},"end":{"line":451,"column":37}},"loc":{"start":{"line":451,"column":43},"end":{"line":451,"column":78}}},"32":{"name":"(anonymous_32)","decl":{"start":{"line":463,"column":48},"end":{"line":463,"column":49}},"loc":{"start":{"line":464,"column":26},"end":{"line":464,"column":49}}},"33":{"name":"(anonymous_33)","decl":{"start":{"line":468,"column":47},"end":{"line":468,"column":50}},"loc":{"start":{"line":468,"column":53},"end":{"line":468,"column":92}}},"34":{"name":"(anonymous_34)","decl":{"start":{"line":521,"column":28},"end":{"line":521,"column":29}},"loc":{"start":{"line":521,"column":34},"end":{"line":524,"column":19}}},"35":{"name":"(anonymous_35)","decl":{"start":{"line":545,"column":37},"end":{"line":545,"column":38}},"loc":{"start":{"line":546,"column":18},"end":{"line":546,"column":37}}},"36":{"name":"(anonymous_36)","decl":{"start":{"line":609,"column":55},"end":{"line":609,"column":56}},"loc":{"start":{"line":610,"column":36},"end":{"line":610,"column":59}}},"37":{"name":"(anonymous_37)","decl":{"start":{"line":642,"column":35},"end":{"line":642,"column":38}},"loc":{"start":{"line":642,"column":41},"end":{"line":642,"column":61}}},"38":{"name":"(anonymous_38)","decl":{"start":{"line":649,"column":35},"end":{"line":649,"column":38}},"loc":{"start":{"line":649,"column":41},"end":{"line":649,"column":62}}},"39":{"name":"(anonymous_39)","decl":{"start":{"line":668,"column":33},"end":{"line":668,"column":36}},"loc":{"start":{"line":668,"column":39},"end":{"line":668,"column":70}}},"40":{"name":"(anonymous_40)","decl":{"start":{"line":676,"column":60},"end":{"line":676,"column":61}},"loc":{"start":{"line":676,"column":70},"end":{"line":676,"column":75}}},"41":{"name":"(anonymous_41)","decl":{"start":{"line":676,"column":81},"end":{"line":676,"column":82}},"loc":{"start":{"line":677,"column":26},"end":{"line":678,"column":null}}},"42":{"name":"(anonymous_42)","decl":{"start":{"line":681,"column":37},"end":{"line":681,"column":40}},"loc":{"start":{"line":681,"column":43},"end":{"line":681,"column":63}}},"43":{"name":"(anonymous_43)","decl":{"start":{"line":692,"column":33},"end":{"line":692,"column":36}},"loc":{"start":{"line":692,"column":39},"end":{"line":692,"column":70}}}},"branchMap":{"0":{"loc":{"start":{"line":131,"column":4},"end":{"line":131,"column":43}},"type":"if","locations":[{"start":{"line":131,"column":4},"end":{"line":131,"column":43}},{"start":{},"end":{}}]},"1":{"loc":{"start":{"line":133,"column":6},"end":{"line":135,"column":50}},"type":"binary-expr","locations":[{"start":{"line":133,"column":6},"end":{"line":133,"column":63}},{"start":{"line":134,"column":6},"end":{"line":134,"column":86}},{"start":{"line":135,"column":6},"end":{"line":135,"column":50}}]},"2":{"loc":{"start":{"line":141,"column":4},"end":{"line":141,"column":63}},"type":"if","locations":[{"start":{"line":141,"column":4},"end":{"line":141,"column":63}},{"start":{},"end":{}}]},"3":{"loc":{"start":{"line":143,"column":6},"end":{"line":144,"column":76}},"type":"binary-expr","locations":[{"start":{"line":143,"column":6},"end":{"line":143,"column":76}},{"start":{"line":144,"column":6},"end":{"line":144,"column":76}}]},"4":{"loc":{"start":{"line":158,"column":4},"end":{"line":161,"column":5}},"type":"if","locations":[{"start":{"line":158,"column":4},"end":{"line":161,"column":5}},{"start":{},"end":{}}]},"5":{"loc":{"start":{"line":158,"column":8},"end":{"line":158,"column":102}},"type":"binary-expr","locations":[{"start":{"line":158,"column":8},"end":{"line":158,"column":26}},{"start":{"line":158,"column":30},"end":{"line":158,"column":52}},{"start":{"line":158,"column":56},"end":{"line":158,"column":102}}]},"6":{"loc":{"start":{"line":212,"column":4},"end":{"line":215,"column":5}},"type":"if","locations":[{"start":{"line":212,"column":4},"end":{"line":215,"column":5}},{"start":{},"end":{}}]},"7":{"loc":{"start":{"line":212,"column":8},"end":{"line":212,"column":108}},"type":"binary-expr","locations":[{"start":{"line":212,"column":8},"end":{"line":212,"column":28}},{"start":{"line":212,"column":32},"end":{"line":212,"column":56}},{"start":{"line":212,"column":60},"end":{"line":212,"column":108}}]},"8":{"loc":{"start":{"line":222,"column":6},"end":{"line":229,"column":11}},"type":"cond-expr","locations":[{"start":{"line":223,"column":10},"end":{"line":228,"column":null}},{"start":{"line":229,"column":10},"end":{"line":229,"column":11}}]},"9":{"loc":{"start":{"line":244,"column":58},"end":{"line":244,"column":84}},"type":"default-arg","locations":[{"start":{"line":244,"column":79},"end":{"line":244,"column":84}}]},"10":{"loc":{"start":{"line":245,"column":4},"end":{"line":263,"column":5}},"type":"if","locations":[{"start":{"line":245,"column":4},"end":{"line":263,"column":5}},{"start":{"line":254,"column":11},"end":{"line":263,"column":5}}]},"11":{"loc":{"start":{"line":246,"column":34},"end":{"line":248,"column":62}},"type":"cond-expr","locations":[{"start":{"line":247,"column":10},"end":{"line":247,"column":77}},{"start":{"line":248,"column":10},"end":{"line":248,"column":62}}]},"12":{"loc":{"start":{"line":255,"column":34},"end":{"line":257,"column":60}},"type":"cond-expr","locations":[{"start":{"line":256,"column":10},"end":{"line":256,"column":75}},{"start":{"line":257,"column":10},"end":{"line":257,"column":60}}]},"13":{"loc":{"start":{"line":274,"column":11},"end":{"line":274,"column":60}},"type":"binary-expr","locations":[{"start":{"line":274,"column":11},"end":{"line":274,"column":49}},{"start":{"line":274,"column":53},"end":{"line":274,"column":60}}]},"14":{"loc":{"start":{"line":283,"column":11},"end":{"line":283,"column":67}},"type":"binary-expr","locations":[{"start":{"line":283,"column":11},"end":{"line":283,"column":52}},{"start":{"line":283,"column":56},"end":{"line":283,"column":67}}]},"15":{"loc":{"start":{"line":348,"column":16},"end":{"line":348,"column":151}},"type":"cond-expr","locations":[{"start":{"line":348,"column":41},"end":{"line":348,"column":145}},{"start":{"line":348,"column":148},"end":{"line":348,"column":151}}]},"16":{"loc":{"start":{"line":367,"column":72},"end":{"line":367,"column":102}},"type":"cond-expr","locations":[{"start":{"line":367,"column":85},"end":{"line":367,"column":97}},{"start":{"line":367,"column":100},"end":{"line":367,"column":102}}]},"17":{"loc":{"start":{"line":373,"column":15},"end":{"line":377,"column":null}},"type":"binary-expr","locations":[{"start":{"line":373,"column":15},"end":{"line":373,"column":27}},{"start":{"line":374,"column":16},"end":{"line":376,"column":null}}]},"18":{"loc":{"start":{"line":458,"column":23},"end":{"line":484,"column":null}},"type":"cond-expr","locations":[{"start":{"line":459,"column":24},"end":{"line":459,"column":null}},{"start":{"line":463,"column":24},"end":{"line":484,"column":26}}]},"19":{"loc":{"start":{"line":474,"column":69},"end":{"line":474,"column":116}},"type":"cond-expr","locations":[{"start":{"line":474,"column":88},"end":{"line":474,"column":111}},{"start":{"line":474,"column":114},"end":{"line":474,"column":116}}]},"20":{"loc":{"start":{"line":480,"column":29},"end":{"line":481,"column":null}},"type":"binary-expr","locations":[{"start":{"line":480,"column":29},"end":{"line":480,"column":45}},{"start":{"line":481,"column":30},"end":{"line":481,"column":93}}]},"21":{"loc":{"start":{"line":489,"column":19},"end":{"line":492,"column":null}},"type":"binary-expr","locations":[{"start":{"line":489,"column":19},"end":{"line":489,"column":63}},{"start":{"line":490,"column":20},"end":{"line":491,"column":null}}]},"22":{"loc":{"start":{"line":491,"column":74},"end":{"line":491,"column":132}},"type":"cond-expr","locations":[{"start":{"line":491,"column":123},"end":{"line":491,"column":127}},{"start":{"line":491,"column":130},"end":{"line":491,"column":132}}]},"23":{"loc":{"start":{"line":491,"column":147},"end":{"line":491,"column":204}},"type":"cond-expr","locations":[{"start":{"line":491,"column":196},"end":{"line":491,"column":199}},{"start":{"line":491,"column":202},"end":{"line":491,"column":204}}]},"24":{"loc":{"start":{"line":497,"column":19},"end":{"line":497,"column":67}},"type":"cond-expr","locations":[{"start":{"line":497,"column":31},"end":{"line":497,"column":43}},{"start":{"line":497,"column":46},"end":{"line":497,"column":67}}]},"25":{"loc":{"start":{"line":512,"column":70},"end":{"line":512,"column":106}},"type":"cond-expr","locations":[{"start":{"line":512,"column":97},"end":{"line":512,"column":101}},{"start":{"line":512,"column":104},"end":{"line":512,"column":106}}]},"26":{"loc":{"start":{"line":512,"column":117},"end":{"line":512,"column":156}},"type":"cond-expr","locations":[{"start":{"line":512,"column":148},"end":{"line":512,"column":151}},{"start":{"line":512,"column":154},"end":{"line":512,"column":156}}]},"27":{"loc":{"start":{"line":533,"column":13},"end":{"line":701,"column":null}},"type":"cond-expr","locations":[{"start":{"line":534,"column":14},"end":{"line":541,"column":null}},{"start":{"line":544,"column":14},"end":{"line":700,"column":null}}]},"28":{"loc":{"start":{"line":537,"column":19},"end":{"line":537,"column":108}},"type":"cond-expr","locations":[{"start":{"line":537,"column":28},"end":{"line":537,"column":69}},{"start":{"line":537,"column":72},"end":{"line":537,"column":108}}]},"29":{"loc":{"start":{"line":540,"column":19},"end":{"line":540,"column":132}},"type":"cond-expr","locations":[{"start":{"line":540,"column":28},"end":{"line":540,"column":68}},{"start":{"line":540,"column":71},"end":{"line":540,"column":132}}]},"30":{"loc":{"start":{"line":566,"column":31},"end":{"line":566,"column":115}},"type":"cond-expr","locations":[{"start":{"line":566,"column":62},"end":{"line":566,"column":73}},{"start":{"line":566,"column":76},"end":{"line":566,"column":115}}]},"31":{"loc":{"start":{"line":568,"column":30},"end":{"line":570,"column":71}},"type":"cond-expr","locations":[{"start":{"line":569,"column":34},"end":{"line":569,"column":59}},{"start":{"line":570,"column":34},"end":{"line":570,"column":71}}]},"32":{"loc":{"start":{"line":615,"column":54},"end":{"line":615,"column":95}},"type":"cond-expr","locations":[{"start":{"line":615,"column":72},"end":{"line":615,"column":81}},{"start":{"line":615,"column":84},"end":{"line":615,"column":95}}]},"33":{"loc":{"start":{"line":616,"column":41},"end":{"line":616,"column":80}},"type":"cond-expr","locations":[{"start":{"line":616,"column":59},"end":{"line":616,"column":67}},{"start":{"line":616,"column":70},"end":{"line":616,"column":80}}]},"34":{"loc":{"start":{"line":659,"column":17},"end":{"line":699,"column":null}},"type":"binary-expr","locations":[{"start":{"line":659,"column":17},"end":{"line":659,"column":31}},{"start":{"line":660,"column":18},"end":{"line":698,"column":null}}]},"35":{"loc":{"start":{"line":679,"column":37},"end":{"line":679,"column":81}},"type":"cond-expr","locations":[{"start":{"line":679,"column":60},"end":{"line":679,"column":69}},{"start":{"line":679,"column":72},"end":{"line":679,"column":81}}]}},"s":{"0":1,"1":1,"2":1,"3":1,"4":1,"5":1,"6":1,"7":1,"8":1,"9":1,"10":1,"11":1,"12":1,"13":3,"14":3,"15":12,"16":3,"17":3,"18":3,"19":3,"20":3,"21":3,"22":3,"23":3,"24":3,"25":3,"26":3,"27":3,"28":3,"29":2,"30":1,"31":3,"32":5,"33":3,"34":2,"35":2,"36":0,"37":0,"38":3,"39":3,"40":3,"41":0,"42":0,"43":0,"44":0,"45":0,"46":0,"47":0,"48":0,"49":0,"50":0,"51":0,"52":0,"53":0,"54":0,"55":0,"56":0,"57":3,"58":0,"59":0,"60":0,"61":3,"62":0,"63":0,"64":0,"65":3,"66":0,"67":0,"68":0,"69":0,"70":0,"71":0,"72":0,"73":0,"74":0,"75":0,"76":3,"77":0,"78":0,"79":3,"80":0,"81":0,"82":0,"83":0,"84":0,"85":0,"86":0,"87":0,"88":3,"89":28,"90":28,"91":3,"92":14,"93":14,"94":3,"95":9,"96":9,"97":9,"98":18,"99":9,"100":0,"101":0,"102":0,"103":0,"104":0,"105":12,"106":0,"107":1,"108":1,"109":7,"110":13,"111":0,"112":0,"113":0,"114":0,"115":0,"116":0,"117":0},"f":{"0":3,"1":12,"2":3,"3":3,"4":5,"5":2,"6":0,"7":0,"8":0,"9":0,"10":0,"11":0,"12":0,"13":0,"14":0,"15":0,"16":0,"17":0,"18":0,"19":0,"20":0,"21":0,"22":28,"23":14,"24":9,"25":9,"26":9,"27":18,"28":9,"29":0,"30":0,"31":0,"32":12,"33":0,"34":1,"35":7,"36":13,"37":0,"38":0,"39":0,"40":0,"41":0,"42":0,"43":0},"b":{"0":[2,1],"1":[3,2,2],"2":[2,0],"3":[0,0],"4":[0,0],"5":[0,0,0],"6":[0,0],"7":[0,0,0],"8":[0,0],"9":[0],"10":[0,0],"11":[0,0],"12":[0,0],"13":[28,0],"14":[14,0],"15":[3,0],"16":[0,3],"17":[3,0],"18":[0,3],"19":[3,9],"20":[12,3],"21":[3,0],"22":[0,0],"23":[0,0],"24":[0,3],"25":[3,0],"26":[2,1],"27":[0,3],"28":[0,0],"29":[0,0],"30":[3,4],"31":[3,4],"32":[10,3],"33":[10,3],"34":[3,0],"35":[0,0]}}
,"D:\\backup_documentos\\MISO\\2025\\ProyectoIntegrador 2\\web\\proyecto-1\\MediSupply Web\\src\\components\\ProductosView.tsx": {"path":"D:\\backup_documentos\\MISO\\2025\\ProyectoIntegrador 2\\web\\proyecto-1\\MediSupply Web\\src\\components\\ProductosView.tsx","statementMap":{"0":{"start":{"line":62,"column":0},"end":{"line":62,"column":16}},"1":{"start":{"line":1,"column":0},"end":{"line":1,"column":42}},"2":{"start":{"line":2,"column":0},"end":{"line":2,"column":37}},"3":{"start":{"line":3,"column":0},"end":{"line":3,"column":35}},"4":{"start":{"line":4,"column":0},"end":{"line":4,"column":35}},"5":{"start":{"line":5,"column":0},"end":{"line":5,"column":86}},"6":{"start":{"line":6,"column":0},"end":{"line":6,"column":35}},"7":{"start":{"line":7,"column":0},"end":{"line":7,"column":53}},"8":{"start":{"line":8,"column":0},"end":{"line":8,"column":87}},"9":{"start":{"line":9,"column":0},"end":{"line":9,"column":92}},"10":{"start":{"line":10,"column":0},"end":{"line":10,"column":null}},"11":{"start":{"line":47,"column":31},"end":{"line":51,"column":2}},"12":{"start":{"line":53,"column":26},"end":{"line":56,"column":2}},"13":{"start":{"line":63,"column":36},"end":{"line":94,"column":4}},"14":{"start":{"line":96,"column":44},"end":{"line":109,"column":4}},"15":{"start":{"line":111,"column":38},"end":{"line":111,"column":67}},"16":{"start":{"line":112,"column":48},"end":{"line":125,"column":4}},"17":{"start":{"line":127,"column":36},"end":{"line":127,"column":51}},"18":{"start":{"line":128,"column":38},"end":{"line":128,"column":53}},"19":{"start":{"line":129,"column":30},"end":{"line":129,"column":42}},"20":{"start":{"line":130,"column":42},"end":{"line":130,"column":54}},"21":{"start":{"line":131,"column":40},"end":{"line":131,"column":51}},"22":{"start":{"line":132,"column":44},"end":{"line":132,"column":59}},"23":{"start":{"line":133,"column":23},"end":{"line":133,"column":24}},"24":{"start":{"line":136,"column":29},"end":{"line":142,"column":25}},"25":{"start":{"line":137,"column":4},"end":{"line":137,"column":41}},"26":{"start":{"line":137,"column":24},"end":{"line":137,"column":41}},"27":{"start":{"line":138,"column":4},"end":{"line":141,"column":6}},"28":{"start":{"line":139,"column":6},"end":{"line":140,"column":69}},"29":{"start":{"line":145,"column":21},"end":{"line":145,"column":72}},"30":{"start":{"line":146,"column":29},"end":{"line":148,"column":null}},"31":{"start":{"line":152,"column":30},"end":{"line":156,"column":3}},"32":{"start":{"line":153,"column":19},"end":{"line":153,"column":48}},"33":{"start":{"line":154,"column":17},"end":{"line":154,"column":42}},"34":{"start":{"line":155,"column":4},"end":{"line":155,"column":38}},"35":{"start":{"line":158,"column":32},"end":{"line":215,"column":3}},"36":{"start":{"line":159,"column":4},"end":{"line":159,"column":23}},"37":{"start":{"line":161,"column":27},"end":{"line":166,"column":6}},"38":{"start":{"line":162,"column":6},"end":{"line":164,"column":7}},"39":{"start":{"line":163,"column":8},"end":{"line":163,"column":119}},"40":{"start":{"line":165,"column":6},"end":{"line":165,"column":33}},"41":{"start":{"line":168,"column":4},"end":{"line":171,"column":5}},"42":{"start":{"line":169,"column":6},"end":{"line":169,"column":72}},"43":{"start":{"line":170,"column":6},"end":{"line":170,"column":13}},"44":{"start":{"line":173,"column":4},"end":{"line":173,"column":23}},"45":{"start":{"line":174,"column":4},"end":{"line":174,"column":24}},"46":{"start":{"line":176,"column":4},"end":{"line":214,"column":13}},"47":{"start":{"line":177,"column":30},"end":{"line":194,"column":8}},"48":{"start":{"line":178,"column":43},"end":{"line":178,"column":47}},"49":{"start":{"line":196,"column":6},"end":{"line":196,"column":42}},"50":{"start":{"line":197,"column":6},"end":{"line":210,"column":9}},"51":{"start":{"line":211,"column":6},"end":{"line":211,"column":26}},"52":{"start":{"line":212,"column":6},"end":{"line":212,"column":27}},"53":{"start":{"line":213,"column":6},"end":{"line":213,"column":70}},"54":{"start":{"line":217,"column":25},"end":{"line":233,"column":3}},"55":{"start":{"line":218,"column":4},"end":{"line":218,"column":31}},"56":{"start":{"line":219,"column":4},"end":{"line":232,"column":7}},"57":{"start":{"line":235,"column":26},"end":{"line":252,"column":3}},"58":{"start":{"line":236,"column":4},"end":{"line":236,"column":24}},"59":{"start":{"line":237,"column":4},"end":{"line":250,"column":7}},"60":{"start":{"line":251,"column":4},"end":{"line":251,"column":24}},"61":{"start":{"line":254,"column":25},"end":{"line":304,"column":3}},"62":{"start":{"line":255,"column":27},"end":{"line":260,"column":6}},"63":{"start":{"line":256,"column":6},"end":{"line":258,"column":7}},"64":{"start":{"line":257,"column":8},"end":{"line":257,"column":20}},"65":{"start":{"line":259,"column":6},"end":{"line":259,"column":33}},"66":{"start":{"line":262,"column":4},"end":{"line":265,"column":5}},"67":{"start":{"line":263,"column":6},"end":{"line":263,"column":72}},"68":{"start":{"line":264,"column":6},"end":{"line":264,"column":13}},"69":{"start":{"line":267,"column":4},"end":{"line":287,"column":7}},"70":{"start":{"line":268,"column":6},"end":{"line":286,"column":11}},"71":{"start":{"line":288,"column":4},"end":{"line":288,"column":24}},"72":{"start":{"line":289,"column":4},"end":{"line":302,"column":7}},"73":{"start":{"line":303,"column":4},"end":{"line":303,"column":24}},"74":{"start":{"line":306,"column":27},"end":{"line":308,"column":3}},"75":{"start":{"line":307,"column":4},"end":{"line":307,"column":53}},"76":{"start":{"line":307,"column":39},"end":{"line":307,"column":50}},"77":{"start":{"line":310,"column":27},"end":{"line":369,"column":3}},"78":{"start":{"line":311,"column":17},"end":{"line":311,"column":40}},"79":{"start":{"line":312,"column":4},"end":{"line":312,"column":22}},"80":{"start":{"line":312,"column":15},"end":{"line":312,"column":22}},"81":{"start":{"line":315,"column":25},"end":{"line":315,"column":134}},"82":{"start":{"line":316,"column":4},"end":{"line":319,"column":5}},"83":{"start":{"line":317,"column":6},"end":{"line":317,"column":83}},"84":{"start":{"line":318,"column":6},"end":{"line":318,"column":13}},"85":{"start":{"line":321,"column":4},"end":{"line":321,"column":27}},"86":{"start":{"line":322,"column":4},"end":{"line":322,"column":24}},"87":{"start":{"line":325,"column":4},"end":{"line":365,"column":13}},"88":{"start":{"line":328,"column":42},"end":{"line":359,"column":8}},"89":{"start":{"line":330,"column":45},"end":{"line":330,"column":49}},"90":{"start":{"line":344,"column":45},"end":{"line":344,"column":49}},"91":{"start":{"line":361,"column":6},"end":{"line":361,"column":55}},"92":{"start":{"line":362,"column":6},"end":{"line":362,"column":30}},"93":{"start":{"line":364,"column":6},"end":{"line":364,"column":85}},"94":{"start":{"line":368,"column":4},"end":{"line":368,"column":28}},"95":{"start":{"line":371,"column":2},"end":{"line":984,"column":4}},"96":{"start":{"line":391,"column":58},"end":{"line":391,"column":77}},"97":{"start":{"line":405,"column":45},"end":{"line":405,"column":80}},"98":{"start":{"line":409,"column":45},"end":{"line":409,"column":82}},"99":{"start":{"line":413,"column":45},"end":{"line":413,"column":78}},"100":{"start":{"line":426,"column":42},"end":{"line":426,"column":53}},"101":{"start":{"line":441,"column":42},"end":{"line":441,"column":54}},"102":{"start":{"line":484,"column":26},"end":{"line":484,"column":87}},"103":{"start":{"line":485,"column":26},"end":{"line":485,"column":46}},"104":{"start":{"line":502,"column":26},"end":{"line":502,"column":85}},"105":{"start":{"line":503,"column":26},"end":{"line":503,"column":46}},"106":{"start":{"line":520,"column":26},"end":{"line":520,"column":93}},"107":{"start":{"line":521,"column":26},"end":{"line":521,"column":46}},"108":{"start":{"line":535,"column":22},"end":{"line":535,"column":77}},"109":{"start":{"line":536,"column":22},"end":{"line":536,"column":42}},"110":{"start":{"line":543,"column":26},"end":{"line":543,"column":54}},"111":{"start":{"line":554,"column":22},"end":{"line":554,"column":78}},"112":{"start":{"line":555,"column":22},"end":{"line":555,"column":42}},"113":{"start":{"line":562,"column":26},"end":{"line":562,"column":49}},"114":{"start":{"line":587,"column":43},"end":{"line":587,"column":57}},"115":{"start":{"line":588,"column":46},"end":{"line":588,"column":99}},"116":{"start":{"line":589,"column":26},"end":{"line":593,"column":29}},"117":{"start":{"line":594,"column":26},"end":{"line":594,"column":46}},"118":{"start":{"line":610,"column":41},"end":{"line":610,"column":55}},"119":{"start":{"line":611,"column":44},"end":{"line":611,"column":101}},"120":{"start":{"line":612,"column":24},"end":{"line":616,"column":27}},"121":{"start":{"line":617,"column":24},"end":{"line":617,"column":44}},"122":{"start":{"line":626,"column":22},"end":{"line":626,"column":71}},"123":{"start":{"line":627,"column":22},"end":{"line":627,"column":42}},"124":{"start":{"line":652,"column":26},"end":{"line":652,"column":92}},"125":{"start":{"line":653,"column":26},"end":{"line":653,"column":46}},"126":{"start":{"line":668,"column":24},"end":{"line":672,"column":27}},"127":{"start":{"line":673,"column":24},"end":{"line":673,"column":44}},"128":{"start":{"line":698,"column":32},"end":{"line":698,"column":101}},"129":{"start":{"line":699,"column":32},"end":{"line":699,"column":52}},"130":{"start":{"line":717,"column":32},"end":{"line":717,"column":101}},"131":{"start":{"line":718,"column":32},"end":{"line":718,"column":52}},"132":{"start":{"line":788,"column":20},"end":{"line":788,"column":46}},"133":{"start":{"line":789,"column":20},"end":{"line":789,"column":38}},"134":{"start":{"line":812,"column":18},"end":{"line":812,"column":41}},"135":{"start":{"line":819,"column":45},"end":{"line":822,"column":30}},"136":{"start":{"line":827,"column":45},"end":{"line":830,"column":30}},"137":{"start":{"line":834,"column":28},"end":{"line":834,"column":86}},"138":{"start":{"line":841,"column":32},"end":{"line":841,"column":60}},"139":{"start":{"line":851,"column":43},"end":{"line":851,"column":70}},"140":{"start":{"line":918,"column":43},"end":{"line":918,"column":67}},"141":{"start":{"line":925,"column":43},"end":{"line":925,"column":72}},"142":{"start":{"line":945,"column":39},"end":{"line":945,"column":70}},"143":{"start":{"line":953,"column":70},"end":{"line":953,"column":75}},"144":{"start":{"line":954,"column":26},"end":{"line":955,"column":null}},"145":{"start":{"line":958,"column":43},"end":{"line":958,"column":63}},"146":{"start":{"line":969,"column":39},"end":{"line":969,"column":70}}},"fnMap":{"0":{"name":"ProductosView","decl":{"start":{"line":62,"column":16},"end":{"line":62,"column":29}},"loc":{"start":{"line":62,"column":63},"end":{"line":985,"column":1}}},"1":{"name":"(anonymous_1)","decl":{"start":{"line":136,"column":37},"end":{"line":136,"column":40}},"loc":{"start":{"line":136,"column":42},"end":{"line":142,"column":3}}},"2":{"name":"(anonymous_2)","decl":{"start":{"line":138,"column":28},"end":{"line":138,"column":36}},"loc":{"start":{"line":139,"column":6},"end":{"line":140,"column":69}}},"3":{"name":"(anonymous_3)","decl":{"start":{"line":152,"column":30},"end":{"line":152,"column":31}},"loc":{"start":{"line":152,"column":73},"end":{"line":156,"column":3}}},"4":{"name":"(anonymous_4)","decl":{"start":{"line":158,"column":32},"end":{"line":158,"column":37}},"loc":{"start":{"line":158,"column":61},"end":{"line":215,"column":3}}},"5":{"name":"(anonymous_5)","decl":{"start":{"line":161,"column":62},"end":{"line":161,"column":67}},"loc":{"start":{"line":161,"column":70},"end":{"line":166,"column":5}}},"6":{"name":"(anonymous_6)","decl":{"start":{"line":176,"column":15},"end":{"line":176,"column":18}},"loc":{"start":{"line":176,"column":20},"end":{"line":214,"column":5}}},"7":{"name":"(anonymous_7)","decl":{"start":{"line":178,"column":38},"end":{"line":178,"column":39}},"loc":{"start":{"line":178,"column":43},"end":{"line":178,"column":47}}},"8":{"name":"(anonymous_8)","decl":{"start":{"line":217,"column":25},"end":{"line":217,"column":26}},"loc":{"start":{"line":217,"column":48},"end":{"line":233,"column":3}}},"9":{"name":"(anonymous_9)","decl":{"start":{"line":235,"column":26},"end":{"line":235,"column":29}},"loc":{"start":{"line":235,"column":31},"end":{"line":252,"column":3}}},"10":{"name":"(anonymous_10)","decl":{"start":{"line":254,"column":25},"end":{"line":254,"column":26}},"loc":{"start":{"line":254,"column":40},"end":{"line":304,"column":3}}},"11":{"name":"(anonymous_11)","decl":{"start":{"line":255,"column":65},"end":{"line":255,"column":66}},"loc":{"start":{"line":255,"column":82},"end":{"line":260,"column":5}}},"12":{"name":"(anonymous_12)","decl":{"start":{"line":267,"column":31},"end":{"line":267,"column":32}},"loc":{"start":{"line":268,"column":6},"end":{"line":286,"column":11}}},"13":{"name":"(anonymous_13)","decl":{"start":{"line":306,"column":27},"end":{"line":306,"column":28}},"loc":{"start":{"line":306,"column":42},"end":{"line":308,"column":3}}},"14":{"name":"(anonymous_14)","decl":{"start":{"line":307,"column":34},"end":{"line":307,"column":35}},"loc":{"start":{"line":307,"column":39},"end":{"line":307,"column":50}}},"15":{"name":"(anonymous_15)","decl":{"start":{"line":310,"column":27},"end":{"line":310,"column":32}},"loc":{"start":{"line":310,"column":80},"end":{"line":369,"column":3}}},"16":{"name":"(anonymous_16)","decl":{"start":{"line":325,"column":15},"end":{"line":325,"column":18}},"loc":{"start":{"line":325,"column":20},"end":{"line":365,"column":5}}},"17":{"name":"(anonymous_17)","decl":{"start":{"line":330,"column":40},"end":{"line":330,"column":41}},"loc":{"start":{"line":330,"column":45},"end":{"line":330,"column":49}}},"18":{"name":"(anonymous_18)","decl":{"start":{"line":344,"column":40},"end":{"line":344,"column":41}},"loc":{"start":{"line":344,"column":45},"end":{"line":344,"column":49}}},"19":{"name":"(anonymous_19)","decl":{"start":{"line":391,"column":46},"end":{"line":391,"column":47}},"loc":{"start":{"line":391,"column":58},"end":{"line":391,"column":77}}},"20":{"name":"(anonymous_20)","decl":{"start":{"line":405,"column":40},"end":{"line":405,"column":41}},"loc":{"start":{"line":405,"column":45},"end":{"line":405,"column":80}}},"21":{"name":"(anonymous_21)","decl":{"start":{"line":409,"column":40},"end":{"line":409,"column":41}},"loc":{"start":{"line":409,"column":45},"end":{"line":409,"column":82}}},"22":{"name":"(anonymous_22)","decl":{"start":{"line":413,"column":40},"end":{"line":413,"column":41}},"loc":{"start":{"line":413,"column":45},"end":{"line":413,"column":78}}},"23":{"name":"(anonymous_23)","decl":{"start":{"line":426,"column":37},"end":{"line":426,"column":38}},"loc":{"start":{"line":426,"column":42},"end":{"line":426,"column":53}}},"24":{"name":"(anonymous_24)","decl":{"start":{"line":441,"column":37},"end":{"line":441,"column":38}},"loc":{"start":{"line":441,"column":42},"end":{"line":441,"column":54}}},"25":{"name":"(anonymous_25)","decl":{"start":{"line":483,"column":34},"end":{"line":483,"column":35}},"loc":{"start":{"line":483,"column":40},"end":{"line":486,"column":25}}},"26":{"name":"(anonymous_26)","decl":{"start":{"line":501,"column":34},"end":{"line":501,"column":35}},"loc":{"start":{"line":501,"column":40},"end":{"line":504,"column":25}}},"27":{"name":"(anonymous_27)","decl":{"start":{"line":519,"column":34},"end":{"line":519,"column":35}},"loc":{"start":{"line":519,"column":40},"end":{"line":522,"column":25}}},"28":{"name":"(anonymous_28)","decl":{"start":{"line":534,"column":75},"end":{"line":534,"column":76}},"loc":{"start":{"line":534,"column":85},"end":{"line":537,"column":21}}},"29":{"name":"(anonymous_29)","decl":{"start":{"line":542,"column":52},"end":{"line":542,"column":53}},"loc":{"start":{"line":543,"column":26},"end":{"line":543,"column":54}}},"30":{"name":"(anonymous_30)","decl":{"start":{"line":553,"column":76},"end":{"line":553,"column":77}},"loc":{"start":{"line":553,"column":86},"end":{"line":556,"column":21}}},"31":{"name":"(anonymous_31)","decl":{"start":{"line":561,"column":47},"end":{"line":561,"column":48}},"loc":{"start":{"line":562,"column":26},"end":{"line":562,"column":49}}},"32":{"name":"(anonymous_32)","decl":{"start":{"line":586,"column":34},"end":{"line":586,"column":35}},"loc":{"start":{"line":586,"column":40},"end":{"line":595,"column":25}}},"33":{"name":"(anonymous_33)","decl":{"start":{"line":609,"column":32},"end":{"line":609,"column":33}},"loc":{"start":{"line":609,"column":38},"end":{"line":618,"column":23}}},"34":{"name":"(anonymous_34)","decl":{"start":{"line":625,"column":69},"end":{"line":625,"column":70}},"loc":{"start":{"line":625,"column":79},"end":{"line":628,"column":21}}},"35":{"name":"(anonymous_35)","decl":{"start":{"line":651,"column":34},"end":{"line":651,"column":35}},"loc":{"start":{"line":651,"column":40},"end":{"line":654,"column":25}}},"36":{"name":"(anonymous_36)","decl":{"start":{"line":667,"column":86},"end":{"line":667,"column":87}},"loc":{"start":{"line":667,"column":96},"end":{"line":674,"column":23}}},"37":{"name":"(anonymous_37)","decl":{"start":{"line":697,"column":40},"end":{"line":697,"column":41}},"loc":{"start":{"line":697,"column":46},"end":{"line":700,"column":31}}},"38":{"name":"(anonymous_38)","decl":{"start":{"line":716,"column":40},"end":{"line":716,"column":41}},"loc":{"start":{"line":716,"column":46},"end":{"line":719,"column":31}}},"39":{"name":"(anonymous_39)","decl":{"start":{"line":787,"column":28},"end":{"line":787,"column":29}},"loc":{"start":{
[...]
,"D:\\backup_documentos\\MISO\\2025\\ProyectoIntegrador 2\\web\\proyecto-1\\MediSupply Web\\src\\components\\ui\\badge.tsx": {"path":"D:\\backup_documentos\\MISO\\2025\\ProyectoIntegrador 2\\web\\proyecto-1\\MediSupply Web\\src\\components\\ui\\badge.tsx","statementMap":{"0":{"start":{"line":46,"column":9},"end":{"line":46,"column":14}},"1":{"start":{"line":1,"column":0},"end":{"line":1,"column":31}},"2":{"start":{"line":2,"column":0},"end":{"line":2,"column":44}},"3":{"start":{"line":3,"column":0},"end":{"line":3,"column":66}},"4":{"start":{"line":5,"column":0},"end":{"line":5,"column":29}},"5":{"start":{"line":7,"column":22},"end":{"line":25,"column":null}},"6":{"start":{"line":46,"column":16},"end":{"line":46,"column":29}},"7":{"start":{"line":35,"column":15},"end":{"line":35,"column":38}},"8":{"start":{"line":37,"column":2},"end":{"line":43,"column":4}}},"fnMap":{"0":{"name":"Badge","decl":{"start":{"line":28,"column":9},"end":{"line":28,"column":14}},"loc":{"start":{"line":34,"column":60},"end":{"line":44,"column":1}}}},"branchMap":{"0":{"loc":{"start":{"line":31,"column":2},"end":{"line":31,"column":17}},"type":"default-arg","locations":[{"start":{"line":31,"column":12},"end":{"line":31,"column":17}}]},"1":{"loc":{"start":{"line":35,"column":15},"end":{"line":35,"column":38}},"type":"cond-expr","locations":[{"start":{"line":35,"column":25},"end":{"line":35,"column":29}},{"start":{"line":35,"column":32},"end":{"line":35,"column":38}}]}},"s":{"0":7,"1":7,"2":7,"3":7,"4":7,"5":7,"6":7,"7":145,"8":145},"f":{"0":145},"b":{"0":[145],"1":[0,145]}}
,"D:\\backup_documentos\\MISO\\2025\\ProyectoIntegrador 2\\web\\proyecto-1\\MediSupply Web\\src\\components\\ui\\button.tsx": {"path":"D:\\backup_documentos\\MISO\\2025\\ProyectoIntegrador 2\\web\\proyecto-1\\MediSupply Web\\src\\components\\ui\\button.tsx","statementMap":{"0":{"start":{"line":58,"column":9},"end":{"line":58,"column":15}},"1":{"start":{"line":1,"column":0},"end":{"line":1,"column":31}},"2":{"start":{"line":2,"column":0},"end":{"line":2,"column":44}},"3":{"start":{"line":3,"column":0},"end":{"line":3,"column":66}},"4":{"start":{"line":5,"column":0},"end":{"line":5,"column":29}},"5":{"start":{"line":7,"column":23},"end":{"line":34,"column":null}},"6":{"start":{"line":58,"column":17},"end":{"line":58,"column":31}},"7":{"start":{"line":47,"column":15},"end":{"line":47,"column":40}},"8":{"start":{"line":49,"column":2},"end":{"line":55,"column":4}}},"fnMap":{"0":{"name":"Button","decl":{"start":{"line":37,"column":9},"end":{"line":37,"column":15}},"loc":{"start":{"line":46,"column":3},"end":{"line":56,"column":1}}}},"branchMap":{"0":{"loc":{"start":{"line":41,"column":2},"end":{"line":41,"column":17}},"type":"default-arg","locations":[{"start":{"line":41,"column":12},"end":{"line":41,"column":17}}]},"1":{"loc":{"start":{"line":47,"column":15},"end":{"line":47,"column":40}},"type":"cond-expr","locations":[{"start":{"line":47,"column":25},"end":{"line":47,"column":29}},{"start":{"line":47,"column":32},"end":{"line":47,"column":40}}]}},"s":{"0":9,"1":9,"2":9,"3":9,"4":9,"5":9,"6":9,"7":141,"8":141},"f":{"0":141},"b":{"0":[141],"1":[0,141]}}
,"D:\\backup_documentos\\MISO\\2025\\ProyectoIntegrador 2\\web\\proyecto-1\\MediSupply Web\\src\\components\\ui\\card.tsx": {"path":"D:\\backup_documentos\\MISO\\2025\\ProyectoIntegrador 2\\web\\proyecto-1\\MediSupply Web\\src\\components\\ui\\card.tsx","statementMap":{"0":{"start":{"line":85,"column":2},"end":{"line":85,"column":6}},"1":{"start":{"line":86,"column":2},"end":{"line":86,"column":12}},"2":{"start":{"line":87,"column":2},"end":{"line":87,"column":12}},"3":{"start":{"line":88,"column":2},"end":{"line":88,"column":11}},"4":{"start":{"line":89,"column":2},"end":{"line":89,"column":12}},"5":{"start":{"line":90,"column":2},"end":{"line":90,"column":17}},"6":{"start":{"line":91,"column":2},"end":{"line":91,"column":13}},"7":{"start":{"line":1,"column":0},"end":{"line":1,"column":31}},"8":{"start":{"line":3,"column":0},"end":{"line":3,"column":29}},"9":{"start":{"line":6,"column":2},"end":{"line":15,"column":4}},"10":{"start":{"line":19,"column":2},"end":{"line":28,"column":4}},"11":{"start":{"line":32,"column":2},"end":{"line":38,"column":4}},"12":{"start":{"line":42,"column":2},"end":{"line":48,"column":4}},"13":{"start":{"line":52,"column":2},"end":{"line":61,"column":4}},"14":{"start":{"line":65,"column":2},"end":{"line":71,"column":4}},"15":{"start":{"line":75,"column":2},"end":{"line":81,"column":4}}},"fnMap":{"0":{"name":"Card","decl":{"start":{"line":5,"column":9},"end":{"line":5,"column":13}},"loc":{"start":{"line":5,"column":66},"end":{"line":16,"column":1}}},"1":{"name":"CardHeader","decl":{"start":{"line":18,"column":9},"end":{"line":18,"column":19}},"loc":{"start":{"line":18,"column":72},"end":{"line":29,"column":1}}},"2":{"name":"CardTitle","decl":{"start":{"line":31,"column":9},"end":{"line":31,"column":18}},"loc":{"start":{"line":31,"column":71},"end":{"line":39,"column":1}}},"3":{"name":"CardDescription","decl":{"start":{"line":41,"column":9},"end":{"line":41,"column":24}},"loc":{"start":{"line":41,"column":77},"end":{"line":49,"column":1}}},"4":{"name":"CardAction","decl":{"start":{"line":51,"column":9},"end":{"line":51,"column":19}},"loc":{"start":{"line":51,"column":72},"end":{"line":62,"column":1}}},"5":{"name":"CardContent","decl":{"start":{"line":64,"column":9},"end":{"line":64,"column":20}},"loc":{"start":{"line":64,"column":73},"end":{"line":72,"column":1}}},"6":{"name":"CardFooter","decl":{"start":{"line":74,"column":9},"end":{"line":74,"column":19}},"loc":{"start":{"line":74,"column":72},"end":{"line":82,"column":1}}}},"branchMap":{},"s":{"0":9,"1":9,"2":9,"3":9,"4":9,"5":9,"6":9,"7":9,"8":9,"9":172,"10":160,"11":160,"12":88,"13":0,"14":157,"15":0},"f":{"0":172,"1":160,"2":160,"3":88,"4":0,"5":157,"6":0},"b":{}}
,"D:\\backup_documentos\\MISO\\2025\\ProyectoIntegrador 2\\web\\proyecto-1\\MediSupply Web\\src\\components\\ui\\checkbox.tsx": {"path":"D:\\backup_documentos\\MISO\\2025\\ProyectoIntegrador 2\\web\\proyecto-1\\MediSupply Web\\src\\components\\ui\\checkbox.tsx","statementMap":{"0":{"start":{"line":32,"column":9},"end":{"line":32,"column":17}},"1":{"start":{"line":3,"column":0},"end":{"line":3,"column":31}},"2":{"start":{"line":4,"column":0},"end":{"line":4,"column":62}},"3":{"start":{"line":5,"column":0},"end":{"line":5,"column":41}},"4":{"start":{"line":7,"column":0},"end":{"line":7,"column":29}},"5":{"start":{"line":13,"column":2},"end":{"line":29,"column":4}}},"fnMap":{"0":{"name":"Checkbox","decl":{"start":{"line":9,"column":9},"end":{"line":9,"column":17}},"loc":{"start":{"line":12,"column":54},"end":{"line":30,"column":1}}}},"branchMap":{},"s":{"0":2,"1":2,"2":2,"3":2,"4":2,"5":0},"f":{"0":0},"b":{}}
,"D:\\backup_documentos\\MISO\\2025\\ProyectoIntegrador 2\\web\\proyecto-1\\MediSupply Web\\src\\components\\ui\\collapsible.tsx": {"path":"D:\\backup_documentos\\MISO\\2025\\ProyectoIntegrador 2\\web\\proyecto-1\\MediSupply Web\\src\\components\\ui\\collapsible.tsx","statementMap":{"0":{"start":{"line":33,"column":9},"end":{"line":33,"column":20}},"1":{"start":{"line":33,"column":22},"end":{"line":33,"column":40}},"2":{"start":{"line":33,"column":42},"end":{"line":33,"column":60}},"3":{"start":{"line":3,"column":0},"end":{"line":3,"column":68}},"4":{"start":{"line":8,"column":2},"end":{"line":8,"column":74}},"5":{"start":{"line":14,"column":2},"end":{"line":19,"column":4}},"6":{"start":{"line":25,"column":2},"end":{"line":30,"column":4}}},"fnMap":{"0":{"name":"Collapsible","decl":{"start":{"line":5,"column":9},"end":{"line":5,"column":20}},"loc":{"start":{"line":7,"column":57},"end":{"line":9,"column":1}}},"1":{"name":"CollapsibleTrigger","decl":{"start":{"line":11,"column":9},"end":{"line":11,"column":27}},"loc":{"start":{"line":13,"column":71},"end":{"line":20,"column":1}}},"2":{"name":"CollapsibleContent","decl":{"start":{"line":22,"column":9},"end":{"line":22,"column":27}},"loc":{"start":{"line":24,"column":71},"end":{"line":31,"column":1}}}},"branchMap":{},"s":{"0":5,"1":5,"2":5,"3":5,"4":15,"5":15,"6":15},"f":{"0":15,"1":15,"2":15},"b":{}}
,"D:\\backup_documentos\\MISO\\2025\\ProyectoIntegrador 2\\web\\proyecto-1\\MediSupply Web\\src\\components\\ui\\dialog.tsx": {"path":"D:\\backup_documentos\\MISO\\2025\\ProyectoIntegrador 2\\web\\proyecto-1\\MediSupply Web\\src\\components\\ui\\dialog.tsx","statementMap":{"0":{"start":{"line":125,"column":2},"end":{"line":125,"column":8}},"1":{"start":{"line":126,"column":2},"end":{"line":126,"column":13}},"2":{"start":{"line":127,"column":2},"end":{"line":127,"column":15}},"3":{"start":{"line":128,"column":2},"end":{"line":128,"column":19}},"4":{"start":{"line":129,"column":2},"end":{"line":129,"column":14}},"5":{"start":{"line":130,"column":2},"end":{"line":130,"column":14}},"6":{"start":{"line":131,"column":2},"end":{"line":131,"column":15}},"7":{"start":{"line":132,"column":2},"end":{"line":132,"column":14}},"8":{"start":{"line":133,"column":2},"end":{"line":133,"column":13}},"9":{"start":{"line":134,"column":2},"end":{"line":134,"column":15}},"10":{"start":{"line":3,"column":0},"end":{"line":3,"column":31}},"11":{"start":{"line":4,"column":0},"end":{"line":4,"column":58}},"12":{"start":{"line":5,"column":0},"end":{"line":5,"column":37}},"13":{"start":{"line":7,"column":0},"end":{"line":7,"column":29}},"14":{"start":{"line":12,"column":2},"end":{"line":12,"column":64}},"15":{"start":{"line":18,"column":2},"end":{"line":18,"column":75}},"16":{"start":{"line":24,"column":2},"end":{"line":24,"column":73}},"17":{"start":{"line":30,"column":2},"end":{"line":30,"column":71}},"18":{"start":{"line":37,"column":2},"end":{"line":46,"column":4}},"19":{"start":{"line":54,"column":2},"end":{"line":72,"column":4}},"20":{"start":{"line":76,"column":2},"end":{"line":82,"column":4}},"21":{"start":{"line":86,"column":2},"end":{"line":95,"column":4}},"22":{"start":{"line":102,"column":2},"end":{"line":108,"column":4}},"23":{"start":{"line":115,"column":2},"end":{"line":121,"column":4}}},"fnMap":{"0":{"name":"Dialog","decl":{"start":{"line":9,"column":9},"end":{"line":9,"column":15}},"loc":{"start":{"line":11,"column":52},"end":{"line":13,"column":1}}},"1":{"name":"DialogTrigger","decl":{"start":{"line":15,"column":9},"end":{"line":15,"column":22}},"loc":{"start":{"line":17,"column":55},"end":{"line":19,"column":1}}},"2":{"name":"DialogPortal","decl":{"start":{"line":21,"column":9},"end":{"line":21,"column":21}},"loc":{"start":{"line":23,"column":54},"end":{"line":25,"column":1}}},"3":{"name":"DialogClose","decl":{"start":{"line":27,"column":9},"end":{"line":27,"column":20}},"loc":{"start":{"line":29,"column":53},"end":{"line":31,"column":1}}},"4":{"name":"DialogOverlay","decl":{"start":{"line":33,"column":9},"end":{"line":33,"column":22}},"loc":{"start":{"line":36,"column":55},"end":{"line":47,"column":1}}},"5":{"name":"DialogContent","decl":{"start":{"line":49,"column":9},"end":{"line":49,"column":22}},"loc":{"start":{"line":53,"column":55},"end":{"line":73,"column":1}}},"6":{"name":"DialogHeader","decl":{"start":{"line":75,"column":9},"end":{"line":75,"column":21}},"loc":{"start":{"line":75,"column":74},"end":{"line":83,"column":1}}},"7":{"name":"DialogFooter","decl":{"start":{"line":85,"column":9},"end":{"line":85,"column":21}},"loc":{"start":{"line":85,"column":74},"end":{"line":96,"column":1}}},"8":{"name":"DialogTitle","decl":{"start":{"line":98,"column":9},"end":{"line":98,"column":20}},"loc":{"start":{"line":101,"column":53},"end":{"line":109,"column":1}}},"9":{"name":"DialogDescription","decl":{"start":{"line":111,"column":9},"end":{"line":111,"column":26}},"loc":{"start":{"line":114,"column":59},"end":{"line":122,"column":1}}}},"branchMap":{},"s":{"0":3,"1":3,"2":3,"3":3,"4":3,"5":3,"6":3,"7":3,"8":3,"9":3,"10":3,"11":3,"12":3,"13":3,"14":33,"15":33,"16":33,"17":0,"18":1,"19":33,"20":1,"21":0,"22":1,"23":1},"f":{"0":33,"1":33,"2":33,"3":0,"4":1,"5":33,"6":1,"7":0,"8":1,"9":1},"b":{}}
,"D:\\backup_documentos\\MISO\\2025\\ProyectoIntegrador 2\\web\\proyecto-1\\MediSupply Web\\src\\components\\ui\\input.tsx": {"path":"D:\\backup_documentos\\MISO\\2025\\ProyectoIntegrador 2\\web\\proyecto-1\\MediSupply Web\\src\\components\\ui\\input.tsx","statementMap":{"0":{"start":{"line":21,"column":9},"end":{"line":21,"column":14}},"1":{"start":{"line":1,"column":0},"end":{"line":1,"column":31}},"2":{"start":{"line":3,"column":0},"end":{"line":3,"column":29}},"3":{"start":{"line":6,"column":2},"end":{"line":18,"column":4}}},"fnMap":{"0":{"name":"Input","decl":{"start":{"line":5,"column":9},"end":{"line":5,"column":14}},"loc":{"start":{"line":5,"column":75},"end":{"line":19,"column":1}}}},"branchMap":{},"s":{"0":9,"1":9,"2":9,"3":61},"f":{"0":61},"b":{}}
,"D:\\backup_documentos\\MISO\\2025\\ProyectoIntegrador 2\\web\\proyecto-1\\MediSupply Web\\src\\components\\ui\\label.tsx": {"path":"D:\\backup_documentos\\MISO\\2025\\ProyectoIntegrador 2\\web\\proyecto-1\\MediSupply Web\\src\\components\\ui\\label.tsx","statementMap":{"0":{"start":{"line":24,"column":9},"end":{"line":24,"column":14}},"1":{"start":{"line":3,"column":0},"end":{"line":3,"column":31}},"2":{"start":{"line":4,"column":0},"end":{"line":4,"column":56}},"3":{"start":{"line":6,"column":0},"end":{"line":6,"column":29}},"4":{"start":{"line":12,"column":2},"end":{"line":21,"column":4}}},"fnMap":{"0":{"name":"Label","decl":{"start":{"line":8,"column":9},"end":{"line":8,"column":14}},"loc":{"start":{"line":11,"column":51},"end":{"line":22,"column":1}}}},"branchMap":{},"s":{"0":8,"1":8,"2":8,"3":8,"4":52},"f":{"0":52},"b":{}}
,"D:\\backup_documentos\\MISO\\2025\\ProyectoIntegrador 2\\web\\proyecto-1\\MediSupply Web\\src\\components\\ui\\select.tsx": {"path":"D:\\backup_documentos\\MISO\\2025\\ProyectoIntegrador 2\\web\\proyecto-1\\MediSupply Web\\src\\components\\ui\\select.tsx","statementMap":{"0":{"start":{"line":179,"column":2},"end":{"line":179,"column":8}},"1":{"start":{"line":180,"column":2},"end":{"line":180,"column":15}},"2":{"start":{"line":181,"column":2},"end":{"line":181,"column":13}},"3":{"start":{"line":182,"column":2},"end":{"line":182,"column":12}},"4":{"start":{"line":183,"column":2},"end":{"line":183,"column":13}},"5":{"start":{"line":184,"column":2},"end":{"line":184,"column":24}},"6":{"start":{"line":185,"column":2},"end":{"line":185,"column":22}},"7":{"start":{"line":186,"column":2},"end":{"line":186,"column":17}},"8":{"start":{"line":187,"column":2},"end":{"line":187,"column":15}},"9":{"start":{"line":188,"column":2},"end":{"line":188,"column":13}},"10":{"start":{"line":3,"column":0},"end":{"line":3,"column":31}},"11":{"start":{"line":4,"column":0},"end":{"line":4,"column":58}},"12":{"start":{"line":5,"column":0},"end":{"line":5,"column":null}},"13":{"start":{"line":11,"column":0},"end":{"line":11,"column":29}},"14":{"start":{"line":16,"column":2},"end":{"line":16,"column":64}},"15":{"start":{"line":22,"column":2},"end":{"line":22,"column":71}},"16":{"start":{"line":28,"column":2},"end":{"line":28,"column":71}},"17":{"start":{"line":39,"column":2},"end":{"line":54,"column":4}},"18":{"start":{"line":63,"column":2},"end":{"line":89,"column":4}},"19":{"start":{"line":96,"column":2},"end":{"line":102,"column":4}},"20":{"start":{"line":110,"column":2},"end":{"line":126,"column":4}},"21":{"start":{"line":133,"column":2},"end":{"line":139,"column":4}},"22":{"start":{"line":146,"column":2},"end":{"line":157,"column":4}},"23":{"start":{"line":164,"column":2},"end":{"line":175,"column":4}}},"fnMap":{"0":{"name":"Select","decl":{"start":{"line":13,"column":9},"end":{"line":13,"column":15}},"loc":{"start":{"line":15,"column":52},"end":{"line":17,"column":1}}},"1":{"name":"SelectGroup","decl":{"start":{"line":19,"column":9},"end":{"line":19,"column":20}},"loc":{"start":{"line":21,"column":53},"end":{"line":23,"column":1}}},"2":{"name":"SelectValue","decl":{"start":{"line":25,"column":9},"end":{"line":25,"column":20}},"loc":{"start":{"line":27,"column":53},"end":{"line":29,"column":1}}},"3":{"name":"SelectTrigger","decl":{"start":{"line":31,"column":9},"end":{"line":31,"column":22}},"loc":{"start":{"line":38,"column":1},"end":{"line":55,"column":1}}},"4":{"name":"SelectContent","decl":{"start":{"line":57,"column":9},"end":{"line":57,"column":22}},"loc":{"start":{"line":62,"column":55},"end":{"line":90,"column":1}}},"5":{"name":"SelectLabel","decl":{"start":{"line":92,"column":9},"end":{"line":92,"column":20}},"loc":{"start":{"line":95,"column":53},"end":{"line":103,"column":1}}},"6":{"name":"SelectItem","decl":{"start":{"line":105,"column":9},"end":{"line":105,"column":19}},"loc":{"start":{"line":109,"column":52},"end":{"line":127,"column":1}}},"7":{"name":"SelectSeparator","decl":{"start":{"line":129,"column":9},"end":{"line":129,"column":24}},"loc":{"start":{"line":132,"column":57},"end":{"line":140,"column":1}}},"8":{"name":"SelectScrollUpButton","decl":{"start":{"line":142,"column":9},"end":{"line":142,"column":29}},"loc":{"start":{"line":145,"column":62},"end":{"line":158,"column":1}}},"9":{"name":"SelectScrollDownButton","decl":{"start":{"line":160,"column":9},"end":{"line":160,"column":31}},"loc":{"start":{"line":163,"column":64},"end":{"line":176,"column":1}}}},"branchMap":{"0":{"loc":{"start":{"line":33,"column":2},"end":{"line":33,"column":18}},"type":"default-arg","locations":[{"start":{"line":33,"column":9},"end":{"line":33,"column":18}}]},"1":{"loc":{"start":{"line":60,"column":2},"end":{"line":60,"column":21}},"type":"default-arg","locations":[{"start":{"line":60,"column":13},"end":{"line":60,"column":21}}]},"2":{"loc":{"start":{"line":69,"column":10},"end":{"line":70,"column":141}},"type":"binary-expr","locations":[{"start":{"line":69,"column":10},"end":{"line":69,"column":31}},{"start":{"line":70,"column":12},"end":{"line":70,"column":141}}]},"3":{"loc":{"start":{"line":80,"column":12},"end":{"line":81,"column":115}},"type":"binary-expr","locations":[{"start":{"line":80,"column":12},"end":{"line":80,"column":33}},{"start":{"line":81,"column":14},"end":{"line":81,"column":115}}]}},"s":{"0":3,"1":3,"2":3,"3":3,"4":3,"5":3,"6":3,"7":3,"8":3,"9":3,"10":3,"11":3,"12":3,"13":3,"14":12,"15":0,"16":12,"17":12,"18":12,"19":0,"20":56,"21":0,"22":14,"23":14},"f":{"0":12,"1":0,"2":12,"3":12,"4":12,"5":0,"6":56,"7":0,"8":14,"9":14},"b":{"0":[12],"1":[12],"2":[12,12],"3":[12,12]}}
,"D:\\backup_documentos\\MISO\\2025\\ProyectoIntegrador 2\\web\\proyecto-1\\MediSupply Web\\src\\components\\ui\\switch.tsx": {"path":"D:\\backup_documentos\\MISO\\2025\\ProyectoIntegrador 2\\web\\proyecto-1\\MediSupply Web\\src\\components\\ui\\switch.tsx","statementMap":{"0":{"start":{"line":31,"column":9},"end":{"line":31,"column":15}},"1":{"start":{"line":3,"column":0},"end":{"line":3,"column":31}},"2":{"start":{"line":4,"column":0},"end":{"line":4,"column":58}},"3":{"start":{"line":6,"column":0},"end":{"line":6,"column":29}},"4":{"start":{"line":12,"column":2},"end":{"line":28,"column":4}}},"fnMap":{"0":{"name":"Switch","decl":{"start":{"line":8,"column":9},"end":{"line":8,"column":15}},"loc":{"start":{"line":11,"column":52},"end":{"line":29,"column":1}}}},"branchMap":{},"s":{"0":1,"1":1,"2":1,"3":1,"4":0},"f":{"0":0},"b":{}}
,"D:\\backup_documentos\\MISO\\2025\\ProyectoIntegrador 2\\web\\proyecto-1\\MediSupply Web\\src\\components\\ui\\utils.ts": {"path":"D:\\backup_documentos\\MISO\\2025\\ProyectoIntegrador 2\\web\\proyecto-1\\MediSupply Web\\src\\components\\ui\\utils.ts","statementMap":{"0":{"start":{"line":4,"column":0},"end":{"line":4,"column":16}},"1":{"start":{"line":1,"column":0},"end":{"line":1,"column":45}},"2":{"start":{"line":2,"column":0},"end":{"line":2,"column":41}},"3":{"start":{"line":5,"column":2},"end":{"line":5,"column":31}}},"fnMap":{"0":{"name":"cn","decl":{"start":{"line":4,"column":16},"end":{"line":4,"column":18}},"loc":{"start":{"line":4,"column":42},"end":{"line":6,"column":1}}}},"branchMap":{},"s":{"0":9,"1":9,"2":9,"3":1293},"f":{"0":1293},"b":{}}
}
