TN:
SF:src\components\ForgotPasswordForm.tsx
FN:12,ForgotPasswordForm
FN:17,(anonymous_1)
FN:22,(anonymous_2)
FN:29,(anonymous_3)
FN:102,(anonymous_4)
FNF:5
FNH:4
FNDA:5,ForgotPasswordForm
FNDA:1,(anonymous_1)
FNDA:1,(anonymous_2)
FNDA:0,(anonymous_3)
FNDA:1,(anonymous_4)
DA:1,1
DA:2,1
DA:3,1
DA:4,1
DA:5,1
DA:6,1
DA:12,1
DA:13,5
DA:14,5
DA:15,5
DA:17,5
DA:18,1
DA:19,1
DA:22,1
DA:23,1
DA:24,1
DA:25,1
DA:29,5
DA:30,0
DA:31,0
DA:34,5
DA:35,1
DA:78,4
DA:102,1
LF:24
LH:22
BRDA:34,0,0,1
BRDA:34,0,1,4
BRDA:110,1,0,1
BRDA:110,1,1,3
BRF:4
BRH:4
end_of_record
TN:
SF:src\components\InventarioView.tsx
FN:45,InventarioView
FN:170,(anonymous_1)
FN:172,(anonymous_2)
FN:188,(anonymous_3)
FN:201,(anonymous_4)
FN:214,(anonymous_5)
FN:226,(anonymous_6)
FN:227,(anonymous_7)
FN:228,(anonymous_8)
FN:229,(anonymous_9)
FN:230,(anonymous_10)
FN:230,(anonymous_11)
FN:322,(anonymous_12)
FN:346,(anonymous_13)
FN:488,(anonymous_14)
FN:551,(anonymous_15)
FN:559,(anonymous_16)
FN:559,(anonymous_17)
FN:564,(anonymous_18)
FN:575,(anonymous_19)
FNF:20
FNH:15
FNDA:7,InventarioView
FNDA:6,(anonymous_1)
FNDA:10,(anonymous_2)
FNDA:21,(anonymous_3)
FNDA:42,(anonymous_4)
FNDA:21,(anonymous_5)
FNDA:30,(anonymous_6)
FNDA:30,(anonymous_7)
FNDA:30,(anonymous_8)
FNDA:30,(anonymous_9)
FNDA:30,(anonymous_10)
FNDA:36,(anonymous_11)
FNDA:2,(anonymous_12)
FNDA:21,(anonymous_13)
FNDA:26,(anonymous_14)
FNDA:0,(anonymous_15)
FNDA:0,(anonymous_16)
FNDA:0,(anonymous_17)
FNDA:0,(anonymous_18)
FNDA:0,(anonymous_19)
DA:1,1
DA:2,1
DA:3,1
DA:4,1
DA:5,1
DA:6,1
DA:7,1
DA:45,1
DA:46,7
DA:165,6
DA:166,6
DA:167,6
DA:170,6
DA:171,6
DA:172,2
DA:173,10
DA:181,6
DA:182,6
DA:188,6
DA:189,21
DA:191,9
DA:193,8
DA:195,4
DA:197,0
DA:201,6
DA:202,42
DA:204,18
DA:206,16
DA:208,8
DA:210,0
DA:214,6
DA:215,21
DA:220,21
DA:224,6
DA:226,30
DA:227,30
DA:228,30
DA:229,30
DA:230,36
DA:233,6
DA:323,2
DA:324,2
DA:347,21
DA:489,26
DA:551,0
DA:559,0
DA:560,0
DA:564,0
DA:575,0
LF:49
LH:42
BRDA:171,0,0,4
BRDA:171,0,1,2
BRDA:173,1,0,10
BRDA:173,1,1,9
BRDA:173,1,2,9
BRDA:173,1,3,9
BRDA:189,2,0,9
BRDA:189,2,1,8
BRDA:189,2,2,4
BRDA:189,2,3,0
BRDA:202,3,0,18
BRDA:202,3,1,16
BRDA:202,3,2,8
BRDA:202,3,3,0
BRDA:220,4,0,21
BRDA:220,4,1,0
BRDA:313,5,0,6
BRDA:313,5,1,0
BRDA:313,6,0,5
BRDA:313,6,1,1
BRDA:334,7,0,1
BRDA:334,7,1,5
BRDA:338,8,0,1
BRDA:338,8,1,0
BRDA:341,9,0,1
BRDA:341,9,1,0
BRDA:361,10,0,12
BRDA:361,10,1,9
BRDA:449,11,0,12
BRDA:449,11,1,9
BRDA:480,12,0,4
BRDA:480,12,1,17
BRDA:542,13,0,5
BRDA:542,13,1,0
BRDA:562,14,0,0
BRDA:562,14,1,0
BRF:36
BRH:27
end_of_record
TN:
SF:src\components\LoginForm.tsx
FN:14,LoginForm
FN:21,(anonymous_2)
FN:86,(anonymous_3)
FN:102,(anonymous_4)
FN:108,(anonymous_5)
FNF:5
FNH:5
FNDA:18,LoginForm
FNDA:3,(anonymous_2)
FNDA:3,(anonymous_3)
FNDA:3,(anonymous_4)
FNDA:1,(anonymous_5)
DA:1,1
DA:2,1
DA:3,1
DA:4,1
DA:5,1
DA:6,1
DA:7,1
DA:14,1
DA:15,18
DA:16,18
DA:17,18
DA:18,18
DA:19,18
DA:21,18
DA:22,3
DA:23,3
DA:24,3
DA:26,3
DA:29,3
DA:40,3
DA:41,1
DA:42,1
DA:45,1
DA:49,1
DA:50,1
DA:51,1
DA:53,1
DA:55,2
DA:56,2
DA:58,3
DA:62,18
DA:86,3
DA:102,3
DA:108,1
LF:34
LH:34
BRDA:40,0,0,1
BRDA:40,0,1,1
BRDA:42,1,0,1
BRDA:42,1,1,0
BRDA:99,2,0,1
BRDA:99,2,1,17
BRDA:111,3,0,1
BRDA:111,3,1,17
BRDA:120,4,0,18
BRDA:120,4,1,1
BRDA:125,5,0,3
BRDA:125,5,1,15
BRF:12
BRH:11
end_of_record
TN:
SF:src\components\figma\ImageWithFallback.tsx
FN:6,ImageWithFallback
FN:9,(anonymous_10)
FNF:2
FNH:2
FNDA:3,ImageWithFallback
FNDA:1,(anonymous_10)
DA:1,1
DA:4,1
DA:6,1
DA:7,3
DA:9,3
DA:10,1
DA:13,3
DA:15,3
LF:8
LH:8
BRDA:15,0,0,1
BRDA:15,0,1,2
BRDA:17,1,0,1
BRDA:17,1,1,1
BRF:4
BRH:4
end_of_record
