TN:
SF:src\components\ForgotPasswordForm.tsx
FN:12,ForgotPasswordForm
FN:17,(anonymous_1)
FN:22,(anonymous_2)
FN:29,(anonymous_3)
FN:102,(anonymous_4)
FNF:5
FNH:3
FNDA:4,ForgotPasswordForm
FNDA:1,(anonymous_1)
FNDA:0,(anonymous_2)
FNDA:0,(anonymous_3)
FNDA:1,(anonymous_4)
DA:1,1
DA:2,1
DA:3,1
DA:4,1
DA:5,1
DA:6,1
DA:12,1
DA:13,4
DA:14,4
DA:15,4
DA:17,4
DA:18,1
DA:19,1
DA:22,1
DA:23,0
DA:24,0
DA:25,0
DA:29,4
DA:30,0
DA:31,0
DA:34,4
DA:35,0
DA:78,4
DA:102,1
LF:24
LH:18
BRDA:34,0,0,0
BRDA:34,0,1,4
BRDA:110,1,0,1
BRDA:110,1,1,3
BRF:4
BRH:3
end_of_record
TN:
SF:src\components\InformesView.tsx
FN:53,InformesView
FN:168,(anonymous_1)
FN:182,(anonymous_2)
FN:183,(anonymous_3)
FN:199,(anonymous_4)
FN:212,(anonymous_5)
FN:213,(anonymous_6)
FN:214,(anonymous_7)
FN:215,(anonymous_8)
FN:216,(anonymous_9)
FN:220,(anonymous_10)
FN:222,(anonymous_11)
FN:232,(anonymous_12)
FN:233,(anonymous_13)
FN:242,(anonymous_14)
FN:247,(anonymous_15)
FN:250,(anonymous_16)
FN:255,(anonymous_17)
FN:296,(anonymous_18)
FN:303,(anonymous_19)
FN:324,(anonymous_20)
FN:338,(anonymous_21)
FN:444,(anonymous_22)
FN:467,(anonymous_23)
FN:469,(anonymous_24)
FN:473,(anonymous_25)
FN:477,(anonymous_26)
FN:524,(anonymous_27)
FNF:28
FNH:6
FNDA:12,InformesView
FNDA:3,(anonymous_1)
FNDA:0,(anonymous_2)
FNDA:0,(anonymous_3)
FNDA:0,(anonymous_4)
FNDA:0,(anonymous_5)
FNDA:0,(anonymous_6)
FNDA:0,(anonymous_7)
FNDA:0,(anonymous_8)
FNDA:0,(anonymous_9)
FNDA:0,(anonymous_10)
FNDA:0,(anonymous_11)
FNDA:0,(anonymous_12)
FNDA:0,(anonymous_13)
FNDA:0,(anonymous_14)
FNDA:0,(anonymous_15)
FNDA:0,(anonymous_16)
FNDA:0,(anonymous_17)
FNDA:2,(anonymous_18)
FNDA:48,(anonymous_19)
FNDA:2,(anonymous_20)
FNDA:2,(anonymous_21)
FNDA:0,(anonymous_22)
FNDA:0,(anonymous_23)
FNDA:0,(anonymous_24)
FNDA:0,(anonymous_25)
FNDA:0,(anonymous_26)
FNDA:0,(anonymous_27)
DA:1,1
DA:2,1
DA:3,1
DA:4,1
DA:5,1
DA:6,1
DA:7,1
DA:8,1
DA:22,1
DA:53,1
DA:55,12
DA:83,12
DA:158,12
DA:164,12
DA:165,12
DA:166,12
DA:168,12
DA:169,3
DA:170,1
DA:171,1
DA:174,2
DA:175,0
DA:176,0
DA:179,2
DA:182,2
DA:183,0
DA:184,0
DA:185,0
DA:186,0
DA:188,0
DA:193,0
DA:194,0
DA:195,0
DA:199,12
DA:200,0
DA:205,0
DA:206,0
DA:210,12
DA:212,0
DA:213,0
DA:214,0
DA:215,0
DA:216,0
DA:220,12
DA:221,0
DA:222,0
DA:223,0
DA:224,0
DA:225,0
DA:227,0
DA:229,0
DA:232,12
DA:233,0
DA:234,0
DA:235,0
DA:236,0
DA:238,0
DA:240,0
DA:242,0
DA:245,12
DA:247,12
DA:248,0
DA:250,0
DA:251,0
DA:256,0
DA:260,0
DA:261,0
DA:262,0
DA:263,0
DA:264,0
DA:265,0
DA:266,0
DA:267,0
DA:268,0
DA:271,12
DA:297,2
DA:304,48
DA:324,2
DA:338,2
DA:444,0
DA:467,0
DA:470,0
DA:473,0
DA:478,0
DA:525,0
LF:85
LH:34
BRDA:169,0,0,1
BRDA:169,0,1,2
BRDA:169,1,0,3
BRDA:169,1,1,2
BRDA:169,1,2,2
BRDA:174,2,0,0
BRDA:174,2,1,2
BRDA:188,3,0,0
BRDA:188,3,1,0
BRDA:188,3,2,0
BRDA:214,4,0,0
BRDA:214,4,1,12
BRDA:223,5,0,0
BRDA:223,5,1,0
BRDA:234,6,0,0
BRDA:234,6,1,0
BRDA:248,7,0,0
BRDA:248,7,1,0
BRDA:308,8,0,48
BRDA:308,8,1,12
BRDA:350,9,0,2
BRDA:350,9,1,10
BRDA:365,10,0,12
BRDA:365,10,1,0
BRDA:431,11,0,0
BRDA:431,11,1,0
BRDA:500,12,0,0
BRDA:500,12,1,0
BRDA:500,13,0,0
BRDA:500,13,1,0
BRDA:503,14,0,0
BRDA:503,14,1,0
BRDA:512,15,0,0
BRDA:512,15,1,0
BRDA:567,16,0,12
BRDA:567,16,1,12
BRF:36
BRH:14
end_of_record
TN:
SF:src\components\InventarioView.tsx
FN:45,InventarioView
FN:170,(anonymous_1)
FN:172,(anonymous_2)
FN:188,(anonymous_3)
FN:201,(anonymous_4)
FN:214,(anonymous_5)
FN:226,(anonymous_6)
FN:227,(anonymous_7)
FN:228,(anonymous_8)
FN:229,(anonymous_9)
FN:230,(anonymous_10)
FN:230,(anonymous_11)
FN:322,(anonymous_12)
FN:346,(anonymous_13)
FN:488,(anonymous_14)
FN:551,(anonymous_15)
FN:559,(anonymous_16)
FN:559,(anonymous_17)
FN:564,(anonymous_18)
FN:575,(anonymous_19)
FNF:20
FNH:15
FNDA:7,InventarioView
FNDA:6,(anonymous_1)
FNDA:10,(anonymous_2)
FNDA:21,(anonymous_3)
FNDA:42,(anonymous_4)
FNDA:21,(anonymous_5)
FNDA:30,(anonymous_6)
FNDA:30,(anonymous_7)
FNDA:30,(anonymous_8)
FNDA:30,(anonymous_9)
FNDA:30,(anonymous_10)
FNDA:36,(anonymous_11)
FNDA:2,(anonymous_12)
FNDA:21,(anonymous_13)
FNDA:26,(anonymous_14)
FNDA:0,(anonymous_15)
FNDA:0,(anonymous_16)
FNDA:0,(anonymous_17)
FNDA:0,(anonymous_18)
FNDA:0,(anonymous_19)
DA:1,1
DA:2,1
DA:3,1
DA:4,1
DA:5,1
DA:6,1
DA:7,1
DA:45,1
DA:46,7
DA:165,6
DA:166,6
DA:167,6
DA:170,6
DA:171,6
DA:172,2
DA:173,10
DA:181,6
DA:182,6
DA:188,6
DA:189,21
DA:191,9
DA:193,8
DA:195,4
DA:197,0
DA:201,6
DA:202,42
DA:204,18
DA:206,16
DA:208,8
DA:210,0
DA:214,6
DA:215,21
DA:220,21
DA:224,6
DA:226,30
DA:227,30
DA:228,30
DA:229,30
DA:230,36
DA:233,6
DA:323,2
DA:324,2
DA:347,21
DA:489,26
DA:551,0
DA:559,0
DA:560,0
DA:564,0
DA:575,0
LF:49
LH:42
BRDA:171,0,0,4
BRDA:171,0,1,2
BRDA:173,1,0,10
BRDA:173,1,1,9
BRDA:173,1,2,9
BRDA:173,1,3,9
BRDA:189,2,0,9
BRDA:189,2,1,8
BRDA:189,2,2,4
BRDA:189,2,3,0
BRDA:202,3,0,18
BRDA:202,3,1,16
BRDA:202,3,2,8
BRDA:202,3,3,0
BRDA:220,4,0,21
BRDA:220,4,1,0
BRDA:313,5,0,6
BRDA:313,5,1,0
BRDA:313,6,0,5
BRDA:313,6,1,1
BRDA:334,7,0,1
BRDA:334,7,1,5
BRDA:338,8,0,1
BRDA:338,8,1,0
BRDA:341,9,0,1
BRDA:341,9,1,0
BRDA:361,10,0,12
BRDA:361,10,1,9
BRDA:449,11,0,12
BRDA:449,11,1,9
BRDA:480,12,0,4
BRDA:480,12,1,17
BRDA:542,13,0,5
BRDA:542,13,1,0
BRDA:562,14,0,0
BRDA:562,14,1,0
BRF:36
BRH:27
end_of_record
TN:
SF:src\components\LoginForm.tsx
FN:17,LoginForm
FN:23,(anonymous_1)
FN:28,(anonymous_2)
FN:59,(anonymous_3)
FN:75,(anonymous_4)
FN:81,(anonymous_5)
FNF:6
FNH:5
FNDA:6,LoginForm
FNDA:1,(anonymous_1)
FNDA:1,(anonymous_2)
FNDA:1,(anonymous_3)
FNDA:1,(anonymous_4)
FNDA:0,(anonymous_5)
DA:1,1
DA:2,1
DA:3,1
DA:4,1
DA:5,1
DA:6,1
DA:17,1
DA:18,6
DA:19,6
DA:20,6
DA:21,6
DA:23,6
DA:24,1
DA:25,1
DA:28,1
DA:29,1
DA:30,1
DA:31,1
DA:35,6
DA:59,1
DA:75,1
DA:81,0
LF:22
LH:21
BRDA:72,0,0,0
BRDA:72,0,1,6
BRDA:84,1,0,0
BRDA:84,1,1,6
BRDA:94,2,0,1
BRDA:94,2,1,5
BRF:6
BRH:4
end_of_record
TN:
SF:src\components\PlanesVentaView.tsx
FN:51,PlanesVentaView
FN:101,(anonymous_1)
FN:130,(anonymous_2)
FN:132,(anonymous_3)
FN:134,(anonymous_4)
FN:140,(anonymous_5)
FN:142,(anonymous_6)
FN:155,(anonymous_7)
FN:166,(anonymous_8)
FN:167,(anonymous_9)
FN:172,(anonymous_10)
FN:192,(anonymous_11)
FN:197,(anonymous_12)
FN:201,(anonymous_13)
FN:211,(anonymous_14)
FN:217,(anonymous_15)
FN:221,(anonymous_16)
FN:240,(anonymous_17)
FN:241,(anonymous_18)
FN:244,(anonymous_19)
FN:247,(anonymous_20)
FN:256,(anonymous_21)
FN:267,(anonymous_22)
FN:277,(anonymous_23)
FN:306,(anonymous_24)
FN:318,(anonymous_25)
FN:333,(anonymous_26)
FN:333,(anonymous_27)
FN:348,(anonymous_28)
FN:383,(anonymous_29)
FN:429,(anonymous_30)
FN:451,(anonymous_31)
FN:463,(anonymous_32)
FN:468,(anonymous_33)
FN:521,(anonymous_34)
FN:545,(anonymous_35)
FN:609,(anonymous_36)
FN:642,(anonymous_37)
FN:649,(anonymous_38)
FN:668,(anonymous_39)
FN:676,(anonymous_40)
FN:676,(anonymous_41)
FN:681,(anonymous_42)
FN:692,(anonymous_43)
FNF:44
FNH:17
FNDA:3,PlanesVentaView
FNDA:12,(anonymous_1)
FNDA:3,(anonymous_2)
FNDA:3,(anonymous_3)
FNDA:5,(anonymous_4)
FNDA:2,(anonymous_5)
FNDA:0,(anonymous_6)
FNDA:0,(anonymous_7)
FNDA:0,(anonymous_8)
FNDA:0,(anonymous_9)
FNDA:0,(anonymous_10)
FNDA:0,(anonymous_11)
FNDA:0,(anonymous_12)
FNDA:0,(anonymous_13)
FNDA:0,(anonymous_14)
FNDA:0,(anonymous_15)
FNDA:0,(anonymous_16)
FNDA:0,(anonymous_17)
FNDA:0,(anonymous_18)
FNDA:0,(anonymous_19)
FNDA:0,(anonymous_20)
FNDA:0,(anonymous_21)
FNDA:28,(anonymous_22)
FNDA:14,(anonymous_23)
FNDA:9,(anonymous_24)
FNDA:9,(anonymous_25)
FNDA:9,(anonymous_26)
FNDA:18,(anonymous_27)
FNDA:9,(anonymous_28)
FNDA:0,(anonymous_29)
FNDA:0,(anonymous_30)
FNDA:0,(anonymous_31)
FNDA:12,(anonymous_32)
FNDA:0,(anonymous_33)
FNDA:1,(anonymous_34)
FNDA:7,(anonymous_35)
FNDA:13,(anonymous_36)
FNDA:0,(anonymous_37)
FNDA:0,(anonymous_38)
FNDA:0,(anonymous_39)
FNDA:0,(anonymous_40)
FNDA:0,(anonymous_41)
FNDA:0,(anonymous_42)
FNDA:0,(anonymous_43)
DA:1,1
DA:2,1
DA:3,1
DA:4,1
DA:5,1
DA:6,1
DA:7,1
DA:8,1
DA:9,1
DA:10,1
DA:11,1
DA:12,1
DA:51,1
DA:53,3
DA:80,3
DA:101,12
DA:107,3
DA:113,3
DA:114,3
DA:120,3
DA:121,3
DA:122,3
DA:123,3
DA:124,3
DA:125,3
DA:126,3
DA:127,3
DA:130,3
DA:131,3
DA:132,1
DA:133,3
DA:134,5
DA:140,3
DA:141,2
DA:142,0
DA:143,0
DA:149,3
DA:150,3
DA:155,3
DA:156,0
DA:158,0
DA:159,0
DA:160,0
DA:163,0
DA:164,0
DA:166,0
DA:167,0
DA:168,0
DA:171,0
DA:172,0
DA:180,0
DA:181,0
DA:186,0
DA:187,0
DA:188,0
DA:192,3
DA:193,0
DA:194,0
DA:197,0
DA:201,3
DA:202,0
DA:203,0
DA:208,0
DA:211,3
DA:212,0
DA:213,0
DA:214,0
DA:217,0
DA:218,0
DA:221,0
DA:222,0
DA:231,0
DA:232,0
DA:237,0
DA:240,3
DA:241,0
DA:244,3
DA:245,0
DA:246,0
DA:247,0
DA:250,0
DA:255,0
DA:256,0
DA:259,0
DA:264,0
DA:267,3
DA:268,28
DA:274,28
DA:277,3
DA:278,14
DA:283,14
DA:286,3
DA:306,9
DA:318,9
DA:333,18
DA:348,9
DA:384,0
DA:385,0
DA:430,0
DA:431,0
DA:451,0
DA:464,12
DA:468,0
DA:522,1
DA:523,1
DA:546,7
DA:610,13
DA:642,0
DA:649,0
DA:668,0
DA:676,0
DA:677,0
DA:681,0
DA:692,0
LF:114
LH:58
BRDA:131,0,0,2
BRDA:131,0,1,1
BRDA:133,1,0,3
BRDA:133,1,1,2
BRDA:133,1,2,2
BRDA:141,2,0,2
BRDA:141,2,1,0
BRDA:143,3,0,0
BRDA:143,3,1,0
BRDA:158,4,0,0
BRDA:158,4,1,0
BRDA:158,5,0,0
BRDA:158,5,1,0
BRDA:158,5,2,0
BRDA:212,6,0,0
BRDA:212,6,1,0
BRDA:212,7,0,0
BRDA:212,7,1,0
BRDA:212,7,2,0
BRDA:222,8,0,0
BRDA:222,8,1,0
BRDA:244,9,0,0
BRDA:245,10,0,0
BRDA:245,10,1,0
BRDA:246,11,0,0
BRDA:246,11,1,0
BRDA:255,12,0,0
BRDA:255,12,1,0
BRDA:274,13,0,28
BRDA:274,13,1,0
BRDA:283,14,0,14
BRDA:283,14,1,0
BRDA:348,15,0,3
BRDA:348,15,1,0
BRDA:367,16,0,0
BRDA:367,16,1,3
BRDA:373,17,0,3
BRDA:373,17,1,0
BRDA:458,18,0,0
BRDA:458,18,1,3
BRDA:474,19,0,3
BRDA:474,19,1,9
BRDA:480,20,0,12
BRDA:480,20,1,3
BRDA:489,21,0,3
BRDA:489,21,1,0
BRDA:491,22,0,0
BRDA:491,22,1,0
BRDA:491,23,0,0
BRDA:491,23,1,0
BRDA:497,24,0,0
BRDA:497,24,1,3
BRDA:512,25,0,3
BRDA:512,25,1,0
BRDA:512,26,0,2
BRDA:512,26,1,1
BRDA:533,27,0,0
BRDA:533,27,1,3
BRDA:537,28,0,0
BRDA:537,28,1,0
BRDA:540,29,0,0
BRDA:540,29,1,0
BRDA:566,30,0,3
BRDA:566,30,1,4
BRDA:568,31,0,3
BRDA:568,31,1,4
BRDA:615,32,0,10
BRDA:615,32,1,3
BRDA:616,33,0,10
BRDA:616,33,1,3
BRDA:659,34,0,3
BRDA:659,34,1,0
BRDA:679,35,0,0
BRDA:679,35,1,0
BRF:74
BRH:31
end_of_record
TN:
SF:src\components\ProductosView.tsx
FN:62,ProductosView
FN:136,(anonymous_1)
FN:138,(anonymous_2)
FN:152,(anonymous_3)
FN:158,(anonymous_4)
FN:161,(anonymous_5)
FN:176,(anonymous_6)
FN:178,(anonymous_7)
FN:217,(anonymous_8)
FN:235,(anonymous_9)
FN:254,(anonymous_10)
FN:255,(anonymous_11)
FN:267,(anonymous_12)
FN:306,(anonymous_13)
FN:307,(anonymous_14)
FN:310,(anonymous_15)
FN:325,(anonymous_16)
FN:330,(anonymous_17)
FN:344,(anonymous_18)
FN:391,(anonymous_19)
FN:405,(anonymous_20)
FN:409,(anonymous_21)
FN:413,(anonymous_22)
FN:426,(anonymous_23)
FN:441,(anonymous_24)
FN:483,(anonymous_25)
FN:501,(anonymous_26)
FN:519,(anonymous_27)
FN:534,(anonymous_28)
FN:542,(anonymous_29)
FN:553,(anonymous_30)
FN:561,(anonymous_31)
FN:586,(anonymous_32)
FN:609,(anonymous_33)
FN:625,(anonymous_34)
FN:651,(anonymous_35)
FN:667,(anonymous_36)
FN:697,(anonymous_37)
FN:716,(anonymous_38)
FN:787,(anonymous_39)
FN:811,(anonymous_40)
FN:819,(anonymous_41)
FN:827,(anonymous_42)
FN:833,(anonymous_43)
FN:840,(anonymous_44)
FN:851,(anonymous_45)
FN:918,(anonymous_46)
FN:925,(anonymous_47)
FN:945,(anonymous_48)
FN:953,(anonymous_49)
FN:953,(anonymous_50)
FN:958,(anonymous_51)
FN:969,(anonymous_52)
FNF:53
FNH:13
FNDA:3,ProductosView
FNDA:3,(anonymous_1)
FNDA:2,(anonymous_2)
FNDA:0,(anonymous_3)
FNDA:0,(anonymous_4)
FNDA:0,(anonymous_5)
FNDA:0,(anonymous_6)
FNDA:0,(anonymous_7)
FNDA:0,(anonymous_8)
FNDA:0,(anonymous_9)
FNDA:0,(anonymous_10)
FNDA:0,(anonymous_11)
FNDA:0,(anonymous_12)
FNDA:0,(anonymous_13)
FNDA:0,(anonymous_14)
FNDA:0,(anonymous_15)
FNDA:0,(anonymous_16)
FNDA:0,(anonymous_17)
FNDA:0,(anonymous_18)
FNDA:6,(anonymous_19)
FNDA:6,(anonymous_20)
FNDA:6,(anonymous_21)
FNDA:6,(anonymous_22)
FNDA:6,(anonymous_23)
FNDA:6,(anonymous_24)
FNDA:0,(anonymous_25)
FNDA:0,(anonymous_26)
FNDA:0,(anonymous_27)
FNDA:0,(anonymous_28)
FNDA:9,(anonymous_29)
FNDA:0,(anonymous_30)
FNDA:36,(anonymous_31)
FNDA:0,(anonymous_32)
FNDA:0,(anonymous_33)
FNDA:0,(anonymous_34)
FNDA:0,(anonymous_35)
FNDA:0,(anonymous_36)
FNDA:0,(anonymous_37)
FNDA:0,(anonymous_38)
FNDA:1,(anonymous_39)
FNDA:5,(anonymous_40)
FNDA:0,(anonymous_41)
FNDA:0,(anonymous_42)
FNDA:0,(anonymous_43)
FNDA:0,(anonymous_44)
FNDA:0,(anonymous_45)
FNDA:0,(anonymous_46)
FNDA:0,(anonymous_47)
FNDA:0,(anonymous_48)
FNDA:0,(anonymous_49)
FNDA:0,(anonymous_50)
FNDA:0,(anonymous_51)
FNDA:0,(anonymous_52)
DA:1,1
DA:2,1
DA:3,1
DA:4,1
DA:5,1
DA:6,1
DA:7,1
DA:8,1
DA:9,1
DA:10,1
DA:47,1
DA:53,1
DA:62,1
DA:63,3
DA:96,3
DA:111,3
DA:112,3
DA:127,3
DA:128,3
DA:129,3
DA:130,3
DA:131,3
DA:132,3
DA:133,3
DA:136,3
DA:137,3
DA:138,1
DA:139,2
DA:145,3
DA:146,3
DA:152,3
DA:153,0
DA:154,0
DA:155,0
DA:158,3
DA:159,0
DA:161,0
DA:162,0
DA:163,0
DA:165,0
DA:168,0
DA:169,0
DA:170,0
DA:173,0
DA:174,0
DA:176,0
DA:177,0
DA:178,0
DA:196,0
DA:197,0
DA:211,0
DA:212,0
DA:213,0
DA:217,3
DA:218,0
DA:219,0
DA:235,3
DA:236,0
DA:237,0
DA:251,0
DA:254,3
DA:255,0
DA:256,0
DA:257,0
DA:259,0
DA:262,0
DA:263,0
DA:264,0
DA:267,0
DA:268,0
DA:288,0
DA:289,0
DA:303,0
DA:306,3
DA:307,0
DA:310,3
DA:311,0
DA:312,0
DA:315,0
DA:316,0
DA:317,0
DA:318,0
DA:321,0
DA:322,0
DA:325,0
DA:328,0
DA:330,0
DA:344,0
DA:361,0
DA:362,0
DA:364,0
DA:368,0
DA:371,3
DA:391,6
DA:405,6
DA:409,6
DA:413,6
DA:426,6
DA:441,6
DA:484,0
DA:485,0
DA:502,0
DA:503,0
DA:520,0
DA:521,0
DA:535,0
DA:536,0
DA:543,9
DA:554,0
DA:555,0
DA:562,36
DA:587,0
DA:588,0
DA:589,0
DA:594,0
DA:610,0
DA:611,0
DA:612,0
DA:617,0
DA:626,0
DA:627,0
DA:652,0
DA:653,0
DA:668,0
DA:673,0
DA:698,0
DA:699,0
DA:717,0
DA:718,0
DA:788,1
DA:789,1
DA:812,5
DA:819,0
DA:827,0
DA:834,0
DA:841,0
DA:851,0
DA:918,0
DA:925,0
DA:945,0
DA:953,0
DA:954,0
DA:958,0
DA:969,0
LF:144
LH:49
BRDA:137,0,0,2
BRDA:137,0,1,1
BRDA:139,1,0,2
BRDA:139,1,1,1
BRDA:153,2,0,0
BRDA:153,2,1,0
BRDA:154,3,0,0
BRDA:154,3,1,0
BRDA:162,4,0,0
BRDA:162,4,1,0
BRDA:163,5,0,0
BRDA:163,5,1,0
BRDA:163,5,2,0
BRDA:168,6,0,0
BRDA:168,6,1,0
BRDA:189,7,0,0
BRDA:189,7,1,0
BRDA:230,8,0,0
BRDA:230,8,1,0
BRDA:231,9,0,0
BRDA:231,9,1,0
BRDA:256,10,0,0
BRDA:256,10,1,0
BRDA:256,11,0,0
BRDA:256,11,1,0
BRDA:256,11,2,0
BRDA:262,12,0,0
BRDA:262,12,1,0
BRDA:268,13,0,0
BRDA:268,13,1,0
BRDA:281,14,0,0
BRDA:281,14,1,0
BRDA:312,15,0,0
BRDA:312,15,1,0
BRDA:316,16,0,0
BRDA:316,16,1,0
BRDA:460,17,0,0
BRDA:460,17,1,3
BRDA:466,18,0,3
BRDA:466,18,1,0
BRDA:671,19,0,0
BRDA:671,19,1,0
BRDA:686,20,0,3
BRDA:686,20,1,0
BRDA:686,20,2,0
BRDA:732,21,0,0
BRDA:732,21,1,3
BRDA:738,22,0,0
BRDA:738,22,1,3
BRDA:778,23,0,3
BRDA:778,23,1,0
BRDA:778,24,0,2
BRDA:778,24,1,1
BRDA:799,25,0,0
BRDA:799,25,1,3
BRDA:803,26,0,0
BRDA:803,26,1,0
BRDA:806,27,0,0
BRDA:806,27,1,0
BRDA:813,28,0,0
BRDA:813,28,1,5
BRDA:876,29,0,3
BRDA:876,29,1,2
BRDA:877,30,0,2
BRDA:877,30,1,0
BRDA:903,31,0,5
BRDA:903,31,1,2
BRDA:936,32,0,3
BRDA:936,32,1,0
BRDA:956,33,0,0
BRDA:956,33,1,0
BRF:71
BRH:20
end_of_record
TN:
SF:src\components\ProveedoresView.tsx
FN:22,ProveedoresView
FN:69,(anonymous_1)
FN:71,(anonymous_2)
FN:85,(anonymous_3)
FN:86,(anonymous_4)
FN:89,(anonymous_5)
FN:103,(anonymous_6)
FN:105,(anonymous_7)
FN:119,(anonymous_8)
FN:127,(anonymous_9)
FN:132,(anonymous_10)
FN:141,(anonymous_11)
FN:155,(anonymous_12)
FN:156,(anonymous_13)
FN:242,(anonymous_14)
FN:264,(anonymous_15)
FN:303,(anonymous_16)
FN:327,(anonymous_17)
FN:337,(anonymous_18)
FN:350,(anonymous_19)
FN:362,(anonymous_20)
FN:401,(anonymous_21)
FN:408,(anonymous_22)
FN:428,(anonymous_23)
FN:436,(anonymous_24)
FN:436,(anonymous_25)
FN:441,(anonymous_26)
FN:452,(anonymous_27)
FNF:28
FNH:5
FNDA:3,ProveedoresView
FNDA:3,(anonymous_1)
FNDA:4,(anonymous_2)
FNDA:0,(anonymous_3)
FNDA:0,(anonymous_4)
FNDA:0,(anonymous_5)
FNDA:0,(anonymous_6)
FNDA:0,(anonymous_7)
FNDA:0,(anonymous_8)
FNDA:0,(anonymous_9)
FNDA:0,(anonymous_10)
FNDA:0,(anonymous_11)
FNDA:0,(anonymous_12)
FNDA:0,(anonymous_13)
FNDA:0,(anonymous_14)
FNDA:0,(anonymous_15)
FNDA:1,(anonymous_16)
FNDA:9,(anonymous_17)
FNDA:0,(anonymous_18)
FNDA:0,(anonymous_19)
FNDA:0,(anonymous_20)
FNDA:0,(anonymous_21)
FNDA:0,(anonymous_22)
FNDA:0,(anonymous_23)
FNDA:0,(anonymous_24)
FNDA:0,(anonymous_25)
FNDA:0,(anonymous_26)
FNDA:0,(anonymous_27)
DA:1,1
DA:2,1
DA:3,1
DA:4,1
DA:5,1
DA:6,1
DA:7,1
DA:8,1
DA:9,1
DA:22,1
DA:23,3
DA:50,3
DA:55,3
DA:56,3
DA:61,3
DA:62,3
DA:63,3
DA:64,3
DA:65,3
DA:66,3
DA:69,3
DA:70,3
DA:71,1
DA:72,4
DA:78,3
DA:79,3
DA:85,3
DA:86,0
DA:89,3
DA:90,0
DA:91,0
DA:94,0
DA:95,0
DA:96,0
DA:99,0
DA:100,0
DA:103,0
DA:104,0
DA:105,0
DA:111,0
DA:112,0
DA:113,0
DA:114,0
DA:115,0
DA:119,3
DA:120,0
DA:121,0
DA:127,3
DA:128,0
DA:129,0
DA:132,3
DA:133,0
DA:136,0
DA:137,0
DA:138,0
DA:141,0
DA:142,0
DA:150,0
DA:151,0
DA:152,0
DA:155,3
DA:156,0
DA:159,3
DA:243,0
DA:247,0
DA:265,0
DA:269,0
DA:304,1
DA:305,1
DA:328,9
DA:337,0
DA:350,0
DA:362,0
DA:401,0
DA:408,0
DA:428,0
DA:436,0
DA:437,0
DA:441,0
DA:452,0
LF:80
LH:36
BRDA:70,0,0,2
BRDA:70,0,1,1
BRDA:72,1,0,4
BRDA:72,1,1,3
BRDA:86,2,0,0
BRDA:86,2,1,0
BRDA:91,3,0,0
BRDA:91,3,1,0
BRDA:91,4,0,0
BRDA:91,4,1,0
BRDA:94,5,0,0
BRDA:94,5,1,0
BRDA:133,6,0,0
BRDA:133,6,1,0
BRDA:133,7,0,0
BRDA:133,7,1,0
BRDA:136,8,0,0
BRDA:136,8,1,0
BRDA:142,9,0,0
BRDA:142,9,1,0
BRDA:179,10,0,3
BRDA:179,10,1,0
BRDA:220,11,0,0
BRDA:220,11,1,3
BRDA:226,12,0,3
BRDA:226,12,1,0
BRDA:279,13,0,0
BRDA:279,13,1,3
BRDA:294,14,0,3
BRDA:294,14,1,0
BRDA:294,15,0,2
BRDA:294,15,1,1
BRDA:315,16,0,0
BRDA:315,16,1,3
BRDA:319,17,0,0
BRDA:319,17,1,0
BRDA:322,18,0,0
BRDA:322,18,1,0
BRDA:329,19,0,0
BRDA:329,19,1,9
BRDA:363,20,0,0
BRDA:363,20,1,0
BRDA:419,21,0,3
BRDA:419,21,1,0
BRDA:439,22,0,0
BRDA:439,22,1,0
BRF:46
BRH:14
end_of_record
TN:
SF:src\components\RutasEntregaView.tsx
FN:83,RutasEntregaView
FN:271,(anonymous_1)
FN:273,(anonymous_2)
FN:282,(anonymous_3)
FN:284,(anonymous_4)
FN:298,(anonymous_5)
FN:299,(anonymous_6)
FN:300,(anonymous_7)
FN:301,(anonymous_8)
FN:303,(anonymous_9)
FN:328,(anonymous_10)
FN:329,(anonymous_11)
FN:335,(anonymous_12)
FN:336,(anonymous_13)
FN:347,(anonymous_14)
FN:366,(anonymous_15)
FN:383,(anonymous_16)
FN:397,(anonymous_17)
FN:412,(anonymous_18)
FN:420,(anonymous_19)
FN:449,(anonymous_20)
FN:450,(anonymous_21)
FN:453,(anonymous_22)
FN:455,(anonymous_23)
FN:465,(anonymous_24)
FN:480,(anonymous_25)
FN:495,(anonymous_26)
FN:508,(anonymous_27)
FN:524,(anonymous_28)
FN:525,(anonymous_29)
FN:526,(anonymous_30)
FN:527,(anonymous_31)
FN:528,(anonymous_32)
FN:646,(anonymous_33)
FN:660,(anonymous_34)
FN:676,(anonymous_35)
FN:692,(anonymous_36)
FN:716,(anonymous_37)
FN:736,(anonymous_38)
FN:755,(anonymous_39)
FN:769,(anonymous_40)
FN:789,(anonymous_41)
FN:801,(anonymous_42)
FN:807,(anonymous_43)
FN:907,(anonymous_44)
FN:931,(anonymous_45)
FN:1074,(anonymous_46)
FN:1126,(anonymous_47)
FN:1143,(anonymous_48)
FN:1151,(anonymous_49)
FN:1169,(anonymous_50)
FN:1177,(anonymous_51)
FN:1187,(anonymous_52)
FN:1196,(anonymous_53)
FN:1215,(anonymous_54)
FN:1223,(anonymous_55)
FN:1223,(anonymous_56)
FN:1228,(anonymous_57)
FN:1239,(anonymous_58)
FNF:59
FNH:16
FNDA:4,RutasEntregaView
FNDA:3,(anonymous_1)
FNDA:2,(anonymous_2)
FNDA:2,(anonymous_3)
FNDA:0,(anonymous_4)
FNDA:15,(anonymous_5)
FNDA:0,(anonymous_6)
FNDA:0,(anonymous_7)
FNDA:0,(anonymous_8)
FNDA:0,(anonymous_9)
FNDA:0,(anonymous_10)
FNDA:0,(anonymous_11)
FNDA:0,(anonymous_12)
FNDA:0,(anonymous_13)
FNDA:0,(anonymous_14)
FNDA:0,(anonymous_15)
FNDA:0,(anonymous_16)
FNDA:0,(anonymous_17)
FNDA:0,(anonymous_18)
FNDA:0,(anonymous_19)
FNDA:0,(anonymous_20)
FNDA:0,(anonymous_21)
FNDA:0,(anonymous_22)
FNDA:0,(anonymous_23)
FNDA:0,(anonymous_24)
FNDA:10,(anonymous_25)
FNDA:0,(anonymous_26)
FNDA:10,(anonymous_27)
FNDA:6,(anonymous_28)
FNDA:6,(anonymous_29)
FNDA:6,(anonymous_30)
FNDA:6,(anonymous_31)
FNDA:6,(anonymous_32)
FNDA:0,(anonymous_33)
FNDA:0,(anonymous_34)
FNDA:0,(anonymous_35)
FNDA:0,(anonymous_36)
FNDA:0,(anonymous_37)
FNDA:0,(anonymous_38)
FNDA:0,(anonymous_39)
FNDA:0,(anonymous_40)
FNDA:0,(anonymous_41)
FNDA:15,(anonymous_42)
FNDA:0,(anonymous_43)
FNDA:1,(anonymous_44)
FNDA:5,(anonymous_45)
FNDA:10,(anonymous_46)
FNDA:0,(anonymous_47)
FNDA:0,(anonymous_48)
FNDA:0,(anonymous_49)
FNDA:0,(anonymous_50)
FNDA:0,(anonymous_51)
FNDA:0,(anonymous_52)
FNDA:0,(anonymous_53)
FNDA:0,(anonymous_54)
FNDA:0,(anonymous_55)
FNDA:0,(anonymous_56)
FNDA:0,(anonymous_57)
FNDA:0,(anonymous_58)
DA:1,1
DA:2,1
DA:3,1
DA:4,1
DA:5,1
DA:6,1
DA:7,1
DA:8,1
DA:10,1
DA:11,1
DA:13,1
DA:14,1
DA:83,1
DA:85,4
DA:158,4
DA:236,3
DA:237,3
DA:249,3
DA:250,3
DA:261,3
DA:262,3
DA:263,3
DA:264,3
DA:265,3
DA:266,3
DA:267,3
DA:268,3
DA:271,3
DA:272,3
DA:273,1
DA:274,2
DA:282,3
DA:283,2
DA:284,0
DA:285,0
DA:291,3
DA:292,3
DA:298,15
DA:299,3
DA:300,3
DA:301,3
DA:303,3
DA:304,0
DA:306,0
DA:310,0
DA:311,0
DA:315,0
DA:316,0
DA:317,0
DA:320,0
DA:321,0
DA:322,0
DA:325,0
DA:326,0
DA:328,0
DA:329,0
DA:330,0
DA:334,0
DA:335,0
DA:336,0
DA:346,0
DA:347,0
DA:363,0
DA:366,0
DA:368,0
DA:379,0
DA:383,3
DA:384,0
DA:385,0
DA:397,3
DA:398,0
DA:399,0
DA:409,0
DA:412,3
DA:413,0
DA:416,0
DA:417,0
DA:420,0
DA:421,0
DA:435,0
DA:436,0
DA:446,0
DA:449,3
DA:450,0
DA:453,3
DA:454,0
DA:455,0
DA:458,0
DA:462,0
DA:465,3
DA:466,0
DA:468,0
DA:470,0
DA:472,0
DA:474,0
DA:476,0
DA:480,3
DA:481,10
DA:483,0
DA:485,4
DA:487,6
DA:489,0
DA:491,0
DA:495,3
DA:496,0
DA:498,0
DA:500,0
DA:502,0
DA:504,0
DA:508,3
DA:509,10
DA:511,0
DA:513,2
DA:515,8
DA:517,0
DA:522,3
DA:524,6
DA:525,6
DA:526,6
DA:527,6
DA:528,6
DA:532,3
DA:647,0
DA:648,0
DA:661,0
DA:662,0
DA:677,0
DA:678,0
DA:693,0
DA:694,0
DA:717,0
DA:718,0
DA:737,0
DA:738,0
DA:756,0
DA:757,0
DA:770,0
DA:771,0
DA:789,0
DA:802,15
DA:807,0
DA:908,1
DA:909,1
DA:932,5
DA:1075,10
DA:1126,0
DA:1143,0
DA:1151,0
DA:1169,0
DA:1177,0
DA:1187,0
DA:1196,0
DA:1215,0
DA:1223,0
DA:1224,0
DA:1228,0
DA:1239,0
LF:157
LH:67
BRDA:272,0,0,2
BRDA:272,0,1,1
BRDA:274,1,0,2
BRDA:274,1,1,1
BRDA:274,1,2,1
BRDA:274,1,3,1
BRDA:283,2,0,2
BRDA:283,2,1,0
BRDA:285,3,0,0
BRDA:285,3,1,0
BRDA:306,4,0,0
BRDA:306,4,1,0
BRDA:306,5,0,0
BRDA:306,5,1,0
BRDA:306,5,2,0
BRDA:306,5,3,0
BRDA:306,5,4,0
BRDA:306,5,5,0
BRDA:306,5,6,0
BRDA:306,5,7,0
BRDA:315,6,0,0
BRDA:315,6,1,0
BRDA:320,7,0,0
BRDA:320,7,1,0
BRDA:413,8,0,0
BRDA:413,8,1,0
BRDA:413,9,0,0
BRDA:413,9,1,0
BRDA:413,9,2,0
BRDA:413,9,3,0
BRDA:413,9,4,0
BRDA:413,9,5,0
BRDA:413,9,6,0
BRDA:421,10,0,0
BRDA:421,10,1,0
BRDA:454,11,0,0
BRDA:454,11,1,0
BRDA:466,12,0,0
BRDA:466,12,1,0
BRDA:466,12,2,0
BRDA:466,12,3,0
BRDA:466,12,4,0
BRDA:481,13,0,0
BRDA:481,13,1,4
BRDA:481,13,2,6
BRDA:481,13,3,0
BRDA:481,13,4,0
BRDA:496,14,0,0
BRDA:496,14,1,0
BRDA:496,14,2,0
BRDA:496,14,3,0
BRDA:509,15,0,0
BRDA:509,15,1,2
BRDA:509,15,2,8
BRDA:509,15,3,0
BRDA:625,16,0,0
BRDA:625,16,1,3
BRDA:631,17,0,3
BRDA:631,17,1,0
BRDA:698,18,0,0
BRDA:698,18,1,3
BRDA:796,19,0,0
BRDA:796,19,1,3
BRDA:842,20,0,3
BRDA:842,20,1,0
BRDA:861,21,0,0
BRDA:861,21,1,0
BRDA:861,21,2,0
BRDA:870,22,0,0
BRDA:870,22,1,0
BRDA:870,22,2,0
BRDA:883,23,0,0
BRDA:883,23,1,3
BRDA:898,24,0,3
BRDA:898,24,1,0
BRDA:898,25,0,2
BRDA:898,25,1,1
BRDA:919,26,0,0
BRDA:919,26,1,3
BRDA:923,27,0,0
BRDA:923,27,1,0
BRDA:926,28,0,0
BRDA:926,28,1,0
BRDA:939,29,0,5
BRDA:939,29,1,3
BRDA:1030,30,0,3
BRDA:1030,30,1,2
BRDA:1093,31,0,10
BRDA:1093,31,1,8
BRDA:1103,32,0,10
BRDA:1103,32,1,6
BRDA:1122,33,0,0
BRDA:1122,33,1,5
BRDA:1162,34,0,5
BRDA:1162,34,1,0
BRDA:1206,35,0,3
BRDA:1206,35,1,0
BRDA:1226,36,0,0
BRDA:1226,36,1,0
BRF:99
BRH:32
end_of_record
TN:
SF:src\components\VendedoresView.tsx
FN:40,VendedoresView
FN:88,(anonymous_1)
FN:90,(anonymous_2)
FN:104,(anonymous_3)
FN:105,(anonymous_4)
FN:108,(anonymous_5)
FN:122,(anonymous_6)
FN:124,(anonymous_7)
FN:140,(anonymous_8)
FN:149,(anonymous_9)
FN:156,(anonymous_10)
FN:165,(anonymous_11)
FN:180,(anonymous_12)
FN:181,(anonymous_13)
FN:184,(anonymous_14)
FN:185,(anonymous_15)
FN:210,(anonymous_16)
FN:222,(anonymous_17)
FN:225,(anonymous_18)
FN:237,(anonymous_19)
FN:240,(anonymous_20)
FN:252,(anonymous_21)
FN:298,(anonymous_22)
FN:320,(anonymous_23)
FN:342,(anonymous_24)
FN:354,(anonymous_25)
FN:392,(anonymous_26)
FN:416,(anonymous_27)
FN:432,(anonymous_28)
FN:445,(anonymous_29)
FN:457,(anonymous_30)
FN:499,(anonymous_31)
FN:506,(anonymous_32)
FN:513,(anonymous_33)
FN:533,(anonymous_34)
FN:541,(anonymous_35)
FN:541,(anonymous_36)
FN:546,(anonymous_37)
FN:557,(anonymous_38)
FNF:39
FNH:11
FNDA:3,VendedoresView
FNDA:3,(anonymous_1)
FNDA:3,(anonymous_2)
FNDA:0,(anonymous_3)
FNDA:0,(anonymous_4)
FNDA:0,(anonymous_5)
FNDA:0,(anonymous_6)
FNDA:0,(anonymous_7)
FNDA:0,(anonymous_8)
FNDA:0,(anonymous_9)
FNDA:0,(anonymous_10)
FNDA:0,(anonymous_11)
FNDA:0,(anonymous_12)
FNDA:0,(anonymous_13)
FNDA:0,(anonymous_14)
FNDA:0,(anonymous_15)
FNDA:9,(anonymous_16)
FNDA:9,(anonymous_17)
FNDA:9,(anonymous_18)
FNDA:9,(anonymous_19)
FNDA:9,(anonymous_20)
FNDA:9,(anonymous_21)
FNDA:0,(anonymous_22)
FNDA:0,(anonymous_23)
FNDA:0,(anonymous_24)
FNDA:0,(anonymous_25)
FNDA:1,(anonymous_26)
FNDA:7,(anonymous_27)
FNDA:0,(anonymous_28)
FNDA:0,(anonymous_29)
FNDA:0,(anonymous_30)
FNDA:0,(anonymous_31)
FNDA:0,(anonymous_32)
FNDA:0,(anonymous_33)
FNDA:0,(anonymous_34)
FNDA:0,(anonymous_35)
FNDA:0,(anonymous_36)
FNDA:0,(anonymous_37)
FNDA:0,(anonymous_38)
DA:1,1
DA:2,1
DA:3,1
DA:4,1
DA:5,1
DA:6,1
DA:7,1
DA:8,1
DA:9,1
DA:40,1
DA:41,3
DA:65,3
DA:71,3
DA:72,3
DA:78,3
DA:79,3
DA:80,3
DA:81,3
DA:82,3
DA:83,3
DA:84,3
DA:85,3
DA:88,3
DA:89,3
DA:90,1
DA:91,3
DA:97,3
DA:98,3
DA:104,3
DA:105,0
DA:108,3
DA:109,0
DA:110,0
DA:113,0
DA:114,0
DA:115,0
DA:118,0
DA:119,0
DA:122,0
DA:123,0
DA:124,0
DA:131,0
DA:132,0
DA:133,0
DA:134,0
DA:135,0
DA:136,0
DA:140,3
DA:141,0
DA:142,0
DA:149,3
DA:150,0
DA:151,0
DA:152,0
DA:153,0
DA:156,3
DA:157,0
DA:160,0
DA:161,0
DA:162,0
DA:165,0
DA:166,0
DA:174,0
DA:175,0
DA:176,0
DA:177,0
DA:180,3
DA:181,0
DA:184,3
DA:185,0
DA:186,0
DA:190,3
DA:210,9
DA:222,9
DA:225,9
DA:237,9
DA:240,9
DA:253,9
DA:254,9
DA:255,9
DA:256,9
DA:299,0
DA:303,0
DA:321,0
DA:325,0
DA:343,0
DA:347,0
DA:354,0
DA:393,1
DA:394,1
DA:417,7
DA:432,0
DA:445,0
DA:457,0
DA:499,0
DA:506,0
DA:513,0
DA:533,0
DA:541,0
DA:542,0
DA:546,0
DA:557,0
LF:102
LH:48
BRDA:89,0,0,2
BRDA:89,0,1,1
BRDA:91,1,0,3
BRDA:91,1,1,2
BRDA:105,2,0,0
BRDA:105,2,1,0
BRDA:110,3,0,0
BRDA:110,3,1,0
BRDA:110,4,0,0
BRDA:110,4,1,0
BRDA:110,4,2,0
BRDA:113,5,0,0
BRDA:113,5,1,0
BRDA:157,6,0,0
BRDA:157,6,1,0
BRDA:157,7,0,0
BRDA:157,7,1,0
BRDA:160,8,0,0
BRDA:160,8,1,0
BRDA:166,9,0,0
BRDA:166,9,1,0
BRDA:186,10,0,0
BRDA:186,10,1,0
BRDA:240,11,0,3
BRDA:240,11,1,0
BRDA:276,12,0,0
BRDA:276,12,1,3
BRDA:282,13,0,3
BRDA:282,13,1,0
BRDA:339,14,0,0
BRDA:339,14,1,3
BRDA:357,15,0,0
BRDA:357,15,1,3
BRDA:368,16,0,0
BRDA:368,16,1,3
BRDA:383,17,0,3
BRDA:383,17,1,0
BRDA:383,18,0,2
BRDA:383,18,1,1
BRDA:404,19,0,0
BRDA:404,19,1,3
BRDA:408,20,0,0
BRDA:408,20,1,0
BRDA:411,21,0,0
BRDA:411,21,1,0
BRDA:418,22,0,0
BRDA:418,22,1,7
BRDA:421,23,0,0
BRDA:421,23,1,0
BRDA:458,24,0,0
BRDA:458,24,1,0
BRDA:482,25,0,5
BRDA:482,25,1,2
BRDA:483,26,0,5
BRDA:483,26,1,2
BRDA:498,27,0,5
BRDA:498,27,1,2
BRDA:501,28,0,5
BRDA:501,28,1,2
BRDA:524,29,0,3
BRDA:524,29,1,0
BRDA:544,30,0,0
BRDA:544,30,1,0
BRF:63
BRH:24
end_of_record
TN:
SF:src\components\ui\alert.tsx
FN:22,Alert
FN:37,AlertTitle
FN:50,AlertDescription
FNF:3
FNH:0
FNDA:0,Alert
FNDA:0,AlertTitle
FNDA:0,AlertDescription
DA:1,5
DA:2,5
DA:4,5
DA:6,5
DA:27,0
DA:38,0
DA:54,0
DA:66,5
LF:8
LH:5
BRF:0
BRH:0
end_of_record
TN:
SF:src\components\ui\badge.tsx
FN:28,Badge
FNF:1
FNH:1
FNDA:145,Badge
DA:1,7
DA:2,7
DA:3,7
DA:5,7
DA:7,7
DA:35,145
DA:37,145
DA:46,7
LF:8
LH:8
BRDA:31,0,0,145
BRDA:35,1,0,0
BRDA:35,1,1,145
BRF:3
BRH:2
end_of_record
TN:
SF:src\components\ui\button.tsx
FN:37,Button
FNF:1
FNH:1
FNDA:141,Button
DA:1,9
DA:2,9
DA:3,9
DA:5,9
DA:7,9
DA:47,141
DA:49,141
DA:58,9
LF:8
LH:8
BRDA:41,0,0,141
BRDA:47,1,0,0
BRDA:47,1,1,141
BRF:3
BRH:2
end_of_record
TN:
SF:src\components\ui\card.tsx
FN:5,Card
FN:18,CardHeader
FN:31,CardTitle
FN:41,CardDescription
FN:51,CardAction
FN:64,CardContent
FN:74,CardFooter
FNF:7
FNH:5
FNDA:172,Card
FNDA:160,CardHeader
FNDA:160,CardTitle
FNDA:88,CardDescription
FNDA:0,CardAction
FNDA:157,CardContent
FNDA:0,CardFooter
DA:1,9
DA:3,9
DA:6,172
DA:19,160
DA:32,160
DA:42,88
DA:52,0
DA:65,157
DA:75,0
DA:85,9
DA:86,9
DA:87,9
DA:88,9
DA:89,9
DA:90,9
DA:91,9
LF:16
LH:14
BRF:0
BRH:0
end_of_record
TN:
SF:src\components\ui\checkbox.tsx
FN:9,Checkbox
FNF:1
FNH:0
FNDA:0,Checkbox
DA:3,2
DA:4,2
DA:5,2
DA:7,2
DA:13,0
DA:32,2
LF:6
LH:5
BRF:0
BRH:0
end_of_record
TN:
SF:src\components\ui\collapsible.tsx
FN:5,Collapsible
FN:11,CollapsibleTrigger
FN:22,CollapsibleContent
FNF:3
FNH:3
FNDA:15,Collapsible
FNDA:15,CollapsibleTrigger
FNDA:15,CollapsibleContent
DA:3,5
DA:8,15
DA:14,15
DA:25,15
DA:33,5
LF:5
LH:5
BRF:0
BRH:0
end_of_record
TN:
SF:src\components\ui\dialog.tsx
FN:9,Dialog
FN:15,DialogTrigger
FN:21,DialogPortal
FN:27,DialogClose
FN:33,DialogOverlay
FN:49,DialogContent
FN:75,DialogHeader
FN:85,DialogFooter
FN:98,DialogTitle
FN:111,DialogDescription
FNF:10
FNH:8
FNDA:33,Dialog
FNDA:33,DialogTrigger
FNDA:33,DialogPortal
FNDA:0,DialogClose
FNDA:1,DialogOverlay
FNDA:33,DialogContent
FNDA:1,DialogHeader
FNDA:0,DialogFooter
FNDA:1,DialogTitle
FNDA:1,DialogDescription
DA:3,3
DA:4,3
DA:5,3
DA:7,3
DA:12,33
DA:18,33
DA:24,33
DA:30,0
DA:37,1
DA:54,33
DA:76,1
DA:86,0
DA:102,1
DA:115,1
DA:125,3
DA:126,3
DA:127,3
DA:128,3
DA:129,3
DA:130,3
DA:131,3
DA:132,3
DA:133,3
DA:134,3
LF:24
LH:22
BRF:0
BRH:0
end_of_record
TN:
SF:src\components\ui\input.tsx
FN:5,Input
FNF:1
FNH:1
FNDA:61,Input
DA:1,9
DA:3,9
DA:6,61
DA:21,9
LF:4
LH:4
BRF:0
BRH:0
end_of_record
TN:
SF:src\components\ui\label.tsx
FN:8,Label
FNF:1
FNH:1
FNDA:52,Label
DA:3,8
DA:4,8
DA:6,8
DA:12,52
DA:24,8
LF:5
LH:5
BRF:0
BRH:0
end_of_record
TN:
SF:src\components\ui\select.tsx
FN:13,Select
FN:19,SelectGroup
FN:25,SelectValue
FN:31,SelectTrigger
FN:57,SelectContent
FN:92,SelectLabel
FN:105,SelectItem
FN:129,SelectSeparator
FN:142,SelectScrollUpButton
FN:160,SelectScrollDownButton
FNF:10
FNH:7
FNDA:12,Select
FNDA:0,SelectGroup
FNDA:12,SelectValue
FNDA:12,SelectTrigger
FNDA:12,SelectContent
FNDA:0,SelectLabel
FNDA:56,SelectItem
FNDA:0,SelectSeparator
FNDA:14,SelectScrollUpButton
FNDA:14,SelectScrollDownButton
DA:3,3
DA:4,3
DA:5,3
DA:11,3
DA:16,12
DA:22,0
DA:28,12
DA:39,12
DA:63,12
DA:96,0
DA:110,56
DA:133,0
DA:146,14
DA:164,14
DA:179,3
DA:180,3
DA:181,3
DA:182,3
DA:183,3
DA:184,3
DA:185,3
DA:186,3
DA:187,3
DA:188,3
LF:24
LH:21
BRDA:33,0,0,12
BRDA:60,1,0,12
BRDA:69,2,0,12
BRDA:69,2,1,12
BRDA:80,3,0,12
BRDA:80,3,1,12
BRF:6
BRH:6
end_of_record
TN:
SF:src\components\ui\switch.tsx
FN:8,Switch
FNF:1
FNH:0
FNDA:0,Switch
DA:3,1
DA:4,1
DA:6,1
DA:12,0
DA:31,1
LF:5
LH:4
BRF:0
BRH:0
end_of_record
TN:
SF:src\components\ui\utils.ts
FN:4,cn
FNF:1
FNH:1
FNDA:1293,cn
DA:1,9
DA:2,9
DA:4,9
DA:5,1293
LF:4
LH:4
BRF:0
BRH:0
end_of_record
